cleaned_name
nidoranf
nidoranm
mrmime
hooh
deoxysnormal
wormadamplant
mimejr
porygonz
giratinaaltered
shayminland
basculinredstriped
darmanitanstandard
tornadusincarnate
thundurusincarnate
landorusincarnate
keldeoordinary
meloettaaria
meowsticmale
aegislashshield
pumpkabooaverage
gourgeistaverage
zygarde50
oricoriobaile
lycanrocmidday
wishiwashisolo
typenull
miniorredmeteor
mimikyudisguised
jangmoo
hakamoo
kommoo
tapukoko
tapulele
tapubulu
tapufini
toxtricityamped
mrrime
eiscueice
indeedeemale
morpekofullbelly
urshifusinglestrike
basculegionmale
enamorusincarnate
oinkolognemale
mausholdfamilyoffour
squawkabillygreenplumage
palafinzero
tatsugiricurly
dudunsparcetwosegment
greattusk
screamtail
brutebonnet
fluttermane
slitherwing
sandyshocks
irontreads
ironbundle
ironhands
ironjugulis
ironmoth
ironthorns
wochien
chienpao
tinglu
chiyu
roaringmoon
ironvaliant
walkingwake
ironleaves
gougingfire
ragingbolt
ironboulder
ironcrown
deoxysattack
deoxysdefense
deoxysspeed
wormadamsandy
wormadamtrash
shayminsky
giratinaorigin
rotomheat
rotomwash
rotomfrost
rotomfan
rotommow
castformsunny
castformrainy
castformsnowy
basculinbluestriped
darmanitanzen
meloettapirouette
tornadustherian
thundurustherian
landorustherian
kyuremblack
kyuremwhite
keldeoresolute
meowsticfemale
aegislashblade
pumpkaboosmall
pumpkaboolarge
pumpkaboosuper
gourgeistsmall
gourgeistlarge
gourgeistsuper
venusaurmega
charizardmegax
charizardmegay
blastoisemega
alakazammega
gengarmega
kangaskhanmega
pinsirmega
gyaradosmega
aerodactylmega
mewtwomegax
mewtwomegay
ampharosmega
scizormega
heracrossmega
houndoommega
tyranitarmega
blazikenmega
gardevoirmega
mawilemega
aggronmega
medichammega
manectricmega
banettemega
absolmega
garchompmega
lucariomega
abomasnowmega
floetteeternal
latiasmega
latiosmega
swampertmega
sceptilemega
sableyemega
altariamega
gallademega
audinomega
sharpedomega
slowbromega
steelixmega
pidgeotmega
glaliemega
dianciemega
metagrossmega
kyogreprimal
groudonprimal
rayquazamega
pikachurockstar
pikachubelle
pikachupopstar
pikachuphd
pikachulibre
pikachucosplay
hoopaunbound
cameruptmega
lopunnymega
salamencemega
beedrillmega
rattataalola
raticatealola
raticatetotemalola
pikachuoriginalcap
pikachuhoenncap
pikachusinnohcap
pikachuunovacap
pikachukaloscap
pikachualolacap
raichualola
sandshrewalola
sandslashalola
vulpixalola
ninetalesalola
diglettalola
dugtrioalola
meowthalola
persianalola
geodudealola
graveleralola
golemalola
grimeralola
mukalola
exeggutoralola
marowakalola
greninjabattlebond
greninjaash
zygarde10powerconstruct
zygarde50powerconstruct
zygardecomplete
gumshoostotem
vikavolttotem
oricoriopompom
oricoriopau
oricoriosensu
lycanrocmidnight
wishiwashischool
lurantistotem
salazzletotem
miniororangemeteor
minioryellowmeteor
miniorgreenmeteor
miniorbluemeteor
miniorindigometeor
miniorvioletmeteor
miniorred
miniororange
minioryellow
miniorgreen
miniorblue
miniorindigo
miniorviolet
mimikyubusted
mimikyutotemdisguised
mimikyutotembusted
kommoototem
magearnaoriginal
pikachupartnercap
marowaktotem
ribombeetotem
rockruffowntempo
lycanrocdusk
araquanidtotem
togedemarutotem
necrozmadusk
necrozmadawn
necrozmaultra
pikachustarter
eeveestarter
pikachuworldcap
meowthgalar
ponytagalar
rapidashgalar
slowpokegalar
slowbrogalar
farfetchdgalar
weezinggalar
mrmimegalar
articunogalar
zapdosgalar
moltresgalar
slowkinggalar
corsolagalar
zigzagoongalar
linoonegalar
darumakagalar
darmanitangalarstandard
darmanitangalarzen
yamaskgalar
stunfiskgalar
zygarde10
cramorantgulping
cramorantgorging
toxtricitylowkey
eiscuenoice
indeedeefemale
morpekohangry
zaciancrowned
zamazentacrowned
eternatuseternamax
urshifurapidstrike
zarudedada
calyrexice
calyrexshadow
venusaurgmax
charizardgmax
blastoisegmax
butterfreegmax
pikachugmax
meowthgmax
machampgmax
gengargmax
kinglergmax
laprasgmax
eeveegmax
snorlaxgmax
garbodorgmax
melmetalgmax
rillaboomgmax
cinderacegmax
inteleongmax
corviknightgmax
orbeetlegmax
drednawgmax
coalossalgmax
flapplegmax
appletungmax
sandacondagmax
toxtricityampedgmax
centiskorchgmax
hatterenegmax
grimmsnarlgmax
alcremiegmax
copperajahgmax
duraludongmax
urshifusinglestrikegmax
urshifurapidstrikegmax
toxtricitylowkeygmax
growlithehisui
arcaninehisui
voltorbhisui
electrodehisui
typhlosionhisui
qwilfishhisui
sneaselhisui
samurotthisui
lilliganthisui
zoruahisui
zoroarkhisui
braviaryhisui
sliggoohisui
goodrahisui
avalugghisui
decidueyehisui
dialgaorigin
palkiaorigin
basculinwhitestriped
basculegionfemale
enamorustherian
taurospaldeacombatbreed
taurospaldeablazebreed
taurospaldeaaquabreed
wooperpaldea
oinkolognefemale
dudunsparcethreesegment
palafinhero
mausholdfamilyofthree
tatsugiridroopy
tatsugiristretchy
squawkabillyblueplumage
squawkabillyyellowplumage
squawkabillywhiteplumage
gimmighoulroaming
koraidonlimitedbuild
koraidonsprintingbuild
koraidonswimmingbuild
koraidonglidingbuild
miraidonlowpowermode
miraidondrivemode
miraidonaquaticmode
miraidonglidemode
ursalunabloodmoon
ogerponwellspringmask
ogerponhearthflamemask
ogerponcornerstonemask
terapagosterastal
terapagosstellar
frillishfemale
jellicentfemale
