id,identifier,species_id,height,weight,base_experience,order,is_default
2,ivysaur,2,10,130,142.0,2.0,1.0
3,venusaur,3,20,1000,263.0,3.0,1.0
4,charmander,4,6,85,62.0,5.0,1.0
5,charmeleon,5,11,190,142.0,6.0,1.0
6,charizard,6,17,905,267.0,7.0,1.0
7,squirtle,7,5,90,63.0,10.0,1.0
8,wartortle,8,10,225,142.0,11.0,1.0
9,blastoise,9,16,855,265.0,12.0,1.0
10,caterpie,10,3,29,39.0,14.0,1.0
11,metapod,11,7,99,72.0,15.0,1.0
12,butterfree,12,11,320,198.0,16.0,1.0
13,weedle,13,3,32,39.0,17.0,1.0
14,kakuna,14,6,100,72.0,18.0,1.0
15,beedrill,15,10,295,178.0,19.0,1.0
16,pidgey,16,3,18,50.0,21.0,1.0
17,pidgeotto,17,11,300,122.0,22.0,1.0
18,pidgeot,18,15,395,216.0,23.0,1.0
19,rattata,19,3,35,51.0,25.0,1.0
20,raticate,20,7,185,145.0,27.0,1.0
21,spearow,21,3,20,52.0,30.0,1.0
22,fearow,22,12,380,155.0,31.0,1.0
23,ekans,23,20,69,58.0,32.0,1.0
24,arbok,24,35,650,157.0,33.0,1.0
25,pikachu,25,4,60,112.0,35.0,1.0
26,raichu,26,8,300,243.0,51.0,1.0
27,sandshrew,27,6,120,60.0,53.0,1.0
28,sandslash,28,10,295,158.0,55.0,1.0
29,nidoran-f,29,4,70,55.0,57.0,1.0
30,nidorina,30,8,200,128.0,58.0,1.0
31,nidoqueen,31,13,600,253.0,59.0,1.0
32,nidoran-m,32,5,90,55.0,60.0,1.0
33,nidorino,33,9,195,128.0,61.0,1.0
34,nidoking,34,14,620,253.0,62.0,1.0
35,clefairy,35,6,75,113.0,64.0,1.0
36,clefable,36,13,400,242.0,65.0,1.0
37,vulpix,37,6,99,60.0,66.0,1.0
38,ninetales,38,11,199,177.0,68.0,1.0
39,jigglypuff,39,5,55,95.0,71.0,1.0
40,wigglytuff,40,10,120,218.0,72.0,1.0
41,zubat,41,8,75,49.0,73.0,1.0
42,golbat,42,16,550,159.0,74.0,1.0
43,oddish,43,5,54,64.0,76.0,1.0
44,gloom,44,8,86,138.0,77.0,1.0
45,vileplume,45,12,186,245.0,78.0,1.0
46,paras,46,3,54,57.0,80.0,1.0
47,parasect,47,10,295,142.0,81.0,1.0
48,venonat,48,10,300,61.0,82.0,1.0
49,venomoth,49,15,125,158.0,83.0,1.0
50,diglett,50,2,8,53.0,84.0,1.0
51,dugtrio,51,7,333,149.0,86.0,1.0
52,meowth,52,4,42,58.0,88.0,1.0
53,persian,53,10,320,154.0,91.0,1.0
54,psyduck,54,8,196,64.0,93.0,1.0
55,golduck,55,17,766,175.0,94.0,1.0
56,mankey,56,5,280,61.0,95.0,1.0
57,primeape,57,10,320,159.0,96.0,1.0
58,growlithe,58,7,190,70.0,97.0,1.0
59,arcanine,59,19,1550,194.0,98.0,1.0
60,poliwag,60,6,124,60.0,99.0,1.0
61,poliwhirl,61,10,200,135.0,100.0,1.0
62,poliwrath,62,13,540,255.0,101.0,1.0
63,abra,63,9,195,62.0,103.0,1.0
64,kadabra,64,13,565,140.0,104.0,1.0
65,alakazam,65,15,480,250.0,105.0,1.0
66,machop,66,8,195,61.0,107.0,1.0
67,machoke,67,15,705,142.0,108.0,1.0
68,machamp,68,16,1300,253.0,109.0,1.0
69,bellsprout,69,7,40,60.0,110.0,1.0
70,weepinbell,70,10,64,137.0,111.0,1.0
71,victreebel,71,17,155,221.0,112.0,1.0
72,tentacool,72,9,455,67.0,113.0,1.0
73,tentacruel,73,16,550,180.0,114.0,1.0
74,geodude,74,4,200,60.0,115.0,1.0
75,graveler,75,10,1050,137.0,117.0,1.0
76,golem,76,14,3000,223.0,119.0,1.0
77,ponyta,77,10,300,82.0,121.0,1.0
78,rapidash,78,17,950,175.0,123.0,1.0
79,slowpoke,79,12,360,63.0,125.0,1.0
80,slowbro,80,16,785,172.0,127.0,1.0
81,magnemite,81,3,60,65.0,132.0,1.0
82,magneton,82,10,600,163.0,133.0,1.0
83,farfetchd,83,8,150,132.0,135.0,1.0
84,doduo,84,14,392,62.0,137.0,1.0
85,dodrio,85,18,852,165.0,138.0,1.0
86,seel,86,11,900,65.0,139.0,1.0
87,dewgong,87,17,1200,166.0,140.0,1.0
88,grimer,88,9,300,65.0,141.0,1.0
89,muk,89,12,300,175.0,143.0,1.0
90,shellder,90,3,40,61.0,145.0,1.0
91,cloyster,91,15,1325,184.0,146.0,1.0
92,gastly,92,13,1,62.0,147.0,1.0
93,haunter,93,16,1,142.0,148.0,1.0
94,gengar,94,15,405,250.0,149.0,1.0
95,onix,95,88,2100,77.0,151.0,1.0
96,drowzee,96,10,324,66.0,154.0,1.0
97,hypno,97,16,756,169.0,155.0,1.0
98,krabby,98,4,65,65.0,156.0,1.0
99,kingler,99,13,600,166.0,157.0,1.0
100,voltorb,100,5,104,66.0,158.0,1.0
101,electrode,101,12,666,172.0,159.0,1.0
102,exeggcute,102,4,25,65.0,160.0,1.0
103,exeggutor,103,20,1200,186.0,161.0,1.0
104,cubone,104,4,65,64.0,163.0,1.0
105,marowak,105,10,450,149.0,164.0,1.0
106,hitmonlee,106,15,498,159.0,168.0,1.0
107,hitmonchan,107,14,502,159.0,169.0,1.0
108,lickitung,108,12,655,77.0,171.0,1.0
109,koffing,109,6,10,68.0,173.0,1.0
110,weezing,110,12,95,172.0,174.0,1.0
111,rhyhorn,111,10,1150,69.0,176.0,1.0
112,rhydon,112,19,1200,170.0,177.0,1.0
113,chansey,113,11,346,395.0,180.0,1.0
114,tangela,114,10,350,87.0,182.0,1.0
115,kangaskhan,115,22,800,172.0,184.0,1.0
116,horsea,116,4,80,59.0,186.0,1.0
117,seadra,117,12,250,154.0,187.0,1.0
118,goldeen,118,6,150,64.0,189.0,1.0
119,seaking,119,13,390,158.0,190.0,1.0
120,staryu,120,8,345,68.0,191.0,1.0
121,starmie,121,11,800,182.0,192.0,1.0
122,mr-mime,122,13,545,161.0,194.0,1.0
123,scyther,123,15,560,100.0,196.0,1.0
124,jynx,124,14,406,159.0,200.0,1.0
125,electabuzz,125,11,300,172.0,202.0,1.0
126,magmar,126,13,445,173.0,205.0,1.0
127,pinsir,127,15,550,175.0,207.0,1.0
128,tauros,128,14,884,172.0,209.0,1.0
129,magikarp,129,9,100,40.0,210.0,1.0
130,gyarados,130,65,2350,189.0,211.0,1.0
131,lapras,131,25,2200,187.0,213.0,1.0
132,ditto,132,3,40,101.0,214.0,1.0
133,eevee,133,3,65,65.0,215.0,1.0
134,vaporeon,134,10,290,184.0,217.0,1.0
135,jolteon,135,8,245,184.0,218.0,1.0
136,flareon,136,9,250,184.0,219.0,1.0
137,porygon,137,8,365,79.0,225.0,1.0
138,omanyte,138,4,75,71.0,228.0,1.0
139,omastar,139,10,350,173.0,229.0,1.0
140,kabuto,140,5,115,71.0,230.0,1.0
141,kabutops,141,13,405,173.0,231.0,1.0
142,aerodactyl,142,18,590,180.0,232.0,1.0
143,snorlax,143,21,4600,189.0,235.0,1.0
144,articuno,144,17,554,290.0,236.0,1.0
145,zapdos,145,16,526,290.0,238.0,1.0
146,moltres,146,20,600,290.0,240.0,1.0
147,dratini,147,18,33,60.0,242.0,1.0
148,dragonair,148,40,165,147.0,243.0,1.0
149,dragonite,149,22,2100,300.0,244.0,1.0
150,mewtwo,150,20,1220,340.0,245.0,1.0
151,mew,151,4,40,300.0,248.0,1.0
152,chikorita,152,9,64,64.0,249.0,1.0
153,bayleef,153,12,158,142.0,250.0,1.0
154,meganium,154,18,1005,236.0,251.0,1.0
155,cyndaquil,155,5,79,62.0,252.0,1.0
156,quilava,156,9,190,142.0,253.0,1.0
157,typhlosion,157,17,795,240.0,254.0,1.0
158,totodile,158,6,95,63.0,255.0,1.0
159,croconaw,159,11,250,142.0,256.0,1.0
160,feraligatr,160,23,888,239.0,257.0,1.0
161,sentret,161,8,60,43.0,258.0,1.0
162,furret,162,18,325,145.0,259.0,1.0
163,hoothoot,163,7,212,52.0,260.0,1.0
164,noctowl,164,16,408,158.0,261.0,1.0
165,ledyba,165,10,108,53.0,262.0,1.0
166,ledian,166,14,356,137.0,263.0,1.0
167,spinarak,167,5,85,50.0,264.0,1.0
168,ariados,168,11,335,140.0,265.0,1.0
169,crobat,169,18,750,268.0,75.0,1.0
170,chinchou,170,5,120,66.0,266.0,1.0
171,lanturn,171,12,225,161.0,267.0,1.0
172,pichu,172,3,20,41.0,34.0,1.0
173,cleffa,173,3,30,44.0,63.0,1.0
174,igglybuff,174,3,10,42.0,70.0,1.0
175,togepi,175,3,15,49.0,268.0,1.0
176,togetic,176,6,32,142.0,269.0,1.0
177,natu,177,2,20,64.0,271.0,1.0
178,xatu,178,15,150,165.0,272.0,1.0
179,mareep,179,6,78,56.0,273.0,1.0
180,flaaffy,180,8,133,128.0,274.0,1.0
181,ampharos,181,14,615,230.0,275.0,1.0
182,bellossom,182,4,58,245.0,79.0,1.0
183,marill,183,4,85,88.0,278.0,1.0
184,azumarill,184,8,285,210.0,279.0,1.0
185,sudowoodo,185,12,380,144.0,281.0,1.0
186,politoed,186,11,339,250.0,102.0,1.0
187,hoppip,187,4,5,50.0,282.0,1.0
188,skiploom,188,6,10,119.0,283.0,1.0
189,jumpluff,189,8,30,207.0,284.0,1.0
190,aipom,190,8,115,72.0,285.0,1.0
191,sunkern,191,3,18,36.0,287.0,1.0
192,sunflora,192,8,85,149.0,288.0,1.0
193,yanma,193,12,380,78.0,289.0,1.0
194,wooper,194,4,85,42.0,291.0,1.0
195,quagsire,195,14,750,151.0,292.0,1.0
196,espeon,196,9,265,184.0,220.0,1.0
197,umbreon,197,10,270,184.0,221.0,1.0
198,murkrow,198,5,21,81.0,293.0,1.0
199,slowking,199,20,795,172.0,130.0,1.0
200,misdreavus,200,7,10,87.0,295.0,1.0
201,unown,201,5,50,118.0,297.0,1.0
202,wobbuffet,202,13,285,142.0,299.0,1.0
203,girafarig,203,15,415,159.0,300.0,1.0
204,pineco,204,6,72,58.0,301.0,1.0
205,forretress,205,12,1258,163.0,302.0,1.0
206,dunsparce,206,15,140,145.0,303.0,1.0
207,gligar,207,11,648,86.0,304.0,1.0
208,steelix,208,92,4000,179.0,152.0,1.0
209,snubbull,209,6,78,60.0,306.0,1.0
210,granbull,210,14,487,158.0,307.0,1.0
211,qwilfish,211,5,39,88.0,308.0,1.0
212,scizor,212,18,1180,175.0,197.0,1.0
213,shuckle,213,6,205,177.0,309.0,1.0
214,heracross,214,15,540,175.0,310.0,1.0
215,sneasel,215,9,280,86.0,312.0,1.0
216,teddiursa,216,6,88,66.0,314.0,1.0
217,ursaring,217,18,1258,175.0,315.0,1.0
218,slugma,218,7,350,50.0,316.0,1.0
219,magcargo,219,8,550,151.0,317.0,1.0
220,swinub,220,4,65,50.0,318.0,1.0
221,piloswine,221,11,558,158.0,319.0,1.0
222,corsola,222,6,50,144.0,321.0,1.0
223,remoraid,223,6,120,60.0,323.0,1.0
224,octillery,224,9,285,168.0,324.0,1.0
225,delibird,225,9,160,116.0,325.0,1.0
226,mantine,226,21,2200,170.0,327.0,1.0
227,skarmory,227,17,505,163.0,328.0,1.0
228,houndour,228,6,108,66.0,329.0,1.0
229,houndoom,229,14,350,175.0,330.0,1.0
230,kingdra,230,18,1520,270.0,188.0,1.0
231,phanpy,231,5,335,66.0,332.0,1.0
232,donphan,232,11,1200,175.0,333.0,1.0
233,porygon2,233,6,325,180.0,226.0,1.0
234,stantler,234,14,712,163.0,334.0,1.0
235,smeargle,235,12,580,88.0,335.0,1.0
236,tyrogue,236,7,210,42.0,167.0,1.0
237,hitmontop,237,14,480,159.0,170.0,1.0
238,smoochum,238,4,60,61.0,199.0,1.0
239,elekid,239,6,235,72.0,201.0,1.0
240,magby,240,7,214,73.0,204.0,1.0
241,miltank,241,12,755,172.0,336.0,1.0
242,blissey,242,15,468,635.0,181.0,1.0
243,raikou,243,19,1780,290.0,337.0,1.0
244,entei,244,21,1980,290.0,338.0,1.0
245,suicune,245,20,1870,290.0,339.0,1.0
246,larvitar,246,6,720,60.0,340.0,1.0
247,pupitar,247,12,1520,144.0,341.0,1.0
248,tyranitar,248,20,2020,300.0,342.0,1.0
249,lugia,249,52,2160,340.0,344.0,1.0
250,ho-oh,250,38,1990,340.0,345.0,1.0
251,celebi,251,6,50,300.0,346.0,1.0
252,treecko,252,5,50,62.0,347.0,1.0
253,grovyle,253,9,216,142.0,348.0,1.0
254,sceptile,254,17,522,265.0,349.0,1.0
255,torchic,255,4,25,62.0,351.0,1.0
256,combusken,256,9,195,142.0,352.0,1.0
257,blaziken,257,19,520,265.0,353.0,1.0
258,mudkip,258,4,76,62.0,355.0,1.0
259,marshtomp,259,7,280,142.0,356.0,1.0
260,swampert,260,15,819,268.0,357.0,1.0
261,poochyena,261,5,136,56.0,359.0,1.0
262,mightyena,262,10,370,147.0,360.0,1.0
263,zigzagoon,263,4,175,56.0,361.0,1.0
264,linoone,264,5,325,147.0,363.0,1.0
265,wurmple,265,3,36,56.0,365.0,1.0
266,silcoon,266,6,100,72.0,366.0,1.0
267,beautifly,267,10,284,178.0,367.0,1.0
268,cascoon,268,7,115,72.0,368.0,1.0
269,dustox,269,12,316,173.0,369.0,1.0
270,lotad,270,5,26,44.0,370.0,1.0
271,lombre,271,12,325,119.0,371.0,1.0
272,ludicolo,272,15,550,240.0,372.0,1.0
273,seedot,273,5,40,44.0,373.0,1.0
274,nuzleaf,274,10,280,119.0,374.0,1.0
275,shiftry,275,13,596,240.0,375.0,1.0
276,taillow,276,3,23,54.0,376.0,1.0
277,swellow,277,7,198,159.0,377.0,1.0
278,wingull,278,6,95,54.0,378.0,1.0
279,pelipper,279,12,280,154.0,379.0,1.0
280,ralts,280,4,66,40.0,380.0,1.0
281,kirlia,281,8,202,97.0,381.0,1.0
282,gardevoir,282,16,484,259.0,382.0,1.0
283,surskit,283,5,17,54.0,386.0,1.0
284,masquerain,284,8,36,159.0,387.0,1.0
285,shroomish,285,4,45,59.0,388.0,1.0
286,breloom,286,12,392,161.0,389.0,1.0
287,slakoth,287,8,240,56.0,390.0,1.0
288,vigoroth,288,14,465,154.0,391.0,1.0
289,slaking,289,20,1305,252.0,392.0,1.0
290,nincada,290,5,55,53.0,393.0,1.0
291,ninjask,291,8,120,160.0,394.0,1.0
292,shedinja,292,8,12,83.0,395.0,1.0
293,whismur,293,6,163,48.0,396.0,1.0
294,loudred,294,10,405,126.0,397.0,1.0
295,exploud,295,15,840,245.0,398.0,1.0
296,makuhita,296,10,864,47.0,399.0,1.0
297,hariyama,297,23,2538,166.0,400.0,1.0
298,azurill,298,2,20,38.0,277.0,1.0
299,nosepass,299,10,970,75.0,401.0,1.0
300,skitty,300,6,110,52.0,403.0,1.0
301,delcatty,301,11,326,140.0,404.0,1.0
302,sableye,302,5,110,133.0,405.0,1.0
303,mawile,303,6,115,133.0,407.0,1.0
304,aron,304,4,600,66.0,409.0,1.0
305,lairon,305,9,1200,151.0,410.0,1.0
306,aggron,306,21,3600,265.0,411.0,1.0
307,meditite,307,6,112,56.0,413.0,1.0
308,medicham,308,13,315,144.0,414.0,1.0
309,electrike,309,6,152,59.0,416.0,1.0
310,manectric,310,15,402,166.0,417.0,1.0
311,plusle,311,4,42,142.0,419.0,1.0
312,minun,312,4,42,142.0,420.0,1.0
313,volbeat,313,7,177,151.0,421.0,1.0
314,illumise,314,6,177,151.0,422.0,1.0
315,roselia,315,3,20,140.0,424.0,1.0
316,gulpin,316,4,103,60.0,426.0,1.0
317,swalot,317,17,800,163.0,427.0,1.0
318,carvanha,318,8,208,61.0,428.0,1.0
319,sharpedo,319,18,888,161.0,429.0,1.0
320,wailmer,320,20,1300,80.0,431.0,1.0
321,wailord,321,145,3980,175.0,432.0,1.0
322,numel,322,7,240,61.0,433.0,1.0
323,camerupt,323,19,2200,161.0,434.0,1.0
324,torkoal,324,5,804,165.0,436.0,1.0
325,spoink,325,7,306,66.0,437.0,1.0
326,grumpig,326,9,715,165.0,438.0,1.0
327,spinda,327,11,50,126.0,439.0,1.0
328,trapinch,328,7,150,58.0,440.0,1.0
329,vibrava,329,11,153,119.0,441.0,1.0
330,flygon,330,20,820,260.0,442.0,1.0
331,cacnea,331,4,513,67.0,443.0,1.0
332,cacturne,332,13,774,166.0,444.0,1.0
333,swablu,333,4,12,62.0,445.0,1.0
334,altaria,334,11,206,172.0,446.0,1.0
335,zangoose,335,13,403,160.0,448.0,1.0
336,seviper,336,27,525,160.0,449.0,1.0
337,lunatone,337,10,1680,161.0,450.0,1.0
338,solrock,338,12,1540,161.0,451.0,1.0
339,barboach,339,4,19,58.0,452.0,1.0
340,whiscash,340,9,236,164.0,453.0,1.0
341,corphish,341,6,115,62.0,454.0,1.0
342,crawdaunt,342,11,328,164.0,455.0,1.0
343,baltoy,343,5,215,60.0,456.0,1.0
344,claydol,344,15,1080,175.0,457.0,1.0
345,lileep,345,10,238,71.0,458.0,1.0
346,cradily,346,15,604,173.0,459.0,1.0
347,anorith,347,7,125,71.0,460.0,1.0
348,armaldo,348,15,682,173.0,461.0,1.0
349,feebas,349,6,74,40.0,462.0,1.0
350,milotic,350,62,1620,189.0,463.0,1.0
351,castform,351,3,8,147.0,464.0,1.0
352,kecleon,352,10,220,154.0,468.0,1.0
353,shuppet,353,6,23,59.0,469.0,1.0
354,banette,354,11,125,159.0,470.0,1.0
355,duskull,355,8,150,59.0,472.0,1.0
356,dusclops,356,16,306,159.0,473.0,1.0
357,tropius,357,20,1000,161.0,475.0,1.0
358,chimecho,358,6,10,159.0,477.0,1.0
359,absol,359,12,470,163.0,478.0,1.0
360,wynaut,360,6,140,52.0,298.0,1.0
361,snorunt,361,7,168,60.0,480.0,1.0
362,glalie,362,15,2565,168.0,481.0,1.0
363,spheal,363,8,395,58.0,484.0,1.0
364,sealeo,364,11,876,144.0,485.0,1.0
365,walrein,365,14,1506,265.0,486.0,1.0
366,clamperl,366,4,525,69.0,487.0,1.0
367,huntail,367,17,270,170.0,488.0,1.0
368,gorebyss,368,18,226,170.0,489.0,1.0
369,relicanth,369,10,234,170.0,490.0,1.0
370,luvdisc,370,6,87,116.0,491.0,1.0
371,bagon,371,6,421,60.0,492.0,1.0
372,shelgon,372,11,1105,147.0,493.0,1.0
373,salamence,373,15,1026,300.0,494.0,1.0
374,beldum,374,6,952,60.0,496.0,1.0
375,metang,375,12,2025,147.0,497.0,1.0
376,metagross,376,16,5500,300.0,498.0,1.0
377,regirock,377,17,2300,290.0,500.0,1.0
378,regice,378,18,1750,290.0,501.0,1.0
379,registeel,379,19,2050,290.0,502.0,1.0
380,latias,380,14,400,300.0,503.0,1.0
381,latios,381,20,600,300.0,505.0,1.0
382,kyogre,382,45,3520,335.0,507.0,1.0
383,groudon,383,35,9500,335.0,509.0,1.0
384,rayquaza,384,70,2065,340.0,511.0,1.0
385,jirachi,385,3,11,300.0,513.0,1.0
386,deoxys-normal,386,17,608,270.0,514.0,1.0
387,turtwig,387,4,102,64.0,518.0,1.0
388,grotle,388,11,970,142.0,519.0,1.0
389,torterra,389,22,3100,236.0,520.0,1.0
390,chimchar,390,5,62,62.0,521.0,1.0
391,monferno,391,9,220,142.0,522.0,1.0
392,infernape,392,12,550,240.0,523.0,1.0
393,piplup,393,4,52,63.0,524.0,1.0
394,prinplup,394,8,230,142.0,525.0,1.0
395,empoleon,395,17,845,239.0,526.0,1.0
396,starly,396,3,20,49.0,527.0,1.0
397,staravia,397,6,155,119.0,528.0,1.0
398,staraptor,398,12,249,218.0,529.0,1.0
399,bidoof,399,5,200,50.0,530.0,1.0
400,bibarel,400,10,315,144.0,531.0,1.0
401,kricketot,401,3,22,39.0,532.0,1.0
402,kricketune,402,10,255,134.0,533.0,1.0
403,shinx,403,5,95,53.0,534.0,1.0
404,luxio,404,9,305,127.0,535.0,1.0
405,luxray,405,14,420,262.0,536.0,1.0
406,budew,406,2,12,56.0,423.0,1.0
407,roserade,407,9,145,258.0,425.0,1.0
408,cranidos,408,9,315,70.0,537.0,1.0
409,rampardos,409,16,1025,173.0,538.0,1.0
410,shieldon,410,5,570,70.0,539.0,1.0
411,bastiodon,411,13,1495,173.0,540.0,1.0
412,burmy,412,2,34,45.0,541.0,1.0
413,wormadam-plant,413,5,65,148.0,542.0,1.0
414,mothim,414,9,233,148.0,545.0,1.0
415,combee,415,3,55,49.0,546.0,1.0
416,vespiquen,416,12,385,166.0,547.0,1.0
417,pachirisu,417,4,39,142.0,548.0,1.0
418,buizel,418,7,295,66.0,549.0,1.0
419,floatzel,419,11,335,173.0,550.0,1.0
420,cherubi,420,4,33,55.0,551.0,1.0
421,cherrim,421,5,93,158.0,552.0,1.0
422,shellos,422,3,63,65.0,553.0,1.0
423,gastrodon,423,9,299,166.0,554.0,1.0
424,ambipom,424,12,203,169.0,286.0,1.0
425,drifloon,425,4,12,70.0,555.0,1.0
426,drifblim,426,12,150,174.0,556.0,1.0
427,buneary,427,4,55,70.0,557.0,1.0
428,lopunny,428,12,333,168.0,558.0,1.0
429,mismagius,429,9,44,173.0,296.0,1.0
430,honchkrow,430,9,273,177.0,294.0,1.0
431,glameow,431,5,39,62.0,560.0,1.0
432,purugly,432,10,438,158.0,561.0,1.0
433,chingling,433,2,6,57.0,476.0,1.0
434,stunky,434,4,192,66.0,562.0,1.0
435,skuntank,435,10,380,168.0,563.0,1.0
436,bronzor,436,5,605,60.0,564.0,1.0
437,bronzong,437,13,1870,175.0,565.0,1.0
438,bonsly,438,5,150,58.0,280.0,1.0
439,mime-jr,439,6,130,62.0,193.0,1.0
440,happiny,440,6,244,110.0,179.0,1.0
441,chatot,441,5,19,144.0,566.0,1.0
442,spiritomb,442,10,1080,170.0,567.0,1.0
443,gible,443,7,205,60.0,568.0,1.0
444,gabite,444,14,560,144.0,569.0,1.0
445,garchomp,445,19,950,300.0,570.0,1.0
446,munchlax,446,6,1050,78.0,234.0,1.0
447,riolu,447,7,202,57.0,572.0,1.0
448,lucario,448,12,540,184.0,573.0,1.0
449,hippopotas,449,8,495,66.0,575.0,1.0
450,hippowdon,450,20,3000,184.0,576.0,1.0
451,skorupi,451,8,120,66.0,577.0,1.0
452,drapion,452,13,615,175.0,578.0,1.0
453,croagunk,453,7,230,60.0,579.0,1.0
454,toxicroak,454,13,444,172.0,580.0,1.0
455,carnivine,455,14,270,159.0,581.0,1.0
456,finneon,456,4,70,66.0,582.0,1.0
457,lumineon,457,12,240,161.0,583.0,1.0
458,mantyke,458,10,650,69.0,326.0,1.0
459,snover,459,10,505,67.0,584.0,1.0
460,abomasnow,460,22,1355,173.0,585.0,1.0
461,weavile,461,11,340,179.0,313.0,1.0
462,magnezone,462,12,1800,268.0,134.0,1.0
463,lickilicky,463,17,1400,180.0,172.0,1.0
464,rhyperior,464,24,2828,268.0,178.0,1.0
465,tangrowth,465,20,1286,187.0,183.0,1.0
466,electivire,466,18,1386,270.0,203.0,1.0
467,magmortar,467,16,680,270.0,206.0,1.0
468,togekiss,468,15,380,273.0,270.0,1.0
469,yanmega,469,19,515,180.0,290.0,1.0
470,leafeon,470,10,255,184.0,222.0,1.0
471,glaceon,471,8,259,184.0,223.0,1.0
472,gliscor,472,20,425,179.0,305.0,1.0
473,mamoswine,473,25,2910,265.0,320.0,1.0
474,porygon-z,474,9,340,268.0,227.0,1.0
475,gallade,475,16,520,259.0,384.0,1.0
476,probopass,476,14,3400,184.0,402.0,1.0
477,dusknoir,477,22,1066,263.0,474.0,1.0
478,froslass,478,13,266,168.0,483.0,1.0
479,rotom,479,3,3,154.0,587.0,1.0
480,uxie,480,3,3,290.0,593.0,1.0
481,mesprit,481,3,3,290.0,594.0,1.0
482,azelf,482,3,3,290.0,595.0,1.0
483,dialga,483,54,6830,340.0,596.0,1.0
484,palkia,484,42,3360,340.0,597.0,1.0
485,heatran,485,17,4300,300.0,598.0,1.0
486,regigigas,486,37,4200,335.0,599.0,1.0
487,giratina-altered,487,45,7500,340.0,600.0,1.0
488,cresselia,488,15,856,300.0,602.0,1.0
489,phione,489,4,31,216.0,603.0,1.0
490,manaphy,490,3,14,270.0,604.0,1.0
491,darkrai,491,15,505,270.0,605.0,1.0
492,shaymin-land,492,2,21,270.0,606.0,1.0
493,arceus,493,32,3200,324.0,608.0,1.0
494,victini,494,4,40,300.0,609.0,1.0
495,snivy,495,6,81,62.0,610.0,1.0
496,servine,496,8,160,145.0,611.0,1.0
497,serperior,497,33,630,238.0,612.0,1.0
498,tepig,498,5,99,62.0,613.0,1.0
499,pignite,499,10,555,146.0,614.0,1.0
500,emboar,500,16,1500,238.0,615.0,1.0
501,oshawott,501,5,59,62.0,616.0,1.0
502,dewott,502,8,245,145.0,617.0,1.0
503,samurott,503,15,946,238.0,618.0,1.0
504,patrat,504,5,116,51.0,619.0,1.0
505,watchog,505,11,270,147.0,620.0,1.0
506,lillipup,506,4,41,55.0,621.0,1.0
507,herdier,507,9,147,130.0,622.0,1.0
508,stoutland,508,12,610,250.0,623.0,1.0
509,purrloin,509,4,101,56.0,624.0,1.0
510,liepard,510,11,375,156.0,625.0,1.0
511,pansage,511,6,105,63.0,626.0,1.0
512,simisage,512,11,305,174.0,627.0,1.0
513,pansear,513,6,110,63.0,628.0,1.0
514,simisear,514,10,280,174.0,629.0,1.0
515,panpour,515,6,135,63.0,630.0,1.0
516,simipour,516,10,290,174.0,631.0,1.0
517,munna,517,6,233,58.0,632.0,1.0
518,musharna,518,11,605,170.0,633.0,1.0
519,pidove,519,3,21,53.0,634.0,1.0
520,tranquill,520,6,150,125.0,635.0,1.0
521,unfezant,521,12,290,244.0,636.0,1.0
522,blitzle,522,8,298,59.0,637.0,1.0
523,zebstrika,523,16,795,174.0,638.0,1.0
524,roggenrola,524,4,180,56.0,639.0,1.0
525,boldore,525,9,1020,137.0,640.0,1.0
526,gigalith,526,17,2600,258.0,641.0,1.0
527,woobat,527,4,21,65.0,642.0,1.0
528,swoobat,528,9,105,149.0,643.0,1.0
529,drilbur,529,3,85,66.0,644.0,1.0
530,excadrill,530,7,404,178.0,645.0,1.0
531,audino,531,11,310,390.0,646.0,1.0
532,timburr,532,6,125,61.0,648.0,1.0
533,gurdurr,533,12,400,142.0,649.0,1.0
534,conkeldurr,534,14,870,253.0,650.0,1.0
535,tympole,535,5,45,59.0,651.0,1.0
536,palpitoad,536,8,170,134.0,652.0,1.0
537,seismitoad,537,15,620,255.0,653.0,1.0
538,throh,538,13,555,163.0,654.0,1.0
539,sawk,539,14,510,163.0,655.0,1.0
540,sewaddle,540,3,25,62.0,656.0,1.0
541,swadloon,541,5,73,133.0,657.0,1.0
542,leavanny,542,12,205,225.0,658.0,1.0
543,venipede,543,4,53,52.0,659.0,1.0
544,whirlipede,544,12,585,126.0,660.0,1.0
545,scolipede,545,25,2005,243.0,661.0,1.0
546,cottonee,546,3,6,56.0,662.0,1.0
547,whimsicott,547,7,66,168.0,663.0,1.0
548,petilil,548,5,66,56.0,664.0,1.0
549,lilligant,549,11,163,168.0,665.0,1.0
550,basculin-red-striped,550,10,180,161.0,666.0,1.0
551,sandile,551,7,152,58.0,668.0,1.0
552,krokorok,552,10,334,123.0,669.0,1.0
553,krookodile,553,15,963,260.0,670.0,1.0
554,darumaka,554,6,375,63.0,671.0,1.0
555,darmanitan-standard,555,13,929,168.0,673.0,1.0
556,maractus,556,10,280,161.0,677.0,1.0
557,dwebble,557,3,145,65.0,678.0,1.0
558,crustle,558,14,2000,170.0,679.0,1.0
559,scraggy,559,6,118,70.0,680.0,1.0
560,scrafty,560,11,300,171.0,681.0,1.0
561,sigilyph,561,14,140,172.0,682.0,1.0
562,yamask,562,5,15,61.0,683.0,1.0
563,cofagrigus,563,17,765,169.0,685.0,1.0
564,tirtouga,564,7,165,71.0,686.0,1.0
565,carracosta,565,12,810,173.0,687.0,1.0
566,archen,566,5,95,71.0,688.0,1.0
567,archeops,567,14,320,177.0,689.0,1.0
568,trubbish,568,6,310,66.0,690.0,1.0
569,garbodor,569,19,1073,166.0,691.0,1.0
570,zorua,570,7,125,66.0,692.0,1.0
571,zoroark,571,16,811,179.0,693.0,1.0
572,minccino,572,4,58,60.0,694.0,1.0
573,cinccino,573,5,75,165.0,695.0,1.0
574,gothita,574,4,58,58.0,696.0,1.0
575,gothorita,575,7,180,137.0,697.0,1.0
576,gothitelle,576,15,440,245.0,698.0,1.0
577,solosis,577,3,10,58.0,699.0,1.0
578,duosion,578,6,80,130.0,700.0,1.0
579,reuniclus,579,10,201,245.0,701.0,1.0
580,ducklett,580,5,55,61.0,702.0,1.0
581,swanna,581,13,242,166.0,703.0,1.0
582,vanillite,582,4,57,61.0,704.0,1.0
583,vanillish,583,11,410,138.0,705.0,1.0
584,vanilluxe,584,13,575,268.0,706.0,1.0
585,deerling,585,6,195,67.0,707.0,1.0
586,sawsbuck,586,19,925,166.0,708.0,1.0
587,emolga,587,4,50,150.0,709.0,1.0
588,karrablast,588,5,59,63.0,710.0,1.0
589,escavalier,589,10,330,173.0,711.0,1.0
590,foongus,590,2,10,59.0,712.0,1.0
591,amoonguss,591,6,105,162.0,713.0,1.0
592,frillish,592,12,330,67.0,714.0,1.0
593,jellicent,593,22,1350,168.0,715.0,1.0
594,alomomola,594,12,316,165.0,716.0,1.0
595,joltik,595,1,6,64.0,717.0,1.0
596,galvantula,596,8,143,165.0,718.0,1.0
597,ferroseed,597,6,188,61.0,719.0,1.0
598,ferrothorn,598,10,1100,171.0,720.0,1.0
599,klink,599,3,210,60.0,721.0,1.0
600,klang,600,6,510,154.0,722.0,1.0
601,klinklang,601,6,810,260.0,723.0,1.0
602,tynamo,602,2,3,55.0,724.0,1.0
603,eelektrik,603,12,220,142.0,725.0,1.0
604,eelektross,604,21,805,232.0,726.0,1.0
605,elgyem,605,5,90,67.0,727.0,1.0
606,beheeyem,606,10,345,170.0,728.0,1.0
607,litwick,607,3,31,55.0,729.0,1.0
608,lampent,608,6,130,130.0,730.0,1.0
609,chandelure,609,10,343,260.0,731.0,1.0
610,axew,610,6,180,64.0,732.0,1.0
611,fraxure,611,10,360,144.0,733.0,1.0
612,haxorus,612,18,1055,270.0,734.0,1.0
613,cubchoo,613,5,85,61.0,735.0,1.0
614,beartic,614,26,2600,177.0,736.0,1.0
615,cryogonal,615,11,1480,180.0,737.0,1.0
616,shelmet,616,4,77,61.0,738.0,1.0
617,accelgor,617,8,253,173.0,739.0,1.0
618,stunfisk,618,7,110,165.0,740.0,1.0
619,mienfoo,619,9,200,70.0,742.0,1.0
620,mienshao,620,14,355,179.0,743.0,1.0
621,druddigon,621,16,1390,170.0,744.0,1.0
622,golett,622,10,920,61.0,745.0,1.0
623,golurk,623,28,3300,169.0,746.0,1.0
624,pawniard,624,5,102,68.0,747.0,1.0
625,bisharp,625,16,700,172.0,748.0,1.0
626,bouffalant,626,16,946,172.0,749.0,1.0
627,rufflet,627,5,105,70.0,750.0,1.0
628,braviary,628,15,410,179.0,751.0,1.0
629,vullaby,629,5,90,74.0,752.0,1.0
630,mandibuzz,630,12,395,179.0,753.0,1.0
631,heatmor,631,14,580,169.0,754.0,1.0
632,durant,632,3,330,169.0,755.0,1.0
633,deino,633,8,173,60.0,756.0,1.0
634,zweilous,634,14,500,147.0,757.0,1.0
635,hydreigon,635,18,1600,300.0,758.0,1.0
636,larvesta,636,11,288,72.0,759.0,1.0
637,volcarona,637,16,460,275.0,760.0,1.0
638,cobalion,638,21,2500,290.0,761.0,1.0
639,terrakion,639,19,2600,290.0,762.0,1.0
640,virizion,640,20,2000,290.0,763.0,1.0
641,tornadus-incarnate,641,15,630,290.0,764.0,1.0
642,thundurus-incarnate,642,15,610,290.0,766.0,1.0
643,reshiram,643,32,3300,340.0,768.0,1.0
644,zekrom,644,29,3450,340.0,769.0,1.0
645,landorus-incarnate,645,15,680,300.0,770.0,1.0
646,kyurem,646,30,3250,330.0,772.0,1.0
647,keldeo-ordinary,647,14,485,290.0,775.0,1.0
648,meloetta-aria,648,6,65,270.0,777.0,1.0
649,genesect,649,15,825,300.0,779.0,1.0
650,chespin,650,4,90,63.0,780.0,1.0
651,quilladin,651,7,290,142.0,781.0,1.0
652,chesnaught,652,16,900,239.0,782.0,1.0
653,fennekin,653,4,94,61.0,783.0,1.0
654,braixen,654,10,145,143.0,784.0,1.0
655,delphox,655,15,390,240.0,785.0,1.0
656,froakie,656,3,70,63.0,786.0,1.0
657,frogadier,657,6,109,142.0,787.0,1.0
658,greninja,658,15,400,239.0,788.0,1.0
659,bunnelby,659,4,50,47.0,791.0,1.0
660,diggersby,660,10,424,148.0,792.0,1.0
661,fletchling,661,3,17,56.0,793.0,1.0
662,fletchinder,662,7,160,134.0,794.0,1.0
663,talonflame,663,12,245,175.0,795.0,1.0
664,scatterbug,664,3,25,40.0,796.0,1.0
665,spewpa,665,3,84,75.0,797.0,1.0
666,vivillon,666,12,170,185.0,798.0,1.0
667,litleo,667,6,135,74.0,799.0,1.0
668,pyroar,668,15,815,177.0,800.0,1.0
669,flabebe,669,1,1,61.0,801.0,1.0
670,floette,670,2,9,130.0,802.0,1.0
671,florges,671,11,100,248.0,804.0,1.0
672,skiddo,672,9,310,70.0,805.0,1.0
673,gogoat,673,17,910,186.0,806.0,1.0
674,pancham,674,6,80,70.0,807.0,1.0
675,pangoro,675,21,1360,173.0,808.0,1.0
676,furfrou,676,12,280,165.0,809.0,1.0
677,espurr,677,3,35,71.0,810.0,1.0
678,meowstic-male,678,6,85,163.0,811.0,1.0
679,honedge,679,8,20,65.0,813.0,1.0
680,doublade,680,8,45,157.0,814.0,1.0
681,aegislash-shield,681,17,530,250.0,815.0,1.0
682,spritzee,682,2,5,68.0,817.0,1.0
683,aromatisse,683,8,155,162.0,818.0,1.0
684,swirlix,684,4,35,68.0,819.0,1.0
685,slurpuff,685,8,50,168.0,820.0,1.0
686,inkay,686,4,35,58.0,821.0,1.0
687,malamar,687,15,470,169.0,822.0,1.0
688,binacle,688,5,310,61.0,823.0,1.0
689,barbaracle,689,13,960,175.0,824.0,1.0
690,skrelp,690,5,73,64.0,825.0,1.0
691,dragalge,691,18,815,173.0,826.0,1.0
692,clauncher,692,5,83,66.0,827.0,1.0
693,clawitzer,693,13,353,100.0,828.0,1.0
694,helioptile,694,5,60,58.0,829.0,1.0
695,heliolisk,695,10,210,168.0,830.0,1.0
696,tyrunt,696,8,260,72.0,831.0,1.0
697,tyrantrum,697,25,2700,182.0,832.0,1.0
698,amaura,698,13,252,72.0,833.0,1.0
699,aurorus,699,27,2250,104.0,834.0,1.0
700,sylveon,700,10,235,184.0,224.0,1.0
701,hawlucha,701,8,215,175.0,835.0,1.0
702,dedenne,702,2,22,151.0,836.0,1.0
703,carbink,703,3,57,100.0,837.0,1.0
704,goomy,704,3,28,60.0,838.0,1.0
705,sliggoo,705,8,175,158.0,839.0,1.0
706,goodra,706,20,1505,300.0,840.0,1.0
707,klefki,707,2,30,165.0,841.0,1.0
708,phantump,708,4,70,62.0,842.0,1.0
709,trevenant,709,15,710,166.0,843.0,1.0
710,pumpkaboo-average,710,4,50,67.0,844.0,1.0
711,gourgeist-average,711,9,125,173.0,848.0,1.0
712,bergmite,712,10,995,61.0,852.0,1.0
713,avalugg,713,20,5050,180.0,853.0,1.0
714,noibat,714,5,80,49.0,854.0,1.0
715,noivern,715,15,850,187.0,855.0,1.0
716,xerneas,716,30,2150,340.0,856.0,1.0
717,yveltal,717,58,2030,340.0,857.0,1.0
718,zygarde-50,718,50,3050,300.0,858.0,1.0
719,diancie,719,7,88,300.0,863.0,1.0
720,hoopa,720,5,90,270.0,865.0,1.0
721,volcanion,721,17,1950,300.0,867.0,1.0
722,rowlet,722,3,15,64.0,868.0,1.0
723,dartrix,723,7,160,147.0,869.0,1.0
724,decidueye,724,16,366,265.0,870.0,1.0
725,litten,725,4,43,64.0,871.0,1.0
726,torracat,726,7,250,147.0,872.0,1.0
727,incineroar,727,18,830,265.0,873.0,1.0
728,popplio,728,4,75,64.0,874.0,1.0
729,brionne,729,6,175,147.0,875.0,1.0
730,primarina,730,18,440,265.0,876.0,1.0
731,pikipek,731,3,12,53.0,877.0,1.0
732,trumbeak,732,6,148,124.0,878.0,1.0
733,toucannon,733,11,260,218.0,879.0,1.0
734,yungoos,734,4,60,51.0,880.0,1.0
735,gumshoos,735,7,142,146.0,881.0,1.0
736,grubbin,736,4,44,60.0,883.0,1.0
737,charjabug,737,5,105,140.0,884.0,1.0
738,vikavolt,738,15,450,250.0,885.0,1.0
739,crabrawler,739,6,70,68.0,887.0,1.0
740,crabominable,740,17,1800,167.0,888.0,1.0
741,oricorio-baile,741,6,34,167.0,889.0,1.0
742,cutiefly,742,1,2,61.0,893.0,1.0
743,ribombee,743,2,5,162.0,894.0,1.0
744,rockruff,744,5,92,56.0,896.0,1.0
745,lycanroc-midday,745,8,250,170.0,898.0,1.0
746,wishiwashi-solo,746,2,3,61.0,901.0,1.0
747,mareanie,747,4,80,61.0,903.0,1.0
748,toxapex,748,7,145,173.0,904.0,1.0
749,mudbray,749,10,1100,77.0,905.0,1.0
750,mudsdale,750,25,9200,175.0,906.0,1.0
751,dewpider,751,3,40,54.0,907.0,1.0
752,araquanid,752,18,820,159.0,908.0,1.0
753,fomantis,753,3,15,50.0,910.0,1.0
754,lurantis,754,9,185,168.0,911.0,1.0
755,morelull,755,2,15,57.0,913.0,1.0
756,shiinotic,756,10,115,142.0,914.0,1.0
757,salandit,757,6,48,64.0,915.0,1.0
758,salazzle,758,12,222,168.0,916.0,1.0
759,stufful,759,5,68,68.0,918.0,1.0
760,bewear,760,21,1350,175.0,919.0,1.0
761,bounsweet,761,3,32,42.0,920.0,1.0
762,steenee,762,7,82,102.0,921.0,1.0
763,tsareena,763,12,214,255.0,922.0,1.0
764,comfey,764,1,3,170.0,923.0,1.0
765,oranguru,765,15,760,172.0,924.0,1.0
766,passimian,766,20,828,172.0,925.0,1.0
767,wimpod,767,5,120,46.0,926.0,1.0
768,golisopod,768,20,1080,186.0,927.0,1.0
769,sandygast,769,5,700,64.0,928.0,1.0
770,palossand,770,13,2500,168.0,929.0,1.0
771,pyukumuku,771,3,12,144.0,930.0,1.0
772,type-null,772,19,1205,107.0,931.0,1.0
773,silvally,773,23,1005,285.0,932.0,1.0
774,minior-red-meteor,774,3,400,154.0,933.0,1.0
775,komala,775,4,199,168.0,947.0,1.0
776,turtonator,776,20,2120,170.0,948.0,1.0
777,togedemaru,777,3,33,152.0,949.0,1.0
778,mimikyu-disguised,778,2,7,167.0,951.0,1.0
779,bruxish,779,9,190,166.0,955.0,1.0
780,drampa,780,30,1850,170.0,956.0,1.0
781,dhelmise,781,39,2100,181.0,957.0,1.0
782,jangmo-o,782,6,297,60.0,958.0,1.0
783,hakamo-o,783,12,470,147.0,959.0,1.0
784,kommo-o,784,16,782,300.0,960.0,1.0
785,tapu-koko,785,18,205,285.0,962.0,1.0
786,tapu-lele,786,12,186,285.0,963.0,1.0
787,tapu-bulu,787,19,455,285.0,964.0,1.0
788,tapu-fini,788,13,212,285.0,965.0,1.0
789,cosmog,789,2,1,40.0,966.0,1.0
790,cosmoem,790,1,9999,140.0,967.0,1.0
791,solgaleo,791,34,2300,340.0,968.0,1.0
792,lunala,792,40,1200,340.0,969.0,1.0
793,nihilego,793,12,555,285.0,970.0,1.0
794,buzzwole,794,24,3336,285.0,971.0,1.0
795,pheromosa,795,18,250,285.0,972.0,1.0
796,xurkitree,796,38,1000,285.0,973.0,1.0
797,celesteela,797,92,9999,285.0,974.0,1.0
798,kartana,798,3,1,285.0,975.0,1.0
799,guzzlord,799,55,8880,285.0,976.0,1.0
800,necrozma,800,24,2300,300.0,977.0,1.0
801,magearna,801,10,805,300.0,981.0,1.0
802,marshadow,802,7,222,300.0,983.0,1.0
803,poipole,803,6,18,210.0,984.0,1.0
804,naganadel,804,36,1500,270.0,985.0,1.0
805,stakataka,805,55,8200,285.0,986.0,1.0
806,blacephalon,806,18,130,285.0,987.0,1.0
807,zeraora,807,15,445,300.0,988.0,1.0
808,meltan,808,2,80,150.0,989.0,1.0
809,melmetal,809,25,8000,300.0,990.0,1.0
810,grookey,810,3,50,62.0,991.0,1.0
811,thwackey,811,7,140,147.0,992.0,1.0
812,rillaboom,812,21,900,265.0,993.0,1.0
813,scorbunny,813,3,45,62.0,994.0,1.0
814,raboot,814,6,90,147.0,995.0,1.0
815,cinderace,815,14,330,265.0,996.0,1.0
816,sobble,816,3,40,62.0,997.0,1.0
817,drizzile,817,7,115,147.0,998.0,1.0
818,inteleon,818,19,452,265.0,999.0,1.0
819,skwovet,819,3,25,55.0,1000.0,1.0
820,greedent,820,6,60,161.0,1001.0,1.0
821,rookidee,821,2,18,49.0,1002.0,1.0
822,corvisquire,822,8,160,128.0,1003.0,1.0
823,corviknight,823,22,750,248.0,1004.0,1.0
824,blipbug,824,4,80,36.0,1005.0,1.0
825,dottler,825,4,195,117.0,1006.0,1.0
826,orbeetle,826,4,408,253.0,1007.0,1.0
827,nickit,827,6,89,49.0,1008.0,1.0
828,thievul,828,12,199,159.0,1009.0,1.0
829,gossifleur,829,4,22,50.0,1010.0,1.0
830,eldegoss,830,5,25,161.0,1011.0,1.0
831,wooloo,831,6,60,122.0,1012.0,1.0
832,dubwool,832,13,430,172.0,1013.0,1.0
833,chewtle,833,3,85,57.0,1014.0,1.0
834,drednaw,834,10,1155,170.0,1015.0,1.0
835,yamper,835,3,135,54.0,1016.0,1.0
836,boltund,836,10,340,172.0,1017.0,1.0
837,rolycoly,837,3,120,48.0,1018.0,1.0
838,carkol,838,11,780,144.0,1019.0,1.0
839,coalossal,839,28,3105,255.0,1020.0,1.0
840,applin,840,2,5,52.0,1021.0,1.0
841,flapple,841,3,10,170.0,1022.0,1.0
842,appletun,842,4,130,170.0,1023.0,1.0
843,silicobra,843,22,76,63.0,1024.0,1.0
844,sandaconda,844,38,655,179.0,1025.0,1.0
845,cramorant,845,8,180,166.0,1026.0,1.0
846,arrokuda,846,5,10,56.0,1029.0,1.0
847,barraskewda,847,13,300,172.0,1030.0,1.0
848,toxel,848,4,110,48.0,1031.0,1.0
849,toxtricity-amped,849,16,400,176.0,1032.0,1.0
850,sizzlipede,850,7,10,61.0,1034.0,1.0
851,centiskorch,851,30,1200,184.0,1035.0,1.0
852,clobbopus,852,6,40,62.0,1036.0,1.0
853,grapploct,853,16,390,168.0,1037.0,1.0
854,sinistea,854,1,2,62.0,1038.0,1.0
855,polteageist,855,2,4,178.0,1039.0,1.0
856,hatenna,856,4,34,53.0,1040.0,1.0
857,hattrem,857,6,48,130.0,1041.0,1.0
858,hatterene,858,21,51,255.0,1042.0,1.0
859,impidimp,859,4,55,53.0,1043.0,1.0
860,morgrem,860,8,125,130.0,1044.0,1.0
861,grimmsnarl,861,15,610,255.0,1045.0,1.0
862,obstagoon,862,16,460,260.0,1046.0,1.0
863,perrserker,863,8,280,154.0,1047.0,1.0
864,cursola,864,10,4,179.0,1048.0,1.0
865,sirfetchd,865,8,1170,177.0,1049.0,1.0
866,mr-rime,866,15,582,182.0,1050.0,1.0
867,runerigus,867,16,666,169.0,1051.0,1.0
868,milcery,868,2,3,54.0,1052.0,1.0
869,alcremie,869,3,5,173.0,1053.0,1.0
870,falinks,870,30,620,165.0,1054.0,1.0
871,pincurchin,871,3,10,152.0,1055.0,1.0
872,snom,872,3,38,37.0,1056.0,1.0
873,frosmoth,873,13,420,166.0,1057.0,1.0
874,stonjourner,874,25,5200,165.0,1058.0,1.0
875,eiscue-ice,875,14,890,165.0,1059.0,1.0
876,indeedee-male,876,9,280,166.0,1061.0,1.0
877,morpeko-full-belly,877,3,30,153.0,1063.0,1.0
878,cufant,878,12,1000,66.0,1065.0,1.0
879,copperajah,879,30,6500,175.0,1066.0,1.0
880,dracozolt,880,18,1900,177.0,1067.0,1.0
881,arctozolt,881,23,1500,177.0,1068.0,1.0
882,dracovish,882,23,2150,177.0,1069.0,1.0
883,arctovish,883,20,1750,177.0,1070.0,1.0
884,duraludon,884,18,400,187.0,1071.0,1.0
885,dreepy,885,5,20,54.0,1072.0,1.0
886,drakloak,886,14,110,144.0,1073.0,1.0
887,dragapult,887,30,500,300.0,1074.0,1.0
888,zacian,888,28,1100,335.0,1075.0,1.0
889,zamazenta,889,29,2100,335.0,1077.0,1.0
890,eternatus,890,200,9500,345.0,1079.0,1.0
891,kubfu,891,6,120,77.0,1081.0,1.0
892,urshifu-single-strike,892,19,1050,275.0,1082.0,1.0
893,zarude,893,18,700,300.0,1084.0,1.0
894,regieleki,894,12,1450,290.0,1086.0,1.0
895,regidrago,895,21,2000,290.0,1087.0,1.0
896,glastrier,896,22,8000,290.0,1088.0,1.0
897,spectrier,897,20,445,290.0,1089.0,1.0
898,calyrex,898,11,77,250.0,1090.0,1.0
899,wyrdeer,899,18,951,263.0,,1.0
900,kleavor,900,18,890,175.0,,1.0
901,ursaluna,901,24,2900,275.0,,1.0
902,basculegion-male,902,30,1100,265.0,,1.0
903,sneasler,903,13,430,102.0,,1.0
904,overqwil,904,25,605,179.0,,1.0
905,enamorus-incarnate,905,16,480,116.0,,1.0
906,sprigatito,906,4,41,62.0,906.0,1.0
907,floragato,907,9,122,144.0,907.0,1.0
908,meowscarada,908,15,312,265.0,908.0,1.0
909,fuecoco,909,4,98,62.0,909.0,1.0
910,crocalor,910,10,307,144.0,910.0,1.0
911,skeledirge,911,16,3265,265.0,911.0,1.0
912,quaxly,912,5,61,62.0,912.0,1.0
913,quaxwell,913,12,215,144.0,913.0,1.0
914,quaquaval,914,18,619,265.0,914.0,1.0
915,lechonk,915,5,102,51.0,915.0,1.0
916,oinkologne-male,916,10,1200,171.0,916.0,1.0
917,tarountula,917,3,40,42.0,918.0,1.0
918,spidops,918,10,165,141.0,919.0,1.0
919,nymble,919,2,10,42.0,920.0,1.0
920,lokix,920,10,175,158.0,921.0,1.0
921,pawmi,921,3,25,48.0,954.0,1.0
922,pawmo,922,4,65,123.0,955.0,1.0
923,pawmot,923,9,410,245.0,956.0,1.0
924,tandemaus,924,3,18,61.0,945.0,1.0
925,maushold-family-of-four,925,3,23,165.0,946.0,1.0
926,fidough,926,3,109,62.0,970.0,1.0
927,dachsbun,927,5,149,167.0,971.0,1.0
928,smoliv,928,3,65,52.0,935.0,1.0
929,dolliv,929,6,119,124.0,936.0,1.0
930,arboliva,930,14,482,255.0,937.0,1.0
931,squawkabilly-green-plumage,931,6,24,146.0,960.0,1.0
932,nacli,932,4,160,56.0,963.0,1.0
933,naclstack,933,6,1050,124.0,964.0,1.0
934,garganacl,934,23,2400,250.0,965.0,1.0
935,charcadet,935,6,105,51.0,1003.0,1.0
936,armarouge,936,15,850,263.0,1004.0,1.0
937,ceruledge,937,16,620,263.0,1005.0,1.0
938,tadbulb,938,3,4,54.0,940.0,1.0
939,bellibolt,939,12,1130,173.0,941.0,1.0
940,wattrel,940,4,36,56.0,957.0,1.0
941,kilowattrel,941,14,386,172.0,958.0,1.0
942,maschiff,942,5,160,68.0,972.0,1.0
943,mabosstiff,943,11,610,177.0,973.0,1.0
944,shroodle,944,2,7,58.0,968.0,1.0
945,grafaiai,945,7,272,170.0,969.0,1.0
946,bramblin,946,6,6,55.0,974.0,1.0
947,brambleghast,947,12,60,168.0,975.0,1.0
948,toedscool,948,9,330,67.0,1006.0,1.0
949,toedscruel,949,19,580,180.0,1007.0,1.0
950,klawf,950,13,790,158.0,962.0,1.0
951,capsakid,951,3,30,61.0,938.0,1.0
952,scovillain,952,9,150,170.0,939.0,1.0
953,rellor,953,2,10,54.0,922.0,1.0
954,rabsca,954,3,35,165.0,923.0,1.0
955,flittle,955,2,15,51.0,926.0,1.0
956,espathra,956,19,900,168.0,927.0,1.0
957,tinkatink,957,4,89,59.0,1000.0,1.0
958,tinkatuff,958,7,591,133.0,1001.0,1.0
959,tinkaton,959,7,1128,253.0,1002.0,1.0
960,wiglett,960,12,18,49.0,929.0,1.0
961,wugtrio,961,12,54,149.0,930.0,1.0
962,bombirdier,962,15,429,243.0,959.0,1.0
963,finizen,963,13,602,63.0,933.0,1.0
964,palafin-zero,964,13,602,160.0,934.0,1.0
965,varoom,965,10,350,60.0,942.0,1.0
966,revavroom,966,18,1200,175.0,943.0,1.0
967,cyclizar,967,16,630,175.0,953.0,1.0
968,orthworm,968,25,3100,240.0,944.0,1.0
969,glimmet,969,7,80,70.0,966.0,1.0
970,glimmora,970,15,450,184.0,967.0,1.0
971,greavard,971,6,350,58.0,924.0,1.0
972,houndstone,972,20,150,171.0,925.0,1.0
973,flamigo,973,16,370,175.0,961.0,1.0
974,cetoddle,974,12,450,67.0,947.0,1.0
975,cetitan,975,45,7000,182.0,948.0,1.0
976,veluza,976,25,900,167.0,932.0,1.0
977,dondozo,977,120,2200,265.0,931.0,1.0
978,tatsugiri-curly,978,3,80,166.0,952.0,1.0
979,annihilape,979,12,560,268.0,1010.0,1.0
980,clodsire,980,18,2230,151.0,1009.0,1.0
981,farigiraf,981,32,1600,260.0,928.0,1.0
982,dudunsparce-two-segment,982,36,392,182.0,917.0,1.0
983,kingambit,983,20,1200,275.0,1008.0,1.0
984,great-tusk,984,22,3200,285.0,978.0,1.0
985,scream-tail,985,12,80,285.0,982.0,1.0
986,brute-bonnet,986,12,210,285.0,979.0,1.0
987,flutter-mane,987,14,40,285.0,983.0,1.0
988,slither-wing,988,32,920,285.0,984.0,1.0
989,sandy-shocks,989,23,600,285.0,981.0,1.0
990,iron-treads,990,9,2400,285.0,986.0,1.0
991,iron-bundle,991,6,110,285.0,992.0,1.0
992,iron-hands,992,18,3807,285.0,989.0,1.0
993,iron-jugulis,993,13,1110,285.0,990.0,1.0
994,iron-moth,994,12,360,285.0,988.0,1.0
995,iron-thorns,995,16,3030,285.0,991.0,1.0
996,frigibax,996,5,170,64.0,949.0,1.0
997,arctibax,997,8,300,148.0,950.0,1.0
998,baxcalibur,998,21,2100,300.0,951.0,1.0
999,gimmighoul,999,3,50,60.0,976.0,1.0
1000,gholdengo,1000,12,300,275.0,977.0,1.0
1001,wo-chien,1001,15,742,285.0,996.0,1.0
1002,chien-pao,1002,19,1522,285.0,995.0,1.0
1003,ting-lu,1003,27,6997,285.0,994.0,1.0
1004,chi-yu,1004,4,49,285.0,997.0,1.0
1005,roaring-moon,1005,20,3800,295.0,985.0,1.0
1006,iron-valiant,1006,14,350,295.0,993.0,1.0
1007,koraidon,1007,25,3030,335.0,998.0,1.0
1008,miraidon,1008,35,2400,335.0,999.0,1.0
1009,walking-wake,1009,35,2800,295.0,1093.0,1.0
1010,iron-leaves,1010,15,1250,295.0,1094.0,1.0
1011,dipplin,1011,4,97,170.0,1095.0,1.0
1012,poltchageist,1012,1,11,62.0,1096.0,1.0
1013,sinistcha,1013,2,22,178.0,1097.0,1.0
1014,okidogi,1014,18,922,278.0,1098.0,1.0
1015,munkidori,1015,10,122,278.0,1099.0,1.0
1016,fezandipiti,1016,14,301,278.0,1100.0,1.0
1017,ogerpon,1017,12,398,275.0,1101.0,1.0
1018,archaludon,1018,20,600,300.0,1102.0,1.0
1019,hydrapple,1019,18,930,270.0,1103.0,1.0
1020,gouging-fire,1020,35,5900,295.0,1104.0,1.0
1021,raging-bolt,1021,52,4800,295.0,1105.0,1.0
1022,iron-boulder,1022,15,1625,295.0,1106.0,1.0
1023,iron-crown,1023,16,1560,295.0,1107.0,1.0
1024,terapagos,1024,2,65,90.0,1108.0,1.0
1025,pecharunt,1025,3,3,300.0,1109.0,1.0
10001,deoxys-attack,386,17,608,270.0,515.0,0.0
10002,deoxys-defense,386,17,608,270.0,516.0,0.0
10003,deoxys-speed,386,17,608,270.0,517.0,0.0
10004,wormadam-sandy,413,5,65,148.0,543.0,0.0
10005,wormadam-trash,413,5,65,148.0,544.0,0.0
10006,shaymin-sky,492,4,52,270.0,607.0,0.0
10007,giratina-origin,487,69,6500,340.0,601.0,0.0
10008,rotom-heat,479,3,3,182.0,588.0,0.0
10009,rotom-wash,479,3,3,182.0,589.0,0.0
10010,rotom-frost,479,3,3,182.0,590.0,0.0
10011,rotom-fan,479,3,3,182.0,591.0,0.0
10012,rotom-mow,479,3,3,182.0,592.0,0.0
10013,castform-sunny,351,3,8,147.0,465.0,0.0
10014,castform-rainy,351,3,8,147.0,466.0,0.0
10015,castform-snowy,351,3,8,147.0,467.0,0.0
10016,basculin-blue-striped,550,10,180,161.0,667.0,0.0
10017,darmanitan-zen,555,13,929,189.0,674.0,0.0
10018,meloetta-pirouette,648,6,65,270.0,778.0,0.0
10019,tornadus-therian,641,14,630,290.0,765.0,0.0
10020,thundurus-therian,642,30,610,290.0,767.0,0.0
10021,landorus-therian,645,13,680,300.0,771.0,0.0
10022,kyurem-black,646,33,3250,350.0,774.0,0.0
10023,kyurem-white,646,36,3250,350.0,773.0,0.0
10024,keldeo-resolute,647,14,485,290.0,776.0,0.0
10025,meowstic-female,678,6,85,163.0,812.0,0.0
10026,aegislash-blade,681,17,530,250.0,816.0,0.0
10027,pumpkaboo-small,710,3,35,67.0,845.0,0.0
10028,pumpkaboo-large,710,5,75,67.0,846.0,0.0
10029,pumpkaboo-super,710,8,150,67.0,847.0,0.0
10030,gourgeist-small,711,7,95,173.0,849.0,0.0
10031,gourgeist-large,711,11,140,173.0,850.0,0.0
10032,gourgeist-super,711,17,390,173.0,851.0,0.0
10033,venusaur-mega,3,24,1555,281.0,4.0,0.0
10034,charizard-mega-x,6,17,1105,285.0,8.0,0.0
10035,charizard-mega-y,6,17,1005,285.0,9.0,0.0
10036,blastoise-mega,9,16,1011,284.0,13.0,0.0
10037,alakazam-mega,65,12,480,270.0,106.0,0.0
10038,gengar-mega,94,14,405,270.0,150.0,0.0
10039,kangaskhan-mega,115,22,1000,207.0,185.0,0.0
10040,pinsir-mega,127,17,590,210.0,208.0,0.0
10041,gyarados-mega,130,65,3050,224.0,212.0,0.0
10042,aerodactyl-mega,142,21,790,215.0,233.0,0.0
10043,mewtwo-mega-x,150,23,1270,351.0,246.0,0.0
10044,mewtwo-mega-y,150,15,330,351.0,247.0,0.0
10045,ampharos-mega,181,14,615,275.0,276.0,0.0
10046,scizor-mega,212,20,1250,210.0,198.0,0.0
10047,heracross-mega,214,17,625,210.0,311.0,0.0
10048,houndoom-mega,229,19,495,210.0,331.0,0.0
10049,tyranitar-mega,248,25,2550,315.0,343.0,0.0
10050,blaziken-mega,257,19,520,284.0,354.0,0.0
10051,gardevoir-mega,282,16,484,278.0,383.0,0.0
10052,mawile-mega,303,10,235,168.0,408.0,0.0
10053,aggron-mega,306,22,3950,284.0,412.0,0.0
10054,medicham-mega,308,13,315,179.0,415.0,0.0
10055,manectric-mega,310,18,440,201.0,418.0,0.0
10056,banette-mega,354,12,130,194.0,471.0,0.0
10057,absol-mega,359,12,490,198.0,479.0,0.0
10058,garchomp-mega,445,19,950,315.0,571.0,0.0
10059,lucario-mega,448,13,575,219.0,574.0,0.0
10060,abomasnow-mega,460,27,1850,208.0,586.0,0.0
10061,floette-eternal,670,2,9,243.0,803.0,0.0
10062,latias-mega,380,18,520,315.0,504.0,0.0
10063,latios-mega,381,23,700,315.0,506.0,0.0
10064,swampert-mega,260,19,1020,286.0,358.0,0.0
10065,sceptile-mega,254,19,552,284.0,350.0,0.0
10066,sableye-mega,302,5,1610,168.0,406.0,0.0
10067,altaria-mega,334,15,206,207.0,447.0,0.0
10068,gallade-mega,475,16,564,278.0,385.0,0.0
10069,audino-mega,531,15,320,425.0,647.0,0.0
10070,sharpedo-mega,319,25,1303,196.0,430.0,0.0
10071,slowbro-mega,80,20,1200,207.0,128.0,0.0
10072,steelix-mega,208,105,7400,214.0,153.0,0.0
10073,pidgeot-mega,18,22,505,261.0,24.0,0.0
10074,glalie-mega,362,21,3502,203.0,482.0,0.0
10075,diancie-mega,719,11,278,315.0,864.0,0.0
10076,metagross-mega,376,25,9429,315.0,499.0,0.0
10077,kyogre-primal,382,98,4300,347.0,508.0,0.0
10078,groudon-primal,383,50,9997,347.0,510.0,0.0
10079,rayquaza-mega,384,108,3920,351.0,512.0,0.0
10080,pikachu-rock-star,25,4,60,112.0,37.0,0.0
10081,pikachu-belle,25,4,60,112.0,38.0,0.0
10082,pikachu-pop-star,25,4,60,112.0,39.0,0.0
10083,pikachu-phd,25,4,60,112.0,40.0,0.0
10084,pikachu-libre,25,4,60,112.0,41.0,0.0
10085,pikachu-cosplay,25,4,60,112.0,36.0,0.0
10086,hoopa-unbound,720,65,4900,306.0,866.0,0.0
10087,camerupt-mega,323,25,3205,196.0,435.0,0.0
10088,lopunny-mega,428,13,283,203.0,559.0,0.0
10089,salamence-mega,373,18,1126,315.0,495.0,0.0
10090,beedrill-mega,15,14,405,223.0,20.0,0.0
10091,rattata-alola,19,3,38,51.0,26.0,0.0
10092,raticate-alola,20,7,255,145.0,28.0,0.0
10093,raticate-totem-alola,20,14,1050,145.0,29.0,0.0
10094,pikachu-original-cap,25,4,60,112.0,42.0,0.0
10095,pikachu-hoenn-cap,25,4,60,112.0,43.0,0.0
10096,pikachu-sinnoh-cap,25,4,60,112.0,44.0,0.0
10097,pikachu-unova-cap,25,4,60,112.0,45.0,0.0
10098,pikachu-kalos-cap,25,4,60,112.0,46.0,0.0
10099,pikachu-alola-cap,25,4,60,112.0,47.0,0.0
10100,raichu-alola,26,7,210,243.0,52.0,0.0
10101,sandshrew-alola,27,7,400,60.0,54.0,0.0
10102,sandslash-alola,28,12,550,158.0,56.0,0.0
10103,vulpix-alola,37,6,99,60.0,67.0,0.0
10104,ninetales-alola,38,11,199,177.0,69.0,0.0
10105,diglett-alola,50,2,10,53.0,85.0,0.0
10106,dugtrio-alola,51,7,666,149.0,87.0,0.0
10107,meowth-alola,52,4,42,58.0,89.0,0.0
10108,persian-alola,53,11,330,154.0,92.0,0.0
10109,geodude-alola,74,4,203,60.0,116.0,0.0
10110,graveler-alola,75,10,1100,137.0,118.0,0.0
10111,golem-alola,76,17,3160,223.0,120.0,0.0
10112,grimer-alola,88,7,420,65.0,142.0,0.0
10113,muk-alola,89,10,520,175.0,144.0,0.0
10114,exeggutor-alola,103,109,4156,186.0,162.0,0.0
10115,marowak-alola,105,10,340,149.0,165.0,0.0
10116,greninja-battle-bond,658,15,400,239.0,789.0,0.0
10117,greninja-ash,658,15,400,288.0,790.0,0.0
10118,zygarde-10-power-construct,718,12,335,243.0,860.0,0.0
10119,zygarde-50-power-construct,718,50,3050,300.0,861.0,0.0
10120,zygarde-complete,718,45,6100,354.0,862.0,0.0
10121,gumshoos-totem,735,14,600,146.0,882.0,0.0
10122,vikavolt-totem,738,26,1475,225.0,886.0,0.0
10123,oricorio-pom-pom,741,6,34,167.0,890.0,0.0
10124,oricorio-pau,741,6,34,167.0,891.0,0.0
10125,oricorio-sensu,741,6,34,167.0,892.0,0.0
10126,lycanroc-midnight,745,11,250,170.0,899.0,0.0
10127,wishiwashi-school,746,82,786,217.0,902.0,0.0
10128,lurantis-totem,754,15,580,168.0,912.0,0.0
10129,salazzle-totem,758,21,810,168.0,917.0,0.0
10130,minior-orange-meteor,774,3,400,154.0,934.0,0.0
10131,minior-yellow-meteor,774,3,400,154.0,935.0,0.0
10132,minior-green-meteor,774,3,400,154.0,936.0,0.0
10133,minior-blue-meteor,774,3,400,154.0,937.0,0.0
10134,minior-indigo-meteor,774,3,400,154.0,938.0,0.0
10135,minior-violet-meteor,774,3,400,154.0,939.0,0.0
10136,minior-red,774,3,3,175.0,940.0,0.0
10137,minior-orange,774,3,3,175.0,941.0,0.0
10138,minior-yellow,774,3,3,175.0,942.0,0.0
10139,minior-green,774,3,3,175.0,943.0,0.0
10140,minior-blue,774,3,3,175.0,944.0,0.0
10141,minior-indigo,774,3,3,175.0,945.0,0.0
10142,minior-violet,774,3,3,175.0,946.0,0.0
10143,mimikyu-busted,778,2,7,167.0,952.0,0.0
10144,mimikyu-totem-disguised,778,4,28,167.0,953.0,0.0
10145,mimikyu-totem-busted,778,4,28,167.0,954.0,0.0
10146,kommo-o-totem,784,24,2075,270.0,961.0,0.0
10147,magearna-original,801,10,805,300.0,982.0,0.0
10148,pikachu-partner-cap,25,4,60,112.0,48.0,0.0
10149,marowak-totem,105,17,980,149.0,166.0,0.0
10150,ribombee-totem,743,4,20,162.0,895.0,0.0
10151,rockruff-own-tempo,744,5,92,56.0,897.0,0.0
10152,lycanroc-dusk,745,8,250,170.0,900.0,0.0
10153,araquanid-totem,752,31,2175,159.0,909.0,0.0
10154,togedemaru-totem,777,6,130,152.0,950.0,0.0
10155,necrozma-dusk,800,38,4600,340.0,978.0,0.0
10156,necrozma-dawn,800,42,3500,340.0,979.0,0.0
10157,necrozma-ultra,800,75,2300,339.0,980.0,0.0
10158,pikachu-starter,25,4,60,86.0,49.0,0.0
10159,eevee-starter,133,3,65,87.0,216.0,0.0
10160,pikachu-world-cap,25,4,60,112.0,50.0,0.0
10161,meowth-galar,52,4,75,58.0,90.0,0.0
10162,ponyta-galar,77,8,240,82.0,122.0,0.0
10163,rapidash-galar,78,17,800,175.0,124.0,0.0
10164,slowpoke-galar,79,12,360,63.0,126.0,0.0
10165,slowbro-galar,80,16,705,172.0,129.0,0.0
10166,farfetchd-galar,83,8,420,132.0,136.0,0.0
10167,weezing-galar,110,30,160,172.0,175.0,0.0
10168,mr-mime-galar,122,14,568,161.0,195.0,0.0
10169,articuno-galar,144,17,509,290.0,237.0,0.0
10170,zapdos-galar,145,16,582,290.0,239.0,0.0
10171,moltres-galar,146,20,660,290.0,241.0,0.0
10172,slowking-galar,199,18,795,172.0,131.0,0.0
10173,corsola-galar,222,6,5,144.0,322.0,0.0
10174,zigzagoon-galar,263,4,175,56.0,362.0,0.0
10175,linoone-galar,264,5,325,147.0,364.0,0.0
10176,darumaka-galar,554,7,400,63.0,672.0,0.0
10177,darmanitan-galar-standard,555,17,1200,168.0,675.0,0.0
10178,darmanitan-galar-zen,555,17,1200,189.0,676.0,0.0
10179,yamask-galar,562,5,15,61.0,684.0,0.0
10180,stunfisk-galar,618,7,205,165.0,741.0,0.0
10181,zygarde-10,718,12,335,243.0,859.0,0.0
10182,cramorant-gulping,845,8,180,166.0,1027.0,0.0
10183,cramorant-gorging,845,8,180,166.0,1028.0,0.0
10184,toxtricity-low-key,849,16,400,176.0,1033.0,0.0
10185,eiscue-noice,875,14,890,165.0,1060.0,0.0
10186,indeedee-female,876,9,280,166.0,1062.0,0.0
10187,morpeko-hangry,877,3,30,153.0,1064.0,0.0
10188,zacian-crowned,888,28,3550,360.0,1076.0,0.0
10189,zamazenta-crowned,889,29,7850,360.0,1078.0,0.0
10190,eternatus-eternamax,890,1000,0,563.0,1080.0,0.0
10191,urshifu-rapid-strike,892,19,1050,275.0,1083.0,0.0
10192,zarude-dada,893,18,700,300.0,1085.0,0.0
10193,calyrex-ice,898,24,8091,340.0,1091.0,0.0
10194,calyrex-shadow,898,24,536,340.0,1092.0,0.0
10195,venusaur-gmax,3,240,10000,236.0,,0.0
10196,charizard-gmax,6,280,10000,240.0,,0.0
10197,blastoise-gmax,9,250,10000,239.0,,0.0
10198,butterfree-gmax,12,170,10000,178.0,,0.0
10199,pikachu-gmax,25,210,10000,112.0,,0.0
10200,meowth-gmax,52,330,10000,58.0,,0.0
10201,machamp-gmax,68,250,10000,227.0,,0.0
10202,gengar-gmax,94,200,10000,225.0,,0.0
10203,kingler-gmax,99,190,10000,166.0,,0.0
10204,lapras-gmax,131,240,10000,187.0,,0.0
10205,eevee-gmax,133,180,10000,65.0,,0.0
10206,snorlax-gmax,143,350,10000,189.0,,0.0
10207,garbodor-gmax,569,210,10000,166.0,,0.0
10208,melmetal-gmax,809,250,10000,270.0,,0.0
10209,rillaboom-gmax,812,280,10000,265.0,,0.0
10210,cinderace-gmax,815,270,10000,265.0,,0.0
10211,inteleon-gmax,818,400,10000,265.0,,0.0
10212,corviknight-gmax,823,140,10000,248.0,,0.0
10213,orbeetle-gmax,826,140,10000,253.0,,0.0
10214,drednaw-gmax,834,240,10000,170.0,,0.0
10215,coalossal-gmax,839,420,10000,255.0,,0.0
10216,flapple-gmax,841,240,10000,170.0,,0.0
10217,appletun-gmax,842,240,10000,170.0,,0.0
10218,sandaconda-gmax,844,220,10000,179.0,,0.0
10219,toxtricity-amped-gmax,849,240,10000,176.0,,0.0
10220,centiskorch-gmax,851,750,10000,184.0,,0.0
10221,hatterene-gmax,858,260,10000,255.0,,0.0
10222,grimmsnarl-gmax,861,320,10000,255.0,,0.0
10223,alcremie-gmax,869,300,10000,173.0,,0.0
10224,copperajah-gmax,879,230,10000,175.0,,0.0
10225,duraludon-gmax,884,430,10000,187.0,,0.0
10226,urshifu-single-strike-gmax,892,290,10000,275.0,,0.0
10227,urshifu-rapid-strike-gmax,892,260,10000,275.0,,0.0
10228,toxtricity-low-key-gmax,849,240,10000,176.0,,0.0
10229,growlithe-hisui,58,8,227,70.0,,0.0
10230,arcanine-hisui,59,20,1680,194.0,,0.0
10231,voltorb-hisui,100,5,130,66.0,,0.0
10232,electrode-hisui,101,12,710,172.0,,0.0
10233,typhlosion-hisui,157,16,698,240.0,,0.0
10234,qwilfish-hisui,211,5,39,88.0,,0.0
10235,sneasel-hisui,215,9,270,86.0,,0.0
10236,samurott-hisui,503,15,582,238.0,,0.0
10237,lilligant-hisui,549,12,192,168.0,,0.0
10238,zorua-hisui,570,7,125,66.0,,0.0
10239,zoroark-hisui,571,16,730,179.0,,0.0
10240,braviary-hisui,628,17,434,179.0,,0.0
10241,sliggoo-hisui,705,7,685,158.0,,0.0
10242,goodra-hisui,706,17,3341,270.0,,0.0
10243,avalugg-hisui,713,14,2624,180.0,,0.0
10244,decidueye-hisui,724,16,370,239.0,,0.0
10245,dialga-origin,483,70,8487,306.0,,0.0
10246,palkia-origin,484,63,6590,306.0,,0.0
10247,basculin-white-striped,550,10,180,161.0,,0.0
10248,basculegion-female,902,30,1100,265.0,,0.0
10249,enamorus-therian,905,16,480,116.0,,0.0
10250,tauros-paldea-combat-breed,128,14,1150,172.0,,0.0
10251,tauros-paldea-blaze-breed,128,14,850,172.0,,0.0
10252,tauros-paldea-aqua-breed,128,14,1100,172.0,,0.0
10253,wooper-paldea,194,4,110,42.0,,0.0
10254,oinkologne-female,916,10,1200,171.0,,0.0
10255,dudunsparce-three-segment,982,45,474,182.0,,0.0
10256,palafin-hero,964,18,974,160.0,,0.0
10257,maushold-family-of-three,925,3,28,165.0,,0.0
10258,tatsugiri-droopy,978,3,80,166.0,,0.0
10259,tatsugiri-stretchy,978,3,80,166.0,,0.0
10260,squawkabilly-blue-plumage,931,6,24,146.0,,0.0
10261,squawkabilly-yellow-plumage,931,6,24,146.0,,0.0
10262,squawkabilly-white-plumage,931,6,24,146.0,,0.0
10263,gimmighoul-roaming,999,1,10,60.0,,0.0
10264,koraidon-limited-build,1007,35,3030,335.0,,0.0
10265,koraidon-sprinting-build,1007,35,3030,335.0,,0.0
10266,koraidon-swimming-build,1007,35,3030,335.0,,0.0
10267,koraidon-gliding-build,1007,35,3030,335.0,,0.0
10268,miraidon-low-power-mode,1008,28,2400,335.0,,0.0
10269,miraidon-drive-mode,1008,28,2400,335.0,,0.0
10270,miraidon-aquatic-mode,1008,28,2400,335.0,,0.0
10271,miraidon-glide-mode,1008,28,2400,335.0,,0.0
10272,ursaluna-bloodmoon,901,24,2900,275.0,,0.0
10273,ogerpon-wellspring-mask,1017,12,398,275.0,,0.0
10274,ogerpon-hearthflame-mask,1017,12,398,275.0,,0.0
10275,ogerpon-cornerstone-mask,1017,12,398,275.0,,0.0
10276,terapagos-terastal,1024,3,160,90.0,,0.0
10277,terapagos-stellar,1024,17,770,90.0,,0.0
10278,frillish-female,592,12,330,67.0,,0.0
10279,jellicent-female,593,22,1350,168.0,,0.0
10281,Poppy,3,33,565,,,
