id_x,identifier_x,generation_id,evolves_from_species_id,evolution_chain_id,color_id,shape_id,habitat_id,gender_rate,capture_rate,base_happiness,is_baby,hatch_counter,has_gender_differences,growth_rate_id,forms_switchable,is_legendary,is_mythical,order,conquest_order,id_y,identifier_y
1,bulbasaur,1,,1,5,8,3.0,1,45,50.0,0,20.0,0,4,0,0,0,1,,5,green
2,ivysaur,1,1.0,1,5,8,3.0,1,45,50.0,0,20.0,0,4,0,0,0,2,,5,green
3,venusaur,1,2.0,1,5,8,3.0,1,45,50.0,0,20.0,1,4,1,0,0,3,,5,green
4,charmander,1,,2,8,6,4.0,1,45,50.0,0,20.0,0,4,0,0,0,4,109.0,8,red
5,charmeleon,1,4.0,2,8,6,4.0,1,45,50.0,0,20.0,0,4,0,0,0,5,110.0,8,red
6,charizard,1,5.0,2,8,6,4.0,1,45,50.0,0,20.0,0,4,1,0,0,6,111.0,8,red
7,squirtle,1,,3,2,6,9.0,1,45,50.0,0,20.0,0,4,0,0,0,7,,2,blue
8,wartortle,1,7.0,3,2,6,9.0,1,45,50.0,0,20.0,0,4,0,0,0,8,,2,blue
9,blastoise,1,8.0,3,2,6,9.0,1,45,50.0,0,20.0,0,4,1,0,0,9,,2,blue
10,caterpie,1,,4,5,14,2.0,4,255,50.0,0,15.0,0,2,0,0,0,10,,5,green
11,metapod,1,10.0,4,5,2,2.0,4,120,50.0,0,15.0,0,2,0,0,0,11,,5,green
12,butterfree,1,11.0,4,9,13,2.0,4,45,50.0,0,15.0,1,2,0,0,0,12,,9,white
13,weedle,1,,5,3,14,2.0,4,255,70.0,0,15.0,0,2,0,0,0,13,,3,brown
14,kakuna,1,13.0,5,10,2,2.0,4,120,70.0,0,15.0,0,2,0,0,0,14,,10,yellow
15,beedrill,1,14.0,5,10,13,2.0,4,45,70.0,0,15.0,0,2,1,0,0,15,177.0,10,yellow
16,pidgey,1,,6,3,9,2.0,4,255,70.0,0,15.0,0,4,0,0,0,16,,3,brown
17,pidgeotto,1,16.0,6,3,9,2.0,4,120,70.0,0,15.0,0,4,0,0,0,17,,3,brown
18,pidgeot,1,17.0,6,3,9,2.0,4,45,70.0,0,15.0,0,4,1,0,0,18,,3,brown
19,rattata,1,,7,7,8,3.0,4,255,70.0,0,15.0,1,2,0,0,0,19,,7,purple
20,raticate,1,19.0,7,3,8,3.0,4,127,70.0,0,15.0,1,2,0,0,0,20,,3,brown
21,spearow,1,,8,3,9,6.0,4,255,70.0,0,15.0,0,2,0,0,0,21,,3,brown
22,fearow,1,21.0,8,3,9,6.0,4,90,70.0,0,15.0,0,2,0,0,0,22,,3,brown
23,ekans,1,,9,7,2,3.0,4,255,70.0,0,20.0,0,2,0,0,0,23,54.0,7,purple
24,arbok,1,23.0,9,7,2,3.0,4,90,70.0,0,20.0,0,2,0,0,0,24,55.0,7,purple
25,pikachu,1,172.0,10,10,8,2.0,4,190,50.0,0,10.0,1,2,0,0,0,26,16.0,10,yellow
26,raichu,1,25.0,10,10,6,2.0,4,75,50.0,0,10.0,1,2,0,0,0,27,17.0,10,yellow
27,sandshrew,1,,11,10,6,6.0,4,255,50.0,0,20.0,0,2,0,0,0,28,,10,yellow
28,sandslash,1,27.0,11,10,6,6.0,4,90,50.0,0,20.0,0,2,0,0,0,29,,10,yellow
29,nidoran-f,1,,12,2,8,3.0,8,235,50.0,0,20.0,0,4,0,0,0,30,,2,blue
30,nidorina,1,29.0,12,2,8,3.0,8,120,50.0,0,20.0,0,4,0,0,0,31,,2,blue
31,nidoqueen,1,30.0,12,2,6,3.0,8,45,50.0,0,20.0,0,4,0,0,0,32,,2,blue
32,nidoran-m,1,,13,7,8,3.0,0,235,50.0,0,20.0,0,4,0,0,0,33,,7,purple
33,nidorino,1,32.0,13,7,8,3.0,0,120,50.0,0,20.0,0,4,0,0,0,34,,7,purple
34,nidoking,1,33.0,13,7,6,3.0,0,45,50.0,0,20.0,0,4,0,0,0,35,,7,purple
35,clefairy,1,173.0,14,6,6,4.0,6,150,140.0,0,10.0,0,3,0,0,0,37,,6,pink
36,clefable,1,35.0,14,6,6,4.0,6,25,140.0,0,10.0,0,3,0,0,0,38,,6,pink
37,vulpix,1,,15,3,8,3.0,6,190,50.0,0,20.0,0,2,0,0,0,39,,3,brown
38,ninetales,1,37.0,15,10,8,3.0,6,75,50.0,0,20.0,0,2,0,0,0,40,,10,yellow
39,jigglypuff,1,174.0,16,6,12,3.0,6,170,50.0,0,10.0,0,3,0,0,0,42,21.0,6,pink
40,wigglytuff,1,39.0,16,6,12,3.0,6,50,50.0,0,10.0,0,3,0,0,0,43,22.0,6,pink
41,zubat,1,,17,7,9,1.0,4,255,50.0,0,15.0,1,2,0,0,0,44,23.0,7,purple
42,golbat,1,41.0,17,7,9,1.0,4,90,50.0,0,15.0,1,2,0,0,0,45,24.0,7,purple
43,oddish,1,,18,2,7,3.0,4,255,50.0,0,20.0,0,4,0,0,0,47,,2,blue
44,gloom,1,43.0,18,2,12,3.0,4,120,50.0,0,20.0,1,4,0,0,0,48,,2,blue
45,vileplume,1,44.0,18,8,12,3.0,4,45,50.0,0,20.0,1,4,0,0,0,49,,8,red
46,paras,1,,19,8,14,2.0,4,190,70.0,0,20.0,0,2,0,0,0,51,,8,red
47,parasect,1,46.0,19,8,14,2.0,4,75,70.0,0,20.0,0,2,0,0,0,52,,8,red
48,venonat,1,,20,7,12,2.0,4,190,70.0,0,20.0,0,2,0,0,0,53,,7,purple
49,venomoth,1,48.0,20,7,13,2.0,4,75,70.0,0,20.0,0,2,0,0,0,54,,7,purple
50,diglett,1,,21,3,5,1.0,4,255,50.0,0,20.0,0,2,0,0,0,55,,3,brown
51,dugtrio,1,50.0,21,3,11,1.0,4,50,50.0,0,20.0,0,2,0,0,0,56,,3,brown
52,meowth,1,,22,10,8,8.0,4,255,50.0,0,20.0,0,2,0,0,0,57,58.0,10,yellow
53,persian,1,52.0,22,10,8,8.0,4,90,50.0,0,20.0,0,2,0,0,0,58,59.0,10,yellow
54,psyduck,1,,23,10,6,9.0,4,190,50.0,0,20.0,0,2,0,0,0,59,,10,yellow
55,golduck,1,54.0,23,2,6,9.0,4,75,50.0,0,20.0,0,2,0,0,0,60,,2,blue
56,mankey,1,,24,3,6,4.0,4,190,70.0,0,20.0,0,2,0,0,0,61,,3,brown
57,primeape,1,56.0,24,3,6,4.0,4,75,70.0,0,20.0,0,2,0,0,0,62,,3,brown
58,growlithe,1,,25,3,8,3.0,2,190,50.0,0,20.0,0,1,0,0,0,63,,3,brown
59,arcanine,1,58.0,25,3,8,3.0,2,75,50.0,0,20.0,0,1,0,0,0,64,,3,brown
60,poliwag,1,,26,2,7,9.0,4,255,50.0,0,20.0,0,4,0,0,0,65,,2,blue
61,poliwhirl,1,60.0,26,2,12,9.0,4,120,50.0,0,20.0,0,4,0,0,0,66,,2,blue
62,poliwrath,1,61.0,26,2,12,9.0,4,45,50.0,0,20.0,0,4,0,0,0,67,,2,blue
63,abra,1,,27,3,6,8.0,2,200,50.0,0,20.0,0,4,0,0,0,69,127.0,3,brown
64,kadabra,1,63.0,27,3,6,8.0,2,100,50.0,0,20.0,1,4,0,0,0,70,128.0,3,brown
65,alakazam,1,64.0,27,3,12,8.0,2,50,50.0,0,20.0,1,4,1,0,0,71,129.0,3,brown
66,machop,1,,28,4,6,4.0,2,180,50.0,0,20.0,0,4,0,0,0,72,98.0,4,gray
67,machoke,1,66.0,28,4,12,4.0,2,90,50.0,0,20.0,0,4,0,0,0,73,99.0,4,gray
68,machamp,1,67.0,28,4,12,4.0,2,45,50.0,0,20.0,0,4,0,0,0,74,100.0,4,gray
69,bellsprout,1,,29,5,12,2.0,4,255,70.0,0,20.0,0,4,0,0,0,75,,5,green
70,weepinbell,1,69.0,29,5,5,2.0,4,120,70.0,0,20.0,0,4,0,0,0,76,,5,green
71,victreebel,1,70.0,29,5,5,2.0,4,45,70.0,0,20.0,0,4,0,0,0,77,,5,green
72,tentacool,1,,30,2,10,7.0,4,190,50.0,0,20.0,0,1,0,0,0,78,,2,blue
73,tentacruel,1,72.0,30,2,10,7.0,4,60,50.0,0,20.0,0,1,0,0,0,79,,2,blue
74,geodude,1,,31,3,4,4.0,4,255,70.0,0,15.0,0,4,0,0,0,80,,3,brown
75,graveler,1,74.0,31,3,12,4.0,4,120,70.0,0,15.0,0,4,0,0,0,81,,3,brown
76,golem,1,75.0,31,3,12,4.0,4,45,70.0,0,15.0,0,4,0,0,0,82,,3,brown
77,ponyta,1,,32,10,8,3.0,4,190,50.0,0,20.0,0,2,0,0,0,83,,10,yellow
78,rapidash,1,77.0,32,10,8,3.0,4,60,50.0,0,20.0,0,2,0,0,0,84,,10,yellow
79,slowpoke,1,,33,6,8,9.0,4,190,50.0,0,20.0,0,2,0,0,0,85,,6,pink
80,slowbro,1,79.0,33,6,6,9.0,4,75,50.0,0,20.0,0,2,1,0,0,86,,6,pink
81,magnemite,1,,34,4,4,6.0,-1,190,50.0,0,20.0,0,2,0,0,0,88,,4,gray
82,magneton,1,81.0,34,4,11,6.0,-1,60,50.0,0,20.0,0,2,0,0,0,89,,4,gray
83,farfetchd,1,,35,3,9,3.0,4,45,50.0,0,20.0,0,2,0,0,0,91,,3,brown
84,doduo,1,,36,3,7,3.0,4,190,70.0,0,20.0,1,2,0,0,0,92,,3,brown
85,dodrio,1,84.0,36,3,7,3.0,4,45,70.0,0,20.0,1,2,0,0,0,93,,3,brown
86,seel,1,,37,9,3,7.0,4,190,70.0,0,20.0,0,2,0,0,0,94,,9,white
87,dewgong,1,86.0,37,9,3,7.0,4,75,70.0,0,20.0,0,2,0,0,0,95,,9,white
88,grimer,1,,38,7,4,8.0,4,190,70.0,0,20.0,0,2,0,0,0,96,,7,purple
89,muk,1,88.0,38,7,4,8.0,4,75,70.0,0,20.0,0,2,0,0,0,97,,7,purple
90,shellder,1,,39,7,1,7.0,4,190,50.0,0,20.0,0,1,0,0,0,98,,7,purple
91,cloyster,1,90.0,39,7,1,7.0,4,60,50.0,0,20.0,0,1,0,0,0,99,,7,purple
92,gastly,1,,40,7,1,1.0,4,190,50.0,0,20.0,0,4,0,0,0,100,112.0,7,purple
93,haunter,1,92.0,40,7,4,1.0,4,90,50.0,0,20.0,0,4,0,0,0,101,113.0,7,purple
94,gengar,1,93.0,40,7,6,1.0,4,45,50.0,0,20.0,0,4,1,0,0,102,114.0,7,purple
95,onix,1,,41,4,2,1.0,4,45,50.0,0,25.0,0,2,0,0,0,103,175.0,4,gray
96,drowzee,1,,42,10,12,3.0,4,190,70.0,0,20.0,0,2,0,0,0,105,,10,yellow
97,hypno,1,96.0,42,10,12,3.0,4,75,70.0,0,20.0,1,2,0,0,0,106,,10,yellow
98,krabby,1,,43,8,14,9.0,4,225,50.0,0,20.0,0,2,0,0,0,107,,8,red
99,kingler,1,98.0,43,8,14,9.0,4,60,50.0,0,20.0,0,2,0,0,0,108,,8,red
100,voltorb,1,,44,8,1,8.0,-1,190,70.0,0,20.0,0,2,0,0,0,109,,8,red
101,electrode,1,100.0,44,8,1,8.0,-1,60,70.0,0,20.0,0,2,0,0,0,110,,8,red
102,exeggcute,1,,45,6,11,2.0,4,90,50.0,0,20.0,0,1,0,0,0,111,,6,pink
103,exeggutor,1,102.0,45,10,7,2.0,4,45,50.0,0,20.0,0,1,0,0,0,112,,10,yellow
104,cubone,1,,46,3,6,4.0,4,190,50.0,0,20.0,0,2,0,0,0,113,,3,brown
105,marowak,1,104.0,46,3,6,4.0,4,75,50.0,0,20.0,0,2,0,0,0,114,,3,brown
106,hitmonlee,1,236.0,47,3,12,8.0,0,45,50.0,0,25.0,0,2,0,0,0,116,,3,brown
107,hitmonchan,1,236.0,47,3,12,8.0,0,45,50.0,0,25.0,0,2,0,0,0,117,,3,brown
108,lickitung,1,,48,6,6,3.0,4,45,50.0,0,20.0,0,2,0,0,0,119,,6,pink
109,koffing,1,,49,7,1,8.0,4,190,50.0,0,20.0,0,2,0,0,0,121,,7,purple
110,weezing,1,109.0,49,7,11,8.0,4,60,50.0,0,20.0,0,2,0,0,0,122,,7,purple
111,rhyhorn,1,,50,4,8,6.0,4,120,50.0,0,20.0,1,1,0,0,0,123,160.0,4,gray
112,rhydon,1,111.0,50,4,6,6.0,4,60,50.0,0,20.0,1,1,0,0,0,124,161.0,4,gray
113,chansey,1,440.0,51,6,6,8.0,8,30,140.0,0,40.0,0,3,0,0,0,127,,6,pink
114,tangela,1,,52,2,7,3.0,4,45,50.0,0,20.0,0,2,0,0,0,129,,2,blue
115,kangaskhan,1,,53,3,6,3.0,8,45,50.0,0,20.0,0,2,1,0,0,131,,3,brown
116,horsea,1,,54,2,5,7.0,4,225,50.0,0,20.0,0,2,0,0,0,132,,2,blue
117,seadra,1,116.0,54,2,5,7.0,4,75,50.0,0,20.0,0,2,0,0,0,133,,2,blue
118,goldeen,1,,55,8,3,9.0,4,225,50.0,0,20.0,1,2,0,0,0,135,,8,red
119,seaking,1,118.0,55,8,3,9.0,4,60,50.0,0,20.0,1,2,0,0,0,136,,8,red
120,staryu,1,,56,3,5,7.0,-1,225,50.0,0,20.0,0,1,0,0,0,137,,3,brown
121,starmie,1,120.0,56,7,5,7.0,-1,60,50.0,0,20.0,0,1,0,0,0,138,,7,purple
122,mr-mime,1,439.0,57,6,12,8.0,4,45,50.0,0,25.0,0,2,0,0,0,140,,6,pink
123,scyther,1,,58,5,13,3.0,4,45,50.0,0,25.0,1,2,0,0,0,141,188.0,5,green
124,jynx,1,238.0,59,8,12,8.0,8,45,50.0,0,25.0,0,2,0,0,0,144,,8,red
125,electabuzz,1,239.0,60,10,6,3.0,2,45,50.0,0,25.0,0,2,0,0,0,146,,10,yellow
126,magmar,1,240.0,61,8,6,4.0,2,45,50.0,0,25.0,0,2,0,0,0,149,,8,red
127,pinsir,1,,62,3,12,2.0,4,45,50.0,0,25.0,0,1,1,0,0,151,,3,brown
128,tauros,1,,63,3,8,3.0,0,45,50.0,0,20.0,0,1,0,0,0,152,,3,brown
129,magikarp,1,,64,8,3,9.0,4,255,50.0,0,5.0,1,1,0,0,0,153,13.0,8,red
130,gyarados,1,129.0,64,2,2,9.0,4,45,50.0,0,5.0,1,1,1,0,0,154,14.0,2,blue
131,lapras,1,,65,2,3,7.0,4,45,50.0,0,40.0,0,1,0,0,0,155,190.0,2,blue
132,ditto,1,,66,7,1,8.0,-1,35,50.0,0,20.0,0,2,0,0,0,156,,7,purple
133,eevee,1,,67,3,8,8.0,1,45,50.0,0,35.0,1,2,0,0,0,157,1.0,3,brown
134,vaporeon,1,133.0,67,2,8,8.0,1,45,50.0,0,35.0,0,2,0,0,0,158,2.0,2,blue
135,jolteon,1,133.0,67,10,8,8.0,1,45,50.0,0,35.0,0,2,0,0,0,159,3.0,10,yellow
136,flareon,1,133.0,67,8,8,8.0,1,45,50.0,0,35.0,0,2,0,0,0,160,4.0,8,red
137,porygon,1,,68,6,7,8.0,-1,45,50.0,0,20.0,0,2,0,0,0,166,,6,pink
138,omanyte,1,,69,2,10,7.0,1,45,50.0,0,30.0,0,2,0,0,0,169,,2,blue
139,omastar,1,138.0,69,2,10,7.0,1,45,50.0,0,30.0,0,2,0,0,0,170,,2,blue
140,kabuto,1,,70,3,14,7.0,1,45,50.0,0,30.0,0,2,0,0,0,171,,3,brown
141,kabutops,1,140.0,70,3,6,7.0,1,45,50.0,0,30.0,0,2,0,0,0,172,,3,brown
142,aerodactyl,1,,71,7,9,4.0,1,45,50.0,0,35.0,0,1,1,0,0,173,,7,purple
143,snorlax,1,446.0,72,1,12,4.0,1,25,50.0,0,40.0,0,1,0,0,0,175,179.0,1,black
144,articuno,1,,73,2,9,5.0,-1,3,35.0,0,80.0,0,1,0,1,0,176,192.0,2,blue
145,zapdos,1,,74,10,9,5.0,-1,3,35.0,0,80.0,0,1,0,1,0,177,,10,yellow
146,moltres,1,,75,10,9,5.0,-1,3,35.0,0,80.0,0,1,0,1,0,178,,10,yellow
147,dratini,1,,76,2,2,9.0,4,45,35.0,0,40.0,0,1,0,0,0,179,76.0,2,blue
148,dragonair,1,147.0,76,2,2,9.0,4,45,35.0,0,40.0,0,1,0,0,0,180,77.0,2,blue
149,dragonite,1,148.0,76,3,6,9.0,4,45,35.0,0,40.0,0,1,0,0,0,181,78.0,3,brown
150,mewtwo,1,,77,7,6,5.0,-1,3,0.0,0,120.0,0,1,1,1,0,182,196.0,7,purple
151,mew,1,,78,6,6,5.0,-1,45,100.0,0,120.0,0,4,0,0,1,183,,6,pink
152,chikorita,2,,79,5,8,3.0,1,45,70.0,0,20.0,0,4,0,0,0,184,,5,green
153,bayleef,2,152.0,79,5,8,3.0,1,45,70.0,0,20.0,0,4,0,0,0,185,,5,green
154,meganium,2,153.0,79,5,8,3.0,1,45,70.0,0,20.0,1,4,0,0,0,186,,5,green
155,cyndaquil,2,,80,10,12,3.0,1,45,70.0,0,20.0,0,4,0,0,0,187,,10,yellow
156,quilava,2,155.0,80,10,8,3.0,1,45,70.0,0,20.0,0,4,0,0,0,188,,10,yellow
157,typhlosion,2,156.0,80,10,8,3.0,1,45,70.0,0,20.0,0,4,0,0,0,189,,10,yellow
158,totodile,2,,81,2,6,9.0,1,45,70.0,0,20.0,0,4,0,0,0,190,,2,blue
159,croconaw,2,158.0,81,2,6,9.0,1,45,70.0,0,20.0,0,4,0,0,0,191,,2,blue
160,feraligatr,2,159.0,81,2,6,9.0,1,45,70.0,0,20.0,0,4,0,0,0,192,,2,blue
161,sentret,2,,82,3,8,3.0,4,255,70.0,0,15.0,0,2,0,0,0,193,,3,brown
162,furret,2,161.0,82,3,8,3.0,4,90,70.0,0,15.0,0,2,0,0,0,194,,3,brown
163,hoothoot,2,,83,3,9,2.0,4,255,50.0,0,15.0,0,2,0,0,0,195,,3,brown
164,noctowl,2,163.0,83,3,9,2.0,4,90,50.0,0,15.0,0,2,0,0,0,196,,3,brown
165,ledyba,2,,84,8,9,2.0,4,255,70.0,0,15.0,1,3,0,0,0,197,,8,red
166,ledian,2,165.0,84,8,9,2.0,4,90,70.0,0,15.0,1,3,0,0,0,198,,8,red
167,spinarak,2,,85,5,14,2.0,4,255,70.0,0,15.0,0,3,0,0,0,199,,5,green
168,ariados,2,167.0,85,8,14,2.0,4,90,70.0,0,15.0,0,3,0,0,0,200,,8,red
169,crobat,2,42.0,17,7,13,1.0,4,90,50.0,0,15.0,0,2,0,0,0,46,25.0,7,purple
170,chinchou,2,,86,2,3,7.0,4,190,50.0,0,20.0,0,1,0,0,0,201,,2,blue
171,lanturn,2,170.0,86,2,3,7.0,4,75,50.0,0,20.0,0,1,0,0,0,202,,2,blue
172,pichu,2,,10,10,8,2.0,4,190,50.0,1,10.0,0,2,0,0,0,25,15.0,10,yellow
173,cleffa,2,,14,6,6,4.0,6,150,140.0,1,10.0,0,3,0,0,0,36,,6,pink
174,igglybuff,2,,16,6,12,3.0,6,170,50.0,1,10.0,0,3,0,0,0,41,20.0,6,pink
175,togepi,2,,87,9,12,2.0,1,190,50.0,1,10.0,0,3,0,0,0,203,,9,white
176,togetic,2,175.0,87,9,12,2.0,1,75,50.0,0,10.0,0,3,0,0,0,204,,9,white
177,natu,2,,88,5,9,2.0,4,190,50.0,0,20.0,0,2,0,0,0,206,,5,green
178,xatu,2,177.0,88,5,9,2.0,4,75,50.0,0,20.0,1,2,0,0,0,207,,5,green
179,mareep,2,,89,9,8,3.0,4,235,70.0,0,20.0,0,4,0,0,0,208,45.0,9,white
180,flaaffy,2,179.0,89,6,6,3.0,4,120,70.0,0,20.0,0,4,0,0,0,209,46.0,6,pink
181,ampharos,2,180.0,89,10,6,3.0,4,45,70.0,0,20.0,0,4,1,0,0,210,47.0,10,yellow
182,bellossom,2,44.0,18,5,12,3.0,4,45,50.0,0,20.0,0,4,0,0,0,50,,5,green
183,marill,2,298.0,90,2,6,9.0,4,190,50.0,0,10.0,0,3,0,0,0,212,,2,blue
184,azumarill,2,183.0,90,2,6,9.0,4,75,50.0,0,10.0,0,3,0,0,0,213,,2,blue
185,sudowoodo,2,438.0,91,3,12,2.0,4,65,50.0,0,20.0,1,2,0,0,0,215,,3,brown
186,politoed,2,61.0,26,5,12,9.0,4,45,50.0,0,20.0,1,4,0,0,0,68,,5,green
187,hoppip,2,,92,6,6,3.0,4,255,70.0,0,20.0,0,4,0,0,0,216,,6,pink
188,skiploom,2,187.0,92,5,6,3.0,4,120,70.0,0,20.0,0,4,0,0,0,217,,5,green
189,jumpluff,2,188.0,92,2,6,3.0,4,45,70.0,0,20.0,0,4,0,0,0,218,,2,blue
190,aipom,2,,93,7,6,2.0,4,45,70.0,0,20.0,1,3,0,0,0,219,,7,purple
191,sunkern,2,,94,10,1,3.0,4,235,70.0,0,20.0,0,4,0,0,0,221,,10,yellow
192,sunflora,2,191.0,94,10,12,3.0,4,120,70.0,0,20.0,0,4,0,0,0,222,,10,yellow
193,yanma,2,,95,8,13,2.0,4,75,70.0,0,20.0,0,2,0,0,0,223,,8,red
194,wooper,2,,96,2,7,9.0,4,255,50.0,0,20.0,1,2,0,0,0,225,18.0,2,blue
195,quagsire,2,194.0,96,2,6,9.0,4,90,50.0,0,20.0,1,2,0,0,0,226,19.0,2,blue
196,espeon,2,133.0,67,7,8,8.0,1,45,50.0,0,35.0,0,2,0,0,0,161,5.0,7,purple
197,umbreon,2,133.0,67,1,8,8.0,1,45,35.0,0,35.0,0,2,0,0,0,162,6.0,1,black
198,murkrow,2,,97,1,9,2.0,4,30,35.0,0,20.0,1,4,0,0,0,227,,1,black
199,slowking,2,79.0,33,6,6,9.0,4,70,50.0,0,20.0,0,2,0,0,0,87,,6,pink
200,misdreavus,2,,98,4,1,1.0,4,45,35.0,0,25.0,0,3,0,0,0,229,183.0,4,gray
201,unown,2,,99,1,1,5.0,-1,225,70.0,0,40.0,0,2,0,0,0,231,,1,black
202,wobbuffet,2,360.0,100,2,5,1.0,4,45,50.0,0,20.0,1,2,0,0,0,233,,2,blue
203,girafarig,2,,101,10,8,3.0,4,60,70.0,0,20.0,1,2,0,0,0,234,,10,yellow
204,pineco,2,,102,4,1,2.0,4,190,70.0,0,20.0,0,2,0,0,0,235,56.0,4,gray
205,forretress,2,204.0,102,7,1,2.0,4,75,70.0,0,20.0,0,2,0,0,0,236,57.0,7,purple
206,dunsparce,2,,103,10,2,1.0,4,190,50.0,0,20.0,0,2,0,0,0,237,,10,yellow
207,gligar,2,,104,7,9,4.0,4,60,70.0,0,20.0,1,4,0,0,0,238,,7,purple
208,steelix,2,95.0,41,4,2,1.0,4,25,50.0,0,25.0,1,2,1,0,0,104,176.0,4,gray
209,snubbull,2,,105,6,12,8.0,6,190,70.0,0,20.0,0,3,0,0,0,240,,6,pink
210,granbull,2,209.0,105,7,6,8.0,6,75,70.0,0,20.0,0,3,0,0,0,241,,7,purple
211,qwilfish,2,,106,4,3,7.0,4,45,50.0,0,20.0,0,2,0,0,0,242,,4,gray
212,scizor,2,123.0,58,8,13,3.0,4,25,50.0,0,25.0,1,2,1,0,0,142,189.0,8,red
213,shuckle,2,,107,10,14,4.0,4,190,50.0,0,20.0,0,4,0,0,0,243,,10,yellow
214,heracross,2,,108,2,12,2.0,4,45,50.0,0,25.0,1,1,1,0,0,244,,2,blue
215,sneasel,2,,109,1,6,2.0,4,60,35.0,0,20.0,1,4,0,0,0,245,181.0,1,black
216,teddiursa,2,,110,3,6,4.0,4,120,70.0,0,20.0,0,2,0,0,0,247,,3,brown
217,ursaring,2,216.0,110,3,6,4.0,4,60,70.0,0,20.0,1,2,0,0,0,248,,3,brown
218,slugma,2,,111,8,2,4.0,4,190,70.0,0,20.0,0,2,0,0,0,249,,8,red
219,magcargo,2,218.0,111,8,2,4.0,4,75,70.0,0,20.0,0,2,0,0,0,250,,8,red
220,swinub,2,,112,3,8,1.0,4,225,50.0,0,20.0,0,1,0,0,0,251,,3,brown
221,piloswine,2,220.0,112,3,8,1.0,4,75,50.0,0,20.0,1,1,0,0,0,252,,3,brown
222,corsola,2,,113,6,14,7.0,6,60,50.0,0,20.0,0,3,0,0,0,254,,6,pink
223,remoraid,2,,114,4,3,7.0,4,190,50.0,0,20.0,0,2,0,0,0,255,,4,gray
224,octillery,2,223.0,114,8,10,7.0,4,75,50.0,0,20.0,1,2,0,0,0,256,,8,red
225,delibird,2,,115,8,9,4.0,4,45,50.0,0,20.0,0,3,0,0,0,257,,8,red
226,mantine,2,458.0,116,7,9,7.0,4,25,50.0,0,25.0,0,1,0,0,0,259,,7,purple
227,skarmory,2,,117,4,9,6.0,4,25,50.0,0,25.0,0,1,0,0,0,260,,4,gray
228,houndour,2,,118,1,8,6.0,4,120,35.0,0,20.0,0,1,0,0,0,261,,1,black
229,houndoom,2,228.0,118,1,8,6.0,4,45,35.0,0,20.0,1,1,1,0,0,262,,1,black
230,kingdra,2,117.0,54,2,5,7.0,4,45,50.0,0,20.0,0,2,0,0,0,134,,2,blue
231,phanpy,2,,119,2,8,6.0,4,120,70.0,0,20.0,0,2,0,0,0,263,,2,blue
232,donphan,2,231.0,119,4,8,6.0,4,60,70.0,0,20.0,1,2,0,0,0,264,,4,gray
233,porygon2,2,137.0,68,8,7,8.0,-1,45,50.0,0,20.0,0,2,0,0,0,167,,8,red
234,stantler,2,,120,3,8,2.0,4,45,70.0,0,20.0,0,1,0,0,0,265,,3,brown
235,smeargle,2,,121,9,6,8.0,4,45,70.0,0,20.0,0,3,0,0,0,266,,9,white
236,tyrogue,2,,47,7,12,8.0,0,75,50.0,1,25.0,0,2,0,0,0,115,,7,purple
237,hitmontop,2,236.0,47,3,6,8.0,0,45,50.0,0,25.0,0,2,0,0,0,118,,3,brown
238,smoochum,2,,59,6,12,8.0,8,45,50.0,1,25.0,0,2,0,0,0,143,,6,pink
239,elekid,2,,60,10,12,3.0,2,45,50.0,1,25.0,0,2,0,0,0,145,,10,yellow
240,magby,2,,61,8,6,4.0,2,45,50.0,1,25.0,0,2,0,0,0,148,,8,red
241,miltank,2,,122,6,6,3.0,8,45,50.0,0,20.0,0,1,0,0,0,267,,6,pink
242,blissey,2,113.0,51,6,12,8.0,8,30,140.0,0,40.0,0,3,0,0,0,128,,6,pink
243,raikou,2,,123,10,8,3.0,-1,3,35.0,0,80.0,0,1,0,1,0,268,,10,yellow
244,entei,2,,124,3,8,3.0,-1,3,35.0,0,80.0,0,1,0,1,0,269,,3,brown
245,suicune,2,,125,2,8,3.0,-1,3,35.0,0,80.0,0,1,0,1,0,270,,2,blue
246,larvitar,2,,126,5,6,4.0,4,45,35.0,0,40.0,0,1,0,0,0,271,79.0,5,green
247,pupitar,2,246.0,126,4,2,4.0,4,45,35.0,0,40.0,0,1,0,0,0,272,80.0,4,gray
248,tyranitar,2,247.0,126,5,6,4.0,4,45,35.0,0,40.0,0,1,1,0,0,273,81.0,5,green
249,lugia,2,,127,9,9,5.0,-1,3,0.0,0,120.0,0,1,0,1,0,274,,9,white
250,ho-oh,2,,128,8,9,5.0,-1,3,0.0,0,120.0,0,1,0,1,0,275,,8,red
251,celebi,2,,129,5,12,2.0,-1,45,100.0,0,120.0,0,4,0,0,1,276,,5,green
252,treecko,3,,130,5,6,2.0,1,45,50.0,0,20.0,0,4,0,0,0,277,130.0,5,green
253,grovyle,3,252.0,130,5,6,2.0,1,45,50.0,0,20.0,0,4,0,0,0,278,131.0,5,green
254,sceptile,3,253.0,130,5,6,2.0,1,45,50.0,0,20.0,0,4,1,0,0,279,132.0,5,green
255,torchic,3,,131,8,7,3.0,1,45,50.0,0,20.0,1,4,0,0,0,280,,8,red
256,combusken,3,255.0,131,8,6,3.0,1,45,50.0,0,20.0,1,4,0,0,0,281,,8,red
257,blaziken,3,256.0,131,8,6,3.0,1,45,50.0,0,20.0,1,4,1,0,0,282,,8,red
258,mudkip,3,,132,2,8,9.0,1,45,50.0,0,20.0,0,4,0,0,0,283,,2,blue
259,marshtomp,3,258.0,132,2,6,9.0,1,45,50.0,0,20.0,0,4,0,0,0,284,,2,blue
260,swampert,3,259.0,132,2,6,9.0,1,45,50.0,0,20.0,0,4,1,0,0,285,,2,blue
261,poochyena,3,,133,4,8,3.0,4,255,70.0,0,15.0,0,2,0,0,0,286,,4,gray
262,mightyena,3,261.0,133,4,8,3.0,4,127,70.0,0,15.0,0,2,0,0,0,287,,4,gray
263,zigzagoon,3,,134,3,8,3.0,4,255,50.0,0,15.0,0,2,0,0,0,288,,3,brown
264,linoone,3,263.0,134,9,8,3.0,4,90,50.0,0,15.0,0,2,0,0,0,289,,9,white
265,wurmple,3,,135,8,14,2.0,4,255,70.0,0,15.0,0,2,0,0,0,290,,8,red
266,silcoon,3,265.0,135,9,1,2.0,4,120,70.0,0,15.0,0,2,0,0,0,291,,9,white
267,beautifly,3,266.0,135,10,13,2.0,4,45,70.0,0,15.0,1,2,0,0,0,292,,10,yellow
268,cascoon,3,265.0,135,7,1,2.0,4,120,70.0,0,15.0,0,2,0,0,0,293,,7,purple
269,dustox,3,268.0,135,5,13,2.0,4,45,70.0,0,15.0,1,2,0,0,0,294,,5,green
270,lotad,3,,136,5,14,9.0,4,255,50.0,0,15.0,0,4,0,0,0,295,,5,green
271,lombre,3,270.0,136,5,12,9.0,4,120,50.0,0,15.0,0,4,0,0,0,296,,5,green
272,ludicolo,3,271.0,136,5,12,9.0,4,45,50.0,0,15.0,1,4,0,0,0,297,,5,green
273,seedot,3,,137,3,7,2.0,4,255,50.0,0,15.0,0,4,0,0,0,298,,3,brown
274,nuzleaf,3,273.0,137,3,12,2.0,4,120,50.0,0,15.0,1,4,0,0,0,299,,3,brown
275,shiftry,3,274.0,137,3,12,2.0,4,45,50.0,0,15.0,1,4,0,0,0,300,,3,brown
276,taillow,3,,138,2,9,3.0,4,200,70.0,0,15.0,0,4,0,0,0,301,,2,blue
277,swellow,3,276.0,138,2,9,3.0,4,45,70.0,0,15.0,0,4,0,0,0,302,,2,blue
278,wingull,3,,139,9,9,7.0,4,190,50.0,0,20.0,0,2,0,0,0,303,,9,white
279,pelipper,3,278.0,139,10,9,7.0,4,45,50.0,0,20.0,0,2,0,0,0,304,,10,yellow
280,ralts,3,,140,9,12,8.0,4,235,35.0,0,20.0,0,1,0,0,0,305,9.0,9,white
281,kirlia,3,280.0,140,9,12,8.0,4,120,35.0,0,20.0,0,1,0,0,0,306,10.0,9,white
282,gardevoir,3,281.0,140,9,12,8.0,4,45,35.0,0,20.0,0,1,1,0,0,307,11.0,9,white
283,surskit,3,,141,2,14,9.0,4,200,70.0,0,15.0,0,2,0,0,0,309,,2,blue
284,masquerain,3,283.0,141,2,13,9.0,4,75,70.0,0,15.0,0,2,0,0,0,310,,2,blue
285,shroomish,3,,142,3,7,2.0,4,255,70.0,0,15.0,0,6,0,0,0,311,,3,brown
286,breloom,3,285.0,142,5,6,2.0,4,90,70.0,0,15.0,0,6,0,0,0,312,,5,green
287,slakoth,3,,143,3,8,2.0,4,255,70.0,0,15.0,0,1,0,0,0,313,,3,brown
288,vigoroth,3,287.0,143,9,6,2.0,4,120,70.0,0,15.0,0,1,0,0,0,314,,9,white
289,slaking,3,288.0,143,3,12,2.0,4,45,70.0,0,15.0,0,1,0,0,0,315,,3,brown
290,nincada,3,,144,4,14,2.0,4,255,50.0,0,15.0,0,5,0,0,0,316,,4,gray
291,ninjask,3,290.0,144,10,13,2.0,4,120,50.0,0,15.0,0,5,0,0,0,317,,10,yellow
292,shedinja,3,290.0,144,3,5,2.0,-1,45,50.0,0,15.0,0,5,0,0,0,318,,3,brown
293,whismur,3,,145,6,6,1.0,4,190,50.0,0,20.0,0,4,0,0,0,319,,6,pink
294,loudred,3,293.0,145,2,6,1.0,4,120,50.0,0,20.0,0,4,0,0,0,320,,2,blue
295,exploud,3,294.0,145,2,6,1.0,4,45,50.0,0,20.0,0,4,0,0,0,321,,2,blue
296,makuhita,3,,146,10,12,4.0,2,180,70.0,0,20.0,0,6,0,0,0,322,,10,yellow
297,hariyama,3,296.0,146,3,12,4.0,2,200,70.0,0,20.0,0,6,0,0,0,323,,3,brown
298,azurill,3,,90,2,7,9.0,6,150,50.0,1,10.0,0,3,0,0,0,211,,2,blue
299,nosepass,3,,147,4,12,1.0,4,255,70.0,0,20.0,0,2,0,0,0,324,,4,gray
300,skitty,3,,148,6,8,2.0,6,255,70.0,0,15.0,0,3,0,0,0,326,,6,pink
301,delcatty,3,300.0,148,7,8,2.0,6,60,70.0,0,15.0,0,3,0,0,0,327,,7,purple
302,sableye,3,,149,7,12,1.0,4,45,35.0,0,25.0,0,4,1,0,0,328,,7,purple
303,mawile,3,,150,1,12,1.0,4,45,50.0,0,20.0,0,3,1,0,0,329,,1,black
304,aron,3,,151,4,8,4.0,4,180,35.0,0,35.0,0,1,0,0,0,330,149.0,4,gray
305,lairon,3,304.0,151,4,8,4.0,4,90,35.0,0,35.0,0,1,0,0,0,331,150.0,4,gray
306,aggron,3,305.0,151,4,6,4.0,4,45,35.0,0,35.0,0,1,1,0,0,332,151.0,4,gray
307,meditite,3,,152,2,12,4.0,4,180,70.0,0,20.0,1,2,0,0,0,333,,2,blue
308,medicham,3,307.0,152,8,12,4.0,4,90,70.0,0,20.0,1,2,1,0,0,334,,8,red
309,electrike,3,,153,5,8,3.0,4,120,50.0,0,20.0,0,1,0,0,0,335,,5,green
310,manectric,3,309.0,153,10,8,3.0,4,45,50.0,0,20.0,0,1,1,0,0,336,,10,yellow
311,plusle,3,,154,10,6,3.0,4,200,70.0,0,20.0,0,2,0,0,0,337,,10,yellow
312,minun,3,,155,10,6,3.0,4,200,70.0,0,20.0,0,2,0,0,0,338,,10,yellow
313,volbeat,3,,156,4,6,2.0,0,150,70.0,0,15.0,0,5,0,0,0,339,,4,gray
314,illumise,3,,157,7,12,2.0,8,150,70.0,0,15.0,0,6,0,0,0,340,,7,purple
315,roselia,3,406.0,158,5,12,3.0,4,150,50.0,0,20.0,1,4,0,0,0,342,,5,green
316,gulpin,3,,159,5,4,3.0,4,225,70.0,0,20.0,1,6,0,0,0,344,,5,green
317,swalot,3,316.0,159,7,4,3.0,4,75,70.0,0,20.0,1,6,0,0,0,345,,7,purple
318,carvanha,3,,160,8,3,7.0,4,225,35.0,0,20.0,0,1,0,0,0,346,,8,red
319,sharpedo,3,318.0,160,2,3,7.0,4,60,35.0,0,20.0,0,1,1,0,0,347,,2,blue
320,wailmer,3,,161,2,3,7.0,4,125,50.0,0,40.0,0,6,0,0,0,348,,2,blue
321,wailord,3,320.0,161,2,3,7.0,4,60,50.0,0,40.0,0,6,0,0,0,349,,2,blue
322,numel,3,,162,10,8,4.0,4,255,70.0,0,20.0,1,2,0,0,0,350,,10,yellow
323,camerupt,3,322.0,162,8,8,4.0,4,150,70.0,0,20.0,1,2,1,0,0,351,,8,red
324,torkoal,3,,163,3,8,4.0,4,90,50.0,0,20.0,0,2,0,0,0,352,,3,brown
325,spoink,3,,164,1,4,4.0,4,255,70.0,0,20.0,0,3,0,0,0,353,,1,black
326,grumpig,3,325.0,164,7,6,4.0,4,60,70.0,0,20.0,0,3,0,0,0,354,,7,purple
327,spinda,3,,165,3,6,4.0,4,255,70.0,0,15.0,0,3,0,0,0,355,,3,brown
328,trapinch,3,,166,3,14,6.0,4,255,50.0,0,20.0,0,4,0,0,0,356,,3,brown
329,vibrava,3,328.0,166,5,13,6.0,4,120,50.0,0,20.0,0,4,0,0,0,357,,5,green
330,flygon,3,329.0,166,5,9,6.0,4,45,50.0,0,20.0,0,4,0,0,0,358,,5,green
331,cacnea,3,,167,5,12,6.0,4,190,35.0,0,20.0,0,4,0,0,0,359,,5,green
332,cacturne,3,331.0,167,5,12,6.0,4,60,35.0,0,20.0,1,4,0,0,0,360,,5,green
333,swablu,3,,168,2,9,2.0,4,255,50.0,0,20.0,0,5,0,0,0,361,,2,blue
334,altaria,3,333.0,168,2,9,2.0,4,45,50.0,0,20.0,0,5,1,0,0,362,,2,blue
335,zangoose,3,,169,9,6,3.0,4,90,70.0,0,20.0,0,5,0,0,0,363,,9,white
336,seviper,3,,170,1,2,3.0,4,90,70.0,0,20.0,0,6,0,0,0,364,,1,black
337,lunatone,3,,171,10,1,1.0,-1,45,50.0,0,25.0,0,3,0,0,0,365,,10,yellow
338,solrock,3,,172,8,1,1.0,-1,45,50.0,0,25.0,0,3,0,0,0,366,,8,red
339,barboach,3,,173,4,3,9.0,4,190,50.0,0,20.0,0,2,0,0,0,367,,4,gray
340,whiscash,3,339.0,173,2,3,9.0,4,75,50.0,0,20.0,0,2,0,0,0,368,,2,blue
341,corphish,3,,174,8,14,9.0,4,205,50.0,0,15.0,0,6,0,0,0,369,,8,red
342,crawdaunt,3,341.0,174,8,14,9.0,4,155,50.0,0,15.0,0,6,0,0,0,370,,8,red
343,baltoy,3,,175,3,4,6.0,-1,255,50.0,0,20.0,0,2,0,0,0,371,,3,brown
344,claydol,3,343.0,175,1,4,6.0,-1,90,50.0,0,20.0,0,2,0,0,0,372,,1,black
345,lileep,3,,176,7,5,7.0,1,45,50.0,0,30.0,0,5,0,0,0,373,,7,purple
346,cradily,3,345.0,176,5,5,7.0,1,45,50.0,0,30.0,0,5,0,0,0,374,,5,green
347,anorith,3,,177,4,14,9.0,1,45,50.0,0,30.0,0,5,0,0,0,375,171.0,4,gray
348,armaldo,3,347.0,177,4,6,9.0,1,45,50.0,0,30.0,0,5,0,0,0,376,172.0,4,gray
349,feebas,3,,178,3,3,9.0,4,255,50.0,0,20.0,0,5,0,0,0,377,,3,brown
350,milotic,3,349.0,178,6,2,9.0,4,60,50.0,0,20.0,1,5,0,0,0,378,,6,pink
351,castform,3,,179,4,1,3.0,4,45,70.0,0,25.0,0,2,1,0,0,379,,4,gray
352,kecleon,3,,180,5,6,2.0,4,200,70.0,0,20.0,0,4,0,0,0,380,,5,green
353,shuppet,3,,181,1,1,8.0,4,225,35.0,0,25.0,0,3,0,0,0,381,,1,black
354,banette,3,353.0,181,1,6,8.0,4,45,35.0,0,25.0,0,3,1,0,0,382,,1,black
355,duskull,3,,182,1,4,2.0,4,190,35.0,0,25.0,0,3,0,0,0,383,69.0,1,black
356,dusclops,3,355.0,182,1,12,2.0,4,90,35.0,0,25.0,0,3,0,0,0,384,70.0,1,black
357,tropius,3,,183,5,8,2.0,4,200,70.0,0,25.0,0,1,0,0,0,386,,5,green
358,chimecho,3,433.0,184,2,4,3.0,4,45,70.0,0,25.0,0,3,0,0,0,388,53.0,2,blue
359,absol,3,,185,9,8,4.0,4,30,35.0,0,25.0,0,4,1,0,0,389,,9,white
360,wynaut,3,,100,2,6,1.0,4,125,50.0,1,20.0,0,2,0,0,0,232,,2,blue
361,snorunt,3,,186,4,12,1.0,4,190,50.0,0,20.0,0,2,0,0,0,390,93.0,4,gray
362,glalie,3,361.0,186,4,1,1.0,4,75,50.0,0,20.0,0,2,1,0,0,391,94.0,4,gray
363,spheal,3,,187,2,3,7.0,4,255,50.0,0,20.0,0,4,0,0,0,393,60.0,2,blue
364,sealeo,3,363.0,187,2,3,7.0,4,120,50.0,0,20.0,0,4,0,0,0,394,61.0,2,blue
365,walrein,3,364.0,187,2,8,7.0,4,45,50.0,0,20.0,0,4,0,0,0,395,62.0,2,blue
366,clamperl,3,,188,2,1,7.0,4,255,70.0,0,20.0,0,5,0,0,0,396,,2,blue
367,huntail,3,366.0,188,2,2,7.0,4,60,70.0,0,20.0,0,5,0,0,0,397,,2,blue
368,gorebyss,3,366.0,188,6,2,7.0,4,60,70.0,0,20.0,0,5,0,0,0,398,,6,pink
369,relicanth,3,,189,4,3,7.0,1,25,50.0,0,40.0,1,1,0,0,0,399,,4,gray
370,luvdisc,3,,190,6,3,7.0,6,225,70.0,0,20.0,0,3,0,0,0,400,,6,pink
371,bagon,3,,191,2,12,6.0,4,45,35.0,0,40.0,0,1,0,0,0,401,,2,blue
372,shelgon,3,371.0,191,9,8,6.0,4,45,35.0,0,40.0,0,1,0,0,0,402,,9,white
373,salamence,3,372.0,191,2,8,6.0,4,45,35.0,0,40.0,0,1,1,0,0,403,,2,blue
374,beldum,3,,192,2,5,6.0,-1,3,35.0,0,40.0,0,1,0,0,0,404,82.0,2,blue
375,metang,3,374.0,192,2,4,6.0,-1,3,35.0,0,40.0,0,1,0,0,0,405,83.0,2,blue
376,metagross,3,375.0,192,2,11,6.0,-1,3,35.0,0,40.0,0,1,1,0,0,406,84.0,2,blue
377,regirock,3,,193,3,12,1.0,-1,3,35.0,0,80.0,0,1,0,1,0,407,,3,brown
378,regice,3,,194,2,12,1.0,-1,3,35.0,0,80.0,0,1,0,1,0,408,,2,blue
379,registeel,3,,195,4,12,1.0,-1,3,35.0,0,80.0,0,1,0,1,0,409,193.0,4,gray
380,latias,3,,196,8,9,9.0,8,3,90.0,0,120.0,0,1,1,1,0,410,,8,red
381,latios,3,,197,2,9,9.0,0,3,90.0,0,120.0,0,1,1,1,0,411,,2,blue
382,kyogre,3,,198,2,3,7.0,-1,3,0.0,0,120.0,0,1,1,1,0,412,,2,blue
383,groudon,3,,199,8,6,6.0,-1,3,0.0,0,120.0,0,1,1,1,0,413,194.0,8,red
384,rayquaza,3,,200,5,2,5.0,-1,45,0.0,0,120.0,0,1,1,1,0,414,200.0,5,green
385,jirachi,3,,201,10,12,4.0,-1,3,100.0,0,120.0,0,1,0,0,1,415,,10,yellow
386,deoxys,3,,202,8,12,5.0,-1,3,0.0,0,120.0,0,1,1,0,1,416,,8,red
387,turtwig,4,,203,5,8,,1,45,70.0,0,20.0,0,4,0,0,0,417,,5,green
388,grotle,4,387.0,203,5,8,,1,45,70.0,0,20.0,0,4,0,0,0,418,,5,green
389,torterra,4,388.0,203,5,8,,1,45,70.0,0,20.0,0,4,0,0,0,419,,5,green
390,chimchar,4,,204,3,6,,1,45,70.0,0,20.0,0,4,0,0,0,420,115.0,3,brown
391,monferno,4,390.0,204,3,6,,1,45,70.0,0,20.0,0,4,0,0,0,421,116.0,3,brown
392,infernape,4,391.0,204,3,6,,1,45,70.0,0,20.0,0,4,0,0,0,422,117.0,3,brown
393,piplup,4,,205,2,12,,1,45,70.0,0,20.0,0,4,0,0,0,423,133.0,2,blue
394,prinplup,4,393.0,205,2,6,,1,45,70.0,0,20.0,0,4,0,0,0,424,134.0,2,blue
395,empoleon,4,394.0,205,2,6,,1,45,70.0,0,20.0,0,4,0,0,0,425,135.0,2,blue
396,starly,4,,206,3,9,,4,255,70.0,0,15.0,1,4,0,0,0,426,26.0,3,brown
397,staravia,4,396.0,206,3,9,,4,120,70.0,0,15.0,1,4,0,0,0,427,27.0,3,brown
398,staraptor,4,397.0,206,3,9,,4,45,70.0,0,15.0,1,4,0,0,0,428,28.0,3,brown
399,bidoof,4,,207,3,8,,4,255,70.0,0,15.0,1,2,0,0,0,429,29.0,3,brown
400,bibarel,4,399.0,207,3,6,,4,127,70.0,0,15.0,1,2,0,0,0,430,30.0,3,brown
401,kricketot,4,,208,8,12,,4,255,70.0,0,15.0,1,4,0,0,0,431,,8,red
402,kricketune,4,401.0,208,8,13,,4,45,70.0,0,15.0,1,4,0,0,0,432,,8,red
403,shinx,4,,209,2,8,,4,235,50.0,0,20.0,1,4,0,0,0,433,34.0,2,blue
404,luxio,4,403.0,209,2,8,,4,120,100.0,0,20.0,1,4,0,0,0,434,35.0,2,blue
405,luxray,4,404.0,209,2,8,,4,45,50.0,0,20.0,1,4,0,0,0,435,36.0,2,blue
406,budew,4,,158,5,12,,4,255,50.0,1,20.0,0,4,0,0,0,341,,5,green
407,roserade,4,315.0,158,5,12,,4,75,50.0,0,20.0,1,4,0,0,0,343,,5,green
408,cranidos,4,,211,2,6,,1,45,70.0,0,30.0,0,5,0,0,0,436,,2,blue
409,rampardos,4,408.0,211,2,6,,1,45,70.0,0,30.0,0,5,0,0,0,437,,2,blue
410,shieldon,4,,212,4,8,,1,45,70.0,0,30.0,0,5,0,0,0,438,163.0,4,gray
411,bastiodon,4,410.0,212,4,8,,1,45,70.0,0,30.0,0,5,0,0,0,439,164.0,4,gray
412,burmy,4,,213,5,5,,4,120,70.0,0,15.0,0,2,1,0,0,440,,5,green
413,wormadam,4,412.0,213,5,5,,8,45,70.0,0,15.0,0,2,0,0,0,441,,5,green
414,mothim,4,412.0,213,10,13,,0,45,70.0,0,15.0,0,2,0,0,0,442,,10,yellow
415,combee,4,,214,10,11,,1,120,50.0,0,15.0,1,4,0,0,0,443,,10,yellow
416,vespiquen,4,415.0,214,10,13,,8,45,50.0,0,15.0,0,4,0,0,0,444,,10,yellow
417,pachirisu,4,,215,9,8,,4,200,100.0,0,10.0,1,2,0,0,0,445,,9,white
418,buizel,4,,216,3,8,,4,190,70.0,0,20.0,1,2,0,0,0,446,,3,brown
419,floatzel,4,418.0,216,3,8,,4,75,70.0,0,20.0,1,2,0,0,0,447,,3,brown
420,cherubi,4,,217,6,11,,4,190,50.0,0,20.0,0,2,0,0,0,448,,6,pink
421,cherrim,4,420.0,217,7,7,,4,75,50.0,0,20.0,0,2,1,0,0,449,,7,purple
422,shellos,4,,218,7,2,,4,190,50.0,0,20.0,0,2,0,0,0,450,,7,purple
423,gastrodon,4,422.0,218,7,2,,4,75,50.0,0,20.0,0,2,0,0,0,451,,7,purple
424,ambipom,4,190.0,93,7,6,,4,45,100.0,0,20.0,1,3,0,0,0,220,,7,purple
425,drifloon,4,,219,7,4,,4,125,50.0,0,30.0,0,6,0,0,0,452,167.0,7,purple
426,drifblim,4,425.0,219,7,4,,4,60,50.0,0,30.0,0,6,0,0,0,453,168.0,7,purple
427,buneary,4,,220,3,6,,4,190,0.0,0,20.0,0,2,0,0,0,454,,3,brown
428,lopunny,4,427.0,220,3,6,,4,60,140.0,0,20.0,0,2,1,0,0,455,,3,brown
429,mismagius,4,200.0,98,7,1,,4,45,35.0,0,25.0,0,3,0,0,0,230,184.0,7,purple
430,honchkrow,4,198.0,97,1,9,,4,30,35.0,0,20.0,0,4,0,0,0,228,,1,black
431,glameow,4,,221,4,8,,6,190,70.0,0,20.0,0,3,0,0,0,456,,4,gray
432,purugly,4,431.0,221,4,8,,6,75,70.0,0,20.0,0,3,0,0,0,457,,4,gray
433,chingling,4,,184,10,12,,4,120,70.0,1,25.0,0,3,0,0,0,387,52.0,10,yellow
434,stunky,4,,223,7,8,,4,225,50.0,0,20.0,0,2,0,0,0,458,,7,purple
435,skuntank,4,434.0,223,7,8,,4,60,50.0,0,20.0,0,2,0,0,0,459,,7,purple
436,bronzor,4,,224,5,1,,-1,255,50.0,0,20.0,0,2,0,0,0,460,,5,green
437,bronzong,4,436.0,224,5,4,,-1,90,50.0,0,20.0,0,2,0,0,0,461,,5,green
438,bonsly,4,,91,3,7,,4,255,50.0,1,20.0,0,2,0,0,0,214,,3,brown
439,mime-jr,4,,57,6,12,,4,145,50.0,1,25.0,0,2,0,0,0,139,,6,pink
440,happiny,4,,51,6,12,,8,130,140.0,1,40.0,0,3,0,0,0,126,,6,pink
441,chatot,4,,228,1,9,,4,30,35.0,0,20.0,0,4,0,0,0,462,,1,black
442,spiritomb,4,,229,7,5,,4,100,50.0,0,30.0,0,2,0,0,0,463,187.0,7,purple
443,gible,4,,230,2,6,,4,45,50.0,0,40.0,1,1,0,0,0,464,85.0,2,blue
444,gabite,4,443.0,230,2,6,,4,45,50.0,0,40.0,1,1,0,0,0,465,86.0,2,blue
445,garchomp,4,444.0,230,2,6,,4,45,50.0,0,40.0,1,1,1,0,0,466,87.0,2,blue
446,munchlax,4,,72,1,12,,1,50,50.0,1,40.0,0,1,0,0,0,174,178.0,1,black
447,riolu,4,,232,2,6,,1,75,50.0,1,25.0,0,4,0,0,0,467,50.0,2,blue
448,lucario,4,447.0,232,2,6,,1,45,50.0,0,25.0,0,4,1,0,0,468,51.0,2,blue
449,hippopotas,4,,233,3,8,,4,140,50.0,0,30.0,1,1,0,0,0,469,,3,brown
450,hippowdon,4,449.0,233,3,8,,4,60,50.0,0,30.0,1,1,0,0,0,470,,3,brown
451,skorupi,4,,234,7,14,,4,120,50.0,0,20.0,0,1,0,0,0,471,156.0,7,purple
452,drapion,4,451.0,234,7,14,,4,45,50.0,0,20.0,0,1,0,0,0,472,157.0,7,purple
453,croagunk,4,,235,2,12,,4,140,100.0,0,10.0,1,2,0,0,0,473,88.0,2,blue
454,toxicroak,4,453.0,235,2,12,,4,75,50.0,0,20.0,1,2,0,0,0,474,89.0,2,blue
455,carnivine,4,,236,5,10,,4,200,70.0,0,25.0,0,1,0,0,0,475,186.0,5,green
456,finneon,4,,237,2,3,,4,190,70.0,0,20.0,1,5,0,0,0,476,,2,blue
457,lumineon,4,456.0,237,2,3,,4,75,70.0,0,20.0,1,5,0,0,0,477,,2,blue
458,mantyke,4,,116,2,9,,4,25,50.0,1,25.0,0,1,0,0,0,258,,2,blue
459,snover,4,,239,9,6,,4,120,50.0,0,20.0,1,1,0,0,0,478,,9,white
460,abomasnow,4,459.0,239,9,6,,4,60,50.0,0,20.0,1,1,1,0,0,479,,9,white
461,weavile,4,215.0,109,1,6,,4,45,35.0,0,20.0,1,4,0,0,0,246,182.0,1,black
462,magnezone,4,82.0,34,4,4,,-1,30,50.0,0,20.0,0,2,0,0,0,90,,4,gray
463,lickilicky,4,108.0,48,6,12,,4,30,50.0,0,20.0,0,2,0,0,0,120,,6,pink
464,rhyperior,4,112.0,50,4,6,,4,30,50.0,0,20.0,1,1,0,0,0,125,162.0,4,gray
465,tangrowth,4,114.0,52,2,12,,4,30,50.0,0,20.0,1,2,0,0,0,130,,2,blue
466,electivire,4,125.0,60,10,6,,2,30,50.0,0,25.0,0,2,0,0,0,147,,10,yellow
467,magmortar,4,126.0,61,8,6,,2,30,50.0,0,25.0,0,2,0,0,0,150,,8,red
468,togekiss,4,176.0,87,9,9,,1,30,50.0,0,10.0,0,3,0,0,0,205,,9,white
469,yanmega,4,193.0,95,5,13,,4,30,70.0,0,20.0,0,2,0,0,0,224,,5,green
470,leafeon,4,133.0,67,5,8,,1,45,35.0,0,35.0,0,2,0,0,0,163,7.0,5,green
471,glaceon,4,133.0,67,2,8,,1,45,35.0,0,35.0,0,2,0,0,0,164,8.0,2,blue
472,gliscor,4,207.0,104,7,9,,4,30,70.0,0,20.0,0,4,0,0,0,239,,7,purple
473,mamoswine,4,221.0,112,3,8,,4,50,50.0,0,20.0,1,1,0,0,0,253,,3,brown
474,porygon-z,4,233.0,68,8,4,,-1,30,50.0,0,20.0,0,2,0,0,0,168,,8,red
475,gallade,4,281.0,140,9,12,,0,45,35.0,0,20.0,0,1,1,0,0,308,12.0,9,white
476,probopass,4,299.0,147,4,11,,4,60,70.0,0,20.0,0,2,0,0,0,325,,4,gray
477,dusknoir,4,356.0,182,1,4,,4,45,35.0,0,25.0,0,3,0,0,0,385,71.0,1,black
478,froslass,4,361.0,186,9,4,,8,75,50.0,0,20.0,0,2,0,0,0,392,95.0,9,white
479,rotom,4,,240,8,1,,-1,45,50.0,0,20.0,0,2,1,0,0,480,,8,red
480,uxie,4,,241,10,6,,-1,3,140.0,0,80.0,0,1,0,1,0,481,,10,yellow
481,mesprit,4,,242,6,6,,-1,3,140.0,0,80.0,0,1,0,1,0,482,,6,pink
482,azelf,4,,243,2,6,,-1,3,140.0,0,80.0,0,1,0,1,0,483,,2,blue
483,dialga,4,,244,9,8,,-1,3,0.0,0,120.0,0,1,0,1,0,484,195.0,9,white
484,palkia,4,,245,7,6,,-1,3,0.0,0,120.0,0,1,0,1,0,485,,7,purple
485,heatran,4,,246,3,8,,4,3,100.0,0,10.0,0,1,0,1,0,486,,3,brown
486,regigigas,4,,247,9,12,,-1,3,0.0,0,120.0,0,1,0,1,0,487,,9,white
487,giratina,4,,248,1,10,,-1,3,0.0,0,120.0,0,1,1,1,0,488,,1,black
488,cresselia,4,,249,10,2,,8,3,100.0,0,120.0,0,1,0,1,0,489,,10,yellow
489,phione,4,,250,2,4,,-1,30,70.0,0,40.0,0,1,0,0,1,490,,2,blue
490,manaphy,4,,250,2,12,,-1,3,70.0,0,10.0,0,1,0,0,1,491,,2,blue
491,darkrai,4,,252,1,12,,-1,3,0.0,0,120.0,0,1,0,0,1,492,,1,black
492,shaymin,4,,253,5,8,,-1,45,100.0,0,120.0,0,4,1,0,1,493,,5,green
493,arceus,4,,254,9,8,,-1,3,0.0,0,120.0,0,1,1,0,1,494,199.0,9,white
494,victini,5,,255,10,12,,-1,3,100.0,0,120.0,0,1,0,0,1,495,,10,yellow
495,snivy,5,,256,5,6,,1,45,70.0,0,20.0,0,4,0,0,0,496,118.0,5,green
496,servine,5,495.0,256,5,6,,1,45,70.0,0,20.0,0,4,0,0,0,497,119.0,5,green
497,serperior,5,496.0,256,5,2,,1,45,70.0,0,20.0,0,4,0,0,0,498,120.0,5,green
498,tepig,5,,257,8,8,,1,45,70.0,0,20.0,0,4,0,0,0,499,121.0,8,red
499,pignite,5,498.0,257,8,6,,1,45,70.0,0,20.0,0,4,0,0,0,500,122.0,8,red
500,emboar,5,499.0,257,8,6,,1,45,70.0,0,20.0,0,4,0,0,0,501,123.0,8,red
501,oshawott,5,,258,2,6,,1,45,70.0,0,20.0,0,4,0,0,0,502,106.0,2,blue
502,dewott,5,501.0,258,2,6,,1,45,70.0,0,20.0,0,4,0,0,0,503,107.0,2,blue
503,samurott,5,502.0,258,2,8,,1,45,70.0,0,20.0,0,4,0,0,0,504,108.0,2,blue
504,patrat,5,,259,3,8,,4,255,70.0,0,15.0,0,2,0,0,0,505,,3,brown
505,watchog,5,504.0,259,3,6,,4,255,70.0,0,20.0,0,2,0,0,0,506,,3,brown
506,lillipup,5,,260,3,8,,4,255,50.0,0,15.0,0,4,0,0,0,507,,3,brown
507,herdier,5,506.0,260,4,8,,4,120,50.0,0,15.0,0,4,0,0,0,508,,4,gray
508,stoutland,5,507.0,260,4,8,,4,45,50.0,0,15.0,0,4,0,0,0,509,,4,gray
509,purrloin,5,,261,7,8,,4,255,50.0,0,20.0,0,2,0,0,0,510,,7,purple
510,liepard,5,509.0,261,7,8,,4,90,50.0,0,20.0,0,2,0,0,0,511,,7,purple
511,pansage,5,,262,5,6,,1,190,70.0,0,20.0,0,2,0,0,0,512,136.0,5,green
512,simisage,5,511.0,262,5,6,,1,75,70.0,0,20.0,0,2,0,0,0,513,137.0,5,green
513,pansear,5,,263,8,6,,1,190,70.0,0,20.0,0,2,0,0,0,514,138.0,8,red
514,simisear,5,513.0,263,8,6,,1,75,70.0,0,20.0,0,2,0,0,0,515,139.0,8,red
515,panpour,5,,264,2,6,,1,190,70.0,0,20.0,0,2,0,0,0,516,140.0,2,blue
516,simipour,5,515.0,264,2,6,,1,75,70.0,0,20.0,0,2,0,0,0,517,141.0,2,blue
517,munna,5,,265,6,8,,4,190,50.0,0,10.0,0,3,0,0,0,518,72.0,6,pink
518,musharna,5,517.0,265,6,12,,4,75,50.0,0,10.0,0,3,0,0,0,519,73.0,6,pink
519,pidove,5,,266,4,9,,4,255,50.0,0,15.0,0,4,0,0,0,520,,4,gray
520,tranquill,5,519.0,266,4,9,,4,120,50.0,0,15.0,0,4,0,0,0,521,,4,gray
521,unfezant,5,520.0,266,4,9,,4,45,50.0,0,15.0,1,4,0,0,0,522,,4,gray
522,blitzle,5,,267,1,8,,4,190,70.0,0,20.0,0,2,0,0,0,523,74.0,1,black
523,zebstrika,5,522.0,267,1,8,,4,75,70.0,0,20.0,0,2,0,0,0,524,75.0,1,black
524,roggenrola,5,,268,2,7,,4,255,50.0,0,15.0,0,4,0,0,0,525,40.0,2,blue
525,boldore,5,524.0,268,2,10,,4,120,50.0,0,15.0,0,4,0,0,0,526,41.0,2,blue
526,gigalith,5,525.0,268,2,10,,4,45,50.0,0,15.0,0,4,0,0,0,527,42.0,2,blue
527,woobat,5,,269,2,9,,4,190,50.0,0,15.0,0,2,0,0,0,528,,2,blue
528,swoobat,5,527.0,269,2,9,,4,45,50.0,0,15.0,0,2,0,0,0,529,,2,blue
529,drilbur,5,,270,4,6,,4,120,50.0,0,20.0,0,2,0,0,0,530,152.0,4,gray
530,excadrill,5,529.0,270,4,12,,4,60,50.0,0,20.0,0,2,0,0,0,531,153.0,4,gray
531,audino,5,,271,6,6,,4,255,50.0,0,20.0,0,3,1,0,0,532,185.0,6,pink
532,timburr,5,,272,4,12,,2,180,70.0,0,20.0,0,4,0,0,0,533,101.0,4,gray
533,gurdurr,5,532.0,272,4,12,,2,90,50.0,0,20.0,0,4,0,0,0,534,102.0,4,gray
534,conkeldurr,5,533.0,272,3,12,,2,45,50.0,0,20.0,0,4,0,0,0,535,103.0,3,brown
535,tympole,5,,273,2,3,,4,255,50.0,0,20.0,0,4,0,0,0,536,,2,blue
536,palpitoad,5,535.0,273,2,6,,4,120,50.0,0,20.0,0,4,0,0,0,537,,2,blue
537,seismitoad,5,536.0,273,2,12,,4,45,50.0,0,20.0,0,4,0,0,0,538,,2,blue
538,throh,5,,274,8,12,,0,45,50.0,0,20.0,0,2,0,0,0,539,,8,red
539,sawk,5,,275,2,12,,0,45,50.0,0,20.0,0,2,0,0,0,540,,2,blue
540,sewaddle,5,,276,10,14,,4,255,70.0,0,15.0,0,4,0,0,0,541,124.0,10,yellow
541,swadloon,5,540.0,276,5,4,,4,120,70.0,0,15.0,0,4,0,0,0,542,125.0,5,green
542,leavanny,5,541.0,276,10,12,,4,45,70.0,0,15.0,0,4,0,0,0,543,126.0,10,yellow
543,venipede,5,,277,8,14,,4,255,50.0,0,15.0,0,4,0,0,0,544,31.0,8,red
544,whirlipede,5,543.0,277,4,1,,4,120,50.0,0,15.0,0,4,0,0,0,545,32.0,4,gray
545,scolipede,5,544.0,277,8,14,,4,45,50.0,0,20.0,0,4,0,0,0,546,33.0,8,red
546,cottonee,5,,278,5,1,,4,190,50.0,0,20.0,0,2,0,0,0,547,48.0,5,green
547,whimsicott,5,546.0,278,5,12,,4,75,50.0,0,20.0,0,2,0,0,0,548,49.0,5,green
548,petilil,5,,279,5,5,,8,190,50.0,0,20.0,0,2,0,0,0,549,43.0,5,green
549,lilligant,5,548.0,279,5,5,,8,75,50.0,0,20.0,0,2,0,0,0,550,44.0,5,green
550,basculin,5,,280,5,3,,4,25,50.0,0,40.0,0,2,0,0,0,551,,5,green
551,sandile,5,,281,3,8,,4,180,50.0,0,20.0,0,4,0,0,0,552,66.0,3,brown
552,krokorok,5,551.0,281,3,8,,4,90,50.0,0,20.0,0,4,0,0,0,553,67.0,3,brown
553,krookodile,5,552.0,281,8,6,,4,45,50.0,0,20.0,0,4,0,0,0,554,68.0,8,red
554,darumaka,5,,282,8,12,,4,120,50.0,0,20.0,0,4,0,0,0,555,142.0,8,red
555,darmanitan,5,554.0,282,8,8,,4,60,50.0,0,20.0,0,4,1,0,0,556,143.0,8,red
556,maractus,5,,283,5,5,,4,255,50.0,0,20.0,0,2,0,0,0,557,,5,green
557,dwebble,5,,284,8,14,,4,190,50.0,0,20.0,0,2,0,0,0,558,,8,red
558,crustle,5,557.0,284,8,14,,4,75,50.0,0,20.0,0,2,0,0,0,559,,8,red
559,scraggy,5,,285,10,6,,4,180,35.0,0,15.0,0,2,0,0,0,560,165.0,10,yellow
560,scrafty,5,559.0,285,8,6,,4,90,50.0,0,15.0,0,2,0,0,0,561,166.0,8,red
561,sigilyph,5,,286,1,9,,4,45,50.0,0,20.0,0,2,0,0,0,562,,1,black
562,yamask,5,,287,1,4,,4,190,50.0,0,25.0,0,2,0,0,0,563,,1,black
563,cofagrigus,5,562.0,287,10,5,,4,90,50.0,0,25.0,0,2,0,0,0,564,,10,yellow
564,tirtouga,5,,288,2,8,,1,45,50.0,0,30.0,0,2,0,0,0,565,,2,blue
565,carracosta,5,564.0,288,2,6,,1,45,50.0,0,30.0,0,2,0,0,0,566,,2,blue
566,archen,5,,289,10,9,,1,45,50.0,0,30.0,0,2,0,0,0,567,,10,yellow
567,archeops,5,566.0,289,10,9,,1,45,50.0,0,30.0,0,2,0,0,0,568,,10,yellow
568,trubbish,5,,290,5,12,,4,190,50.0,0,20.0,0,2,0,0,0,569,,5,green
569,garbodor,5,568.0,290,5,12,,4,60,50.0,0,20.0,0,2,0,0,0,570,,5,green
570,zorua,5,,291,4,8,,1,75,50.0,0,25.0,0,4,0,0,0,571,154.0,4,gray
571,zoroark,5,570.0,291,4,6,,1,45,50.0,0,20.0,0,4,0,0,0,572,155.0,4,gray
572,minccino,5,,292,4,8,,6,255,50.0,0,15.0,0,3,0,0,0,573,96.0,4,gray
573,cinccino,5,572.0,292,4,8,,6,60,50.0,0,15.0,0,3,0,0,0,574,97.0,4,gray
574,gothita,5,,293,7,12,,6,200,50.0,0,20.0,0,4,0,0,0,575,63.0,7,purple
575,gothorita,5,574.0,293,7,12,,6,100,50.0,0,20.0,0,4,0,0,0,576,64.0,7,purple
576,gothitelle,5,575.0,293,7,12,,6,50,50.0,0,20.0,0,4,0,0,0,577,65.0,7,purple
577,solosis,5,,294,5,1,,4,200,50.0,0,20.0,0,4,0,0,0,578,,5,green
578,duosion,5,577.0,294,5,1,,4,100,50.0,0,20.0,0,4,0,0,0,579,,5,green
579,reuniclus,5,578.0,294,5,4,,4,50,50.0,0,20.0,0,4,0,0,0,580,,5,green
580,ducklett,5,,295,2,9,,4,190,70.0,0,20.0,0,2,0,0,0,581,,2,blue
581,swanna,5,580.0,295,9,9,,4,45,70.0,0,20.0,0,2,0,0,0,582,,9,white
582,vanillite,5,,296,9,5,,4,255,50.0,0,20.0,0,1,0,0,0,583,,9,white
583,vanillish,5,582.0,296,9,5,,4,120,50.0,0,20.0,0,1,0,0,0,584,,9,white
584,vanilluxe,5,583.0,296,9,11,,4,45,50.0,0,20.0,0,1,0,0,0,585,,9,white
585,deerling,5,,297,6,8,,4,190,70.0,0,20.0,0,2,1,0,0,586,,6,pink
586,sawsbuck,5,585.0,297,3,8,,4,75,70.0,0,20.0,0,2,1,0,0,587,,3,brown
587,emolga,5,,298,9,8,,4,200,50.0,0,20.0,0,2,0,0,0,588,180.0,9,white
588,karrablast,5,,299,2,12,,4,200,50.0,0,15.0,0,2,0,0,0,589,,2,blue
589,escavalier,5,588.0,299,4,4,,4,75,50.0,0,15.0,0,2,0,0,0,590,,4,gray
590,foongus,5,,300,9,4,,4,190,50.0,0,20.0,0,2,0,0,0,591,,9,white
591,amoonguss,5,590.0,300,9,4,,4,75,50.0,0,20.0,0,2,0,0,0,592,,9,white
592,frillish,5,,301,9,10,,4,190,50.0,0,20.0,1,2,0,0,0,593,,9,white
593,jellicent,5,592.0,301,9,10,,4,60,50.0,0,20.0,1,2,0,0,0,594,,9,white
594,alomomola,5,,302,6,3,,4,75,70.0,0,40.0,0,3,0,0,0,595,,6,pink
595,joltik,5,,303,10,14,,4,190,50.0,0,20.0,0,2,0,0,0,596,147.0,10,yellow
596,galvantula,5,595.0,303,10,14,,4,75,50.0,0,20.0,0,2,0,0,0,597,148.0,10,yellow
597,ferroseed,5,,304,4,1,,4,255,50.0,0,20.0,0,2,0,0,0,598,,4,gray
598,ferrothorn,5,597.0,304,4,10,,4,90,50.0,0,20.0,0,2,0,0,0,599,,4,gray
599,klink,5,,305,4,11,,-1,130,50.0,0,20.0,0,4,0,0,0,600,,4,gray
600,klang,5,599.0,305,4,11,,-1,60,50.0,0,20.0,0,4,0,0,0,601,,4,gray
601,klinklang,5,600.0,305,4,11,,-1,30,50.0,0,20.0,0,4,0,0,0,602,,4,gray
602,tynamo,5,,306,9,3,,4,190,70.0,0,20.0,0,1,0,0,0,603,,9,white
603,eelektrik,5,602.0,306,2,3,,4,60,70.0,0,20.0,0,1,0,0,0,604,,2,blue
604,eelektross,5,603.0,306,2,3,,4,30,70.0,0,20.0,0,1,0,0,0,605,,2,blue
605,elgyem,5,,307,2,6,,4,255,50.0,0,20.0,0,2,0,0,0,606,,2,blue
606,beheeyem,5,605.0,307,3,12,,4,90,50.0,0,20.0,0,2,0,0,0,607,,3,brown
607,litwick,5,,308,9,5,,4,190,50.0,0,20.0,0,4,0,0,0,608,37.0,9,white
608,lampent,5,607.0,308,1,4,,4,90,50.0,0,20.0,0,4,0,0,0,609,38.0,1,black
609,chandelure,5,608.0,308,1,4,,4,45,50.0,0,20.0,0,4,0,0,0,610,39.0,1,black
610,axew,5,,309,5,6,,4,75,35.0,0,40.0,0,1,0,0,0,611,144.0,5,green
611,fraxure,5,610.0,309,5,6,,4,60,35.0,0,40.0,0,1,0,0,0,612,145.0,5,green
612,haxorus,5,611.0,309,10,6,,4,45,35.0,0,40.0,0,1,0,0,0,613,146.0,10,yellow
613,cubchoo,5,,310,9,6,,4,120,50.0,0,20.0,0,2,0,0,0,614,104.0,9,white
614,beartic,5,613.0,310,9,8,,4,60,50.0,0,20.0,0,2,0,0,0,615,105.0,9,white
615,cryogonal,5,,311,2,1,,-1,25,50.0,0,25.0,0,2,0,0,0,616,,2,blue
616,shelmet,5,,312,8,1,,4,200,50.0,0,15.0,0,2,0,0,0,617,,8,red
617,accelgor,5,616.0,312,8,4,,4,75,50.0,0,15.0,0,2,0,0,0,618,,8,red
618,stunfisk,5,,313,3,3,,4,75,70.0,0,20.0,0,2,0,0,0,619,,3,brown
619,mienfoo,5,,314,10,6,,4,180,50.0,0,25.0,0,4,0,0,0,620,,10,yellow
620,mienshao,5,619.0,314,7,6,,4,45,50.0,0,25.0,0,4,0,0,0,621,,7,purple
621,druddigon,5,,315,8,6,,4,45,50.0,0,30.0,0,2,0,0,0,622,,8,red
622,golett,5,,316,5,12,,-1,190,50.0,0,25.0,0,2,0,0,0,623,,5,green
623,golurk,5,622.0,316,5,12,,-1,90,50.0,0,25.0,0,2,0,0,0,624,,5,green
624,pawniard,5,,317,8,12,,4,120,35.0,0,20.0,0,2,0,0,0,625,158.0,8,red
625,bisharp,5,624.0,317,8,12,,4,45,35.0,0,20.0,0,2,0,0,0,626,159.0,8,red
626,bouffalant,5,,318,3,8,,4,45,50.0,0,20.0,0,2,0,0,0,627,,3,brown
627,rufflet,5,,319,9,9,,0,190,50.0,0,20.0,0,1,0,0,0,628,169.0,9,white
628,braviary,5,627.0,319,8,9,,0,60,50.0,0,20.0,0,1,0,0,0,629,170.0,8,red
629,vullaby,5,,320,3,9,,8,190,35.0,0,20.0,0,1,0,0,0,630,,3,brown
630,mandibuzz,5,629.0,320,3,9,,8,60,35.0,0,20.0,0,1,0,0,0,631,,3,brown
631,heatmor,5,,321,8,6,,4,90,50.0,0,20.0,0,2,0,0,0,632,,8,red
632,durant,5,,322,4,14,,4,90,50.0,0,20.0,0,2,0,0,0,633,,4,gray
633,deino,5,,323,2,8,,4,45,35.0,0,40.0,0,1,0,0,0,634,90.0,2,blue
634,zweilous,5,633.0,323,2,8,,4,45,35.0,0,40.0,0,1,0,0,0,635,91.0,2,blue
635,hydreigon,5,634.0,323,2,6,,4,45,35.0,0,40.0,0,1,0,0,0,636,92.0,2,blue
636,larvesta,5,,324,9,14,,4,45,50.0,0,40.0,0,1,0,0,0,637,173.0,9,white
637,volcarona,5,636.0,324,9,13,,4,15,50.0,0,40.0,0,1,0,0,0,638,174.0,9,white
638,cobalion,5,,325,2,8,,-1,3,35.0,0,80.0,0,1,0,1,0,639,,2,blue
639,terrakion,5,,326,4,8,,-1,3,35.0,0,80.0,0,1,0,1,0,640,191.0,4,gray
640,virizion,5,,327,5,8,,-1,3,35.0,0,80.0,0,1,0,1,0,641,,5,green
641,tornadus,5,,328,5,4,,0,3,90.0,0,120.0,0,1,1,1,0,642,,5,green
642,thundurus,5,,329,2,4,,0,3,90.0,0,120.0,0,1,1,1,0,643,,2,blue
643,reshiram,5,,330,9,9,,-1,3,0.0,0,120.0,0,1,0,1,0,644,197.0,9,white
644,zekrom,5,,331,1,6,,-1,3,0.0,0,120.0,0,1,0,1,0,645,198.0,1,black
645,landorus,5,,332,3,4,,0,3,90.0,0,120.0,0,1,1,1,0,646,,3,brown
646,kyurem,5,,333,4,6,,-1,3,0.0,0,120.0,0,1,1,1,0,647,,4,gray
647,keldeo,5,,334,10,8,,-1,3,35.0,0,80.0,0,1,1,0,1,648,,10,yellow
648,meloetta,5,,335,9,12,,-1,3,100.0,0,120.0,0,1,1,0,1,649,,9,white
649,genesect,5,,336,7,12,,-1,3,0.0,0,120.0,0,1,1,0,1,650,,7,purple
650,chespin,6,,337,5,6,,1,45,70.0,0,20.0,0,4,0,0,0,651,,5,green
651,quilladin,6,650.0,337,5,6,,1,45,70.0,0,20.0,0,4,0,0,0,652,,5,green
652,chesnaught,6,651.0,337,5,6,,1,45,70.0,0,20.0,0,4,0,0,0,653,,5,green
653,fennekin,6,,338,8,8,,1,45,70.0,0,20.0,0,4,0,0,0,654,,8,red
654,braixen,6,653.0,338,8,6,,1,45,70.0,0,20.0,0,4,0,0,0,655,,8,red
655,delphox,6,654.0,338,8,6,,1,45,70.0,0,20.0,0,4,0,0,0,656,,8,red
656,froakie,6,,339,2,8,,1,45,70.0,0,20.0,0,4,0,0,0,657,,2,blue
657,frogadier,6,656.0,339,2,12,,1,45,70.0,0,20.0,0,4,0,0,0,658,,2,blue
658,greninja,6,657.0,339,2,12,,1,45,70.0,0,20.0,0,4,0,0,0,659,,2,blue
659,bunnelby,6,,340,3,6,,4,255,50.0,0,15.0,0,2,0,0,0,660,,3,brown
660,diggersby,6,659.0,340,3,6,,4,127,50.0,0,15.0,0,2,0,0,0,661,,3,brown
661,fletchling,6,,341,8,9,,4,255,50.0,0,15.0,0,4,0,0,0,662,,8,red
662,fletchinder,6,661.0,341,8,9,,4,120,50.0,0,15.0,0,4,0,0,0,663,,8,red
663,talonflame,6,662.0,341,8,9,,4,45,50.0,0,15.0,0,4,0,0,0,664,,8,red
664,scatterbug,6,,342,1,14,,4,255,70.0,0,15.0,0,2,0,0,0,665,,1,black
665,spewpa,6,664.0,342,1,5,,4,120,70.0,0,15.0,0,2,0,0,0,666,,1,black
666,vivillon,6,665.0,342,9,13,,4,45,70.0,0,15.0,0,2,0,0,0,667,,9,white
667,litleo,6,,343,3,8,,7,220,70.0,0,20.0,0,4,0,0,0,668,,3,brown
668,pyroar,6,667.0,343,3,8,,7,65,70.0,0,20.0,1,4,0,0,0,669,,3,brown
669,flabebe,6,,344,9,4,,8,225,70.0,0,20.0,0,2,0,0,0,670,,9,white
670,floette,6,669.0,344,9,4,,8,120,70.0,0,20.0,0,2,0,0,0,671,,9,white
671,florges,6,670.0,344,9,4,,8,45,70.0,0,20.0,0,2,0,0,0,672,,9,white
672,skiddo,6,,345,3,8,,4,200,70.0,0,20.0,0,2,0,0,0,673,,3,brown
673,gogoat,6,672.0,345,3,8,,4,45,70.0,0,20.0,0,2,0,0,0,674,,3,brown
674,pancham,6,,346,9,6,,4,220,50.0,0,25.0,0,2,0,0,0,675,,9,white
675,pangoro,6,674.0,346,9,12,,4,65,50.0,0,25.0,0,2,0,0,0,676,,9,white
676,furfrou,6,,347,9,8,,4,160,70.0,0,20.0,0,2,1,0,0,677,,9,white
677,espurr,6,,348,4,6,,4,190,50.0,0,20.0,0,2,0,0,0,678,,4,gray
678,meowstic,6,677.0,348,2,6,,4,75,50.0,0,20.0,1,2,0,0,0,679,,2,blue
679,honedge,6,,349,3,5,,4,180,50.0,0,20.0,0,2,0,0,0,680,,3,brown
680,doublade,6,679.0,349,3,11,,4,90,50.0,0,20.0,0,2,0,0,0,681,,3,brown
681,aegislash,6,680.0,349,3,5,,4,45,50.0,0,20.0,0,2,1,0,0,682,,3,brown
682,spritzee,6,,350,6,4,,4,200,50.0,0,20.0,0,2,0,0,0,683,,6,pink
683,aromatisse,6,682.0,350,6,12,,4,140,50.0,0,20.0,0,2,0,0,0,684,,6,pink
684,swirlix,6,,351,9,7,,4,200,50.0,0,20.0,0,2,0,0,0,685,,9,white
685,slurpuff,6,684.0,351,9,12,,4,140,50.0,0,20.0,0,2,0,0,0,686,,9,white
686,inkay,6,,352,2,10,,4,190,50.0,0,20.0,0,2,0,0,0,687,,2,blue
687,malamar,6,686.0,352,2,5,,4,80,50.0,0,20.0,0,2,0,0,0,688,,2,blue
688,binacle,6,,353,3,11,,4,120,50.0,0,20.0,0,2,0,0,0,689,,3,brown
689,barbaracle,6,688.0,353,3,11,,4,45,50.0,0,20.0,0,2,0,0,0,690,,3,brown
690,skrelp,6,,354,3,5,,4,225,50.0,0,20.0,0,2,0,0,0,691,,3,brown
691,dragalge,6,690.0,354,3,5,,4,55,50.0,0,20.0,0,2,0,0,0,692,,3,brown
692,clauncher,6,,355,2,14,,4,225,50.0,0,15.0,0,1,0,0,0,693,,2,blue
693,clawitzer,6,692.0,355,2,2,,4,55,50.0,0,15.0,0,1,0,0,0,694,,2,blue
694,helioptile,6,,356,10,6,,4,190,50.0,0,20.0,0,2,0,0,0,695,,10,yellow
695,heliolisk,6,694.0,356,10,6,,4,75,50.0,0,20.0,0,2,0,0,0,696,,10,yellow
696,tyrunt,6,,357,3,6,,1,45,50.0,0,30.0,0,2,0,0,0,697,,3,brown
697,tyrantrum,6,696.0,357,8,6,,1,45,50.0,0,30.0,0,2,0,0,0,698,,8,red
698,amaura,6,,358,2,8,,1,45,50.0,0,30.0,0,2,0,0,0,699,,2,blue
699,aurorus,6,698.0,358,2,8,,1,45,50.0,0,30.0,0,2,0,0,0,700,,2,blue
700,sylveon,6,133.0,67,6,8,,1,45,50.0,0,35.0,0,2,0,0,0,165,,6,pink
701,hawlucha,6,,359,5,12,,4,100,50.0,0,20.0,0,2,0,0,0,701,,5,green
702,dedenne,6,,360,10,6,,4,180,50.0,0,20.0,0,2,0,0,0,702,,10,yellow
703,carbink,6,,361,4,1,,-1,60,50.0,0,25.0,0,1,0,0,0,703,,4,gray
704,goomy,6,,362,7,2,,4,45,35.0,0,40.0,0,1,0,0,0,704,,7,purple
705,sliggoo,6,704.0,362,7,2,,4,45,35.0,0,40.0,0,1,0,0,0,705,,7,purple
706,goodra,6,705.0,362,7,6,,4,45,35.0,0,40.0,0,1,0,0,0,706,,7,purple
707,klefki,6,,363,4,1,,4,75,50.0,0,20.0,0,3,0,0,0,707,,4,gray
708,phantump,6,,364,3,4,,4,120,50.0,0,20.0,0,2,0,0,0,708,,3,brown
709,trevenant,6,708.0,364,3,10,,4,60,50.0,0,20.0,0,2,0,0,0,709,,3,brown
710,pumpkaboo,6,,365,3,1,,4,120,50.0,0,20.0,0,2,0,0,0,710,,3,brown
711,gourgeist,6,710.0,365,3,5,,4,60,50.0,0,20.0,0,2,0,0,0,711,,3,brown
712,bergmite,6,,366,2,8,,4,190,50.0,0,20.0,0,2,0,0,0,712,,2,blue
713,avalugg,6,712.0,366,2,8,,4,55,50.0,0,20.0,0,2,0,0,0,713,,2,blue
714,noibat,6,,367,7,9,,4,190,50.0,0,20.0,0,2,0,0,0,714,,7,purple
715,noivern,6,714.0,367,7,9,,4,45,50.0,0,20.0,0,2,0,0,0,715,,7,purple
716,xerneas,6,,368,2,8,,-1,45,0.0,0,120.0,0,1,1,1,0,716,,2,blue
717,yveltal,6,,369,8,9,,-1,45,0.0,0,120.0,0,1,0,1,0,717,,8,red
718,zygarde,6,,370,5,2,,-1,3,0.0,0,120.0,0,1,0,1,0,718,,5,green
719,diancie,6,,371,6,4,,-1,3,50.0,0,25.0,0,1,1,0,1,719,,6,pink
720,hoopa,6,,372,7,4,,-1,3,100.0,0,120.0,0,1,0,0,1,720,,7,purple
721,volcanion,6,,373,3,8,,-1,3,100.0,0,120.0,0,1,0,0,1,721,,3,brown
722,rowlet,7,,374,3,9,,1,45,50.0,0,15.0,0,4,0,0,0,722,,3,brown
723,dartrix,7,722.0,374,3,9,,1,45,50.0,0,15.0,0,4,0,0,0,723,,3,brown
724,decidueye,7,723.0,374,3,9,,1,45,50.0,0,15.0,0,4,0,0,0,724,,3,brown
725,litten,7,,375,8,8,,1,45,50.0,0,15.0,0,4,0,0,0,725,,8,red
726,torracat,7,725.0,375,8,8,,1,45,50.0,0,15.0,0,4,0,0,0,726,,8,red
727,incineroar,7,726.0,375,8,6,,1,45,50.0,0,15.0,0,4,0,0,0,727,,8,red
728,popplio,7,,376,2,3,,1,45,50.0,0,15.0,0,4,0,0,0,728,,2,blue
729,brionne,7,728.0,376,2,3,,1,45,50.0,0,15.0,0,4,0,0,0,729,,2,blue
730,primarina,7,729.0,376,2,3,,1,45,50.0,0,15.0,0,4,0,0,0,730,,2,blue
731,pikipek,7,,377,1,9,,4,255,70.0,0,15.0,0,2,0,0,0,731,,1,black
732,trumbeak,7,731.0,377,1,9,,4,120,70.0,0,15.0,0,2,0,0,0,732,,1,black
733,toucannon,7,732.0,377,1,9,,4,45,70.0,0,15.0,0,2,0,0,0,733,,1,black
734,yungoos,7,,378,3,8,,4,255,70.0,0,15.0,0,2,0,0,0,734,,3,brown
735,gumshoos,7,734.0,378,3,8,,4,127,70.0,0,15.0,0,2,0,0,0,735,,3,brown
736,grubbin,7,,379,4,14,,4,255,50.0,0,15.0,0,2,0,0,0,736,,4,gray
737,charjabug,7,736.0,379,5,2,,4,120,50.0,0,15.0,0,2,0,0,0,737,,5,green
738,vikavolt,7,737.0,379,2,14,,4,45,50.0,0,15.0,0,2,0,0,0,738,,2,blue
739,crabrawler,7,,380,7,14,,4,225,70.0,0,20.0,0,2,0,0,0,739,,7,purple
740,crabominable,7,739.0,380,9,14,,4,60,70.0,0,20.0,0,2,0,0,0,740,,9,white
741,oricorio,7,,381,8,9,,6,45,70.0,0,20.0,0,2,0,0,0,741,,8,red
742,cutiefly,7,,382,10,14,,4,190,50.0,0,20.0,0,2,0,0,0,742,,10,yellow
743,ribombee,7,742.0,382,10,13,,4,75,50.0,0,20.0,0,2,0,0,0,743,,10,yellow
744,rockruff,7,,383,3,8,,4,190,50.0,0,15.0,0,2,0,0,0,744,,3,brown
745,lycanroc,7,744.0,383,3,8,,4,90,50.0,0,15.0,0,2,0,0,0,745,,3,brown
746,wishiwashi,7,,384,2,3,,4,60,50.0,0,15.0,0,3,0,0,0,746,,2,blue
747,mareanie,7,,385,2,5,,4,190,50.0,0,20.0,0,2,0,0,0,747,,2,blue
748,toxapex,7,747.0,385,2,10,,4,75,50.0,0,20.0,0,2,0,0,0,748,,2,blue
749,mudbray,7,,386,3,8,,4,190,50.0,0,20.0,0,2,0,0,0,749,,3,brown
750,mudsdale,7,749.0,386,3,8,,4,60,50.0,0,20.0,0,2,0,0,0,750,,3,brown
751,dewpider,7,,387,5,7,,4,200,50.0,0,15.0,0,2,0,0,0,751,,5,green
752,araquanid,7,751.0,387,5,14,,4,100,50.0,0,15.0,0,2,0,0,0,752,,5,green
753,fomantis,7,,388,6,6,,4,190,50.0,0,20.0,0,2,0,0,0,753,,6,pink
754,lurantis,7,753.0,388,6,12,,4,75,50.0,0,20.0,0,2,0,0,0,754,,6,pink
755,morelull,7,,389,7,5,,4,190,50.0,0,20.0,0,2,0,0,0,755,,7,purple
756,shiinotic,7,755.0,389,7,12,,4,75,50.0,0,20.0,0,2,0,0,0,756,,7,purple
757,salandit,7,,390,1,8,,1,120,50.0,0,20.0,0,2,0,0,0,757,,1,black
758,salazzle,7,757.0,390,1,8,,8,45,50.0,0,20.0,0,2,0,0,0,758,,1,black
759,stufful,7,,391,6,8,,4,140,50.0,0,15.0,0,2,0,0,0,759,,6,pink
760,bewear,7,759.0,391,6,6,,4,70,50.0,0,15.0,0,2,0,0,0,760,,6,pink
761,bounsweet,7,,392,7,7,,8,235,50.0,0,20.0,0,4,0,0,0,761,,7,purple
762,steenee,7,761.0,392,7,12,,8,120,50.0,0,20.0,0,4,0,0,0,762,,7,purple
763,tsareena,7,762.0,392,7,12,,8,45,50.0,0,20.0,0,4,0,0,0,763,,7,purple
764,comfey,7,,393,5,1,,6,60,50.0,0,20.0,0,3,0,0,0,764,,5,green
765,oranguru,7,,394,9,12,,4,45,50.0,0,20.0,0,1,0,0,0,765,,9,white
766,passimian,7,,395,9,6,,4,45,50.0,0,20.0,0,1,0,0,0,766,,9,white
767,wimpod,7,,396,4,10,,4,90,50.0,0,20.0,0,2,0,0,0,767,,4,gray
768,golisopod,7,767.0,396,4,12,,4,45,50.0,0,20.0,0,2,0,0,0,768,,4,gray
769,sandygast,7,,397,3,2,,4,140,50.0,0,15.0,0,2,0,0,0,769,,3,brown
770,palossand,7,769.0,397,3,2,,4,60,50.0,0,15.0,0,2,0,0,0,770,,3,brown
771,pyukumuku,7,,398,1,2,,4,60,50.0,0,15.0,0,3,0,0,0,771,,1,black
772,type-null,7,,399,4,8,,-1,3,0.0,0,120.0,0,1,0,0,0,772,,4,gray
773,silvally,7,772.0,399,4,8,,-1,3,0.0,0,120.0,0,1,0,1,0,773,,4,gray
774,minior,7,,400,3,1,,-1,30,70.0,0,25.0,0,4,0,0,0,774,,3,brown
775,komala,7,,401,2,12,,4,45,70.0,0,20.0,0,1,0,0,0,775,,2,blue
776,turtonator,7,,402,8,6,,4,70,50.0,0,20.0,0,2,0,0,0,776,,8,red
777,togedemaru,7,,403,4,6,,4,180,50.0,0,10.0,0,2,0,0,0,777,,4,gray
778,mimikyu,7,,404,10,2,,4,45,50.0,0,20.0,0,2,0,0,0,778,,10,yellow
779,bruxish,7,,405,6,3,,4,80,70.0,0,15.0,0,2,0,0,0,779,,6,pink
780,drampa,7,,406,9,2,,4,70,50.0,0,20.0,0,2,0,0,0,780,,9,white
781,dhelmise,7,,407,5,5,,-1,25,50.0,0,25.0,0,2,0,0,0,781,,5,green
782,jangmo-o,7,,408,4,8,,4,45,50.0,0,40.0,0,1,0,0,0,782,,4,gray
783,hakamo-o,7,782.0,408,4,6,,4,45,50.0,0,40.0,0,1,0,0,0,783,,4,gray
784,kommo-o,7,783.0,408,4,6,,4,45,50.0,0,40.0,0,1,0,0,0,784,,4,gray
785,tapu-koko,7,,409,10,4,,-1,3,50.0,0,15.0,0,1,0,1,0,785,,10,yellow
786,tapu-lele,7,,410,6,4,,-1,3,50.0,0,15.0,0,1,0,1,0,786,,6,pink
787,tapu-bulu,7,,411,8,4,,-1,3,50.0,0,15.0,0,1,0,1,0,787,,8,red
788,tapu-fini,7,,412,7,4,,-1,3,50.0,0,15.0,0,1,0,1,0,788,,7,purple
789,cosmog,7,,413,2,1,,-1,45,0.0,0,120.0,0,1,0,1,0,789,,2,blue
790,cosmoem,7,789.0,413,2,1,,-1,45,0.0,0,120.0,0,1,0,1,0,790,,2,blue
791,solgaleo,7,790.0,413,9,8,,-1,45,0.0,0,120.0,0,1,0,1,0,791,,9,white
792,lunala,7,790.0,413,7,9,,-1,45,0.0,0,120.0,0,1,0,1,0,792,,7,purple
793,nihilego,7,,414,9,10,,-1,45,0.0,0,120.0,0,1,0,0,0,793,,9,white
794,buzzwole,7,,415,8,10,,-1,45,0.0,0,120.0,0,1,0,0,0,794,,8,red
795,pheromosa,7,,416,9,12,,-1,45,0.0,0,120.0,0,1,0,0,0,795,,9,white
796,xurkitree,7,,417,1,6,,-1,45,0.0,0,120.0,0,1,0,0,0,796,,1,black
797,celesteela,7,,418,5,12,,-1,45,0.0,0,120.0,0,1,0,0,0,797,,5,green
798,kartana,7,,419,9,12,,-1,45,0.0,0,120.0,0,1,0,0,0,798,,9,white
799,guzzlord,7,,420,1,6,,-1,45,0.0,0,120.0,0,1,0,0,0,799,,1,black
800,necrozma,7,,421,1,4,,-1,255,0.0,0,120.0,0,1,0,1,0,800,,1,black
801,magearna,7,,422,4,12,,-1,3,0.0,0,120.0,0,1,0,0,1,801,,4,gray
802,marshadow,7,,423,4,12,,-1,3,0.0,0,120.0,0,1,0,0,1,802,,4,gray
803,poipole,7,,424,7,6,,-1,45,0.0,0,120.0,0,1,0,0,0,803,,7,purple
804,naganadel,7,803.0,424,7,9,,-1,45,0.0,0,120.0,0,1,0,0,0,804,,7,purple
805,stakataka,7,,425,4,8,,-1,30,0.0,0,120.0,0,1,0,0,0,805,,4,gray
806,blacephalon,7,,426,9,12,,-1,30,0.0,0,120.0,0,1,0,0,0,806,,9,white
807,zeraora,7,,427,10,12,,-1,3,0.0,0,120.0,0,1,0,0,1,807,,10,yellow
808,meltan,7,,428,4,1,,-1,3,0.0,0,120.0,0,1,0,0,1,808,,4,gray
809,melmetal,7,808.0,429,4,12,,-1,3,0.0,0,120.0,0,1,0,0,1,809,,4,gray
810,grookey,8,,430,5,6,,1,45,50.0,0,20.0,0,4,0,0,0,810,,5,green
811,thwackey,8,810.0,430,5,6,,1,45,50.0,0,20.0,0,4,0,0,0,811,,5,green
812,rillaboom,8,811.0,430,5,12,,1,45,50.0,0,20.0,0,4,0,0,0,812,,5,green
813,scorbunny,8,,431,9,6,,1,45,50.0,0,20.0,0,4,0,0,0,813,,9,white
814,raboot,8,813.0,431,4,6,,1,45,50.0,0,20.0,0,4,0,0,0,814,,4,gray
815,cinderace,8,814.0,431,9,6,,1,45,50.0,0,20.0,0,4,0,0,0,815,,9,white
816,sobble,8,,432,2,8,,1,45,50.0,0,20.0,0,4,0,0,0,816,,2,blue
817,drizzile,8,816.0,432,2,6,,1,45,50.0,0,20.0,0,4,0,0,0,817,,2,blue
818,inteleon,8,817.0,432,2,6,,1,45,50.0,0,20.0,0,4,0,0,0,818,,2,blue
819,skwovet,8,,433,3,6,,4,255,50.0,0,20.0,0,2,0,0,0,819,,3,brown
820,greedent,8,819.0,433,3,6,,4,90,50.0,0,20.0,0,2,0,0,0,820,,3,brown
821,rookidee,8,,434,2,9,,4,255,50.0,0,15.0,0,4,0,0,0,821,,2,blue
822,corvisquire,8,821.0,434,2,9,,4,120,50.0,0,15.0,0,4,0,0,0,822,,2,blue
823,corviknight,8,822.0,434,7,9,,4,45,50.0,0,15.0,0,4,0,0,0,823,,7,purple
824,blipbug,8,,435,2,14,,4,255,50.0,0,15.0,0,2,0,0,0,824,,2,blue
825,dottler,8,824.0,435,10,14,,4,120,50.0,0,15.0,0,2,0,0,0,825,,10,yellow
826,orbeetle,8,825.0,435,8,9,,4,45,50.0,0,15.0,0,2,0,0,0,826,,8,red
827,nickit,8,,436,3,8,,4,255,50.0,0,15.0,0,3,0,0,0,827,,3,brown
828,thievul,8,827.0,436,3,8,,4,127,50.0,0,15.0,0,3,0,0,0,828,,3,brown
829,gossifleur,8,,437,5,5,,4,190,50.0,0,20.0,0,2,0,0,0,829,,5,green
830,eldegoss,8,829.0,437,5,5,,4,75,50.0,0,20.0,0,2,0,0,0,830,,5,green
831,wooloo,8,,438,9,8,,4,255,50.0,0,15.0,0,2,0,0,0,831,,9,white
832,dubwool,8,831.0,438,9,8,,4,127,50.0,0,15.0,0,2,0,0,0,832,,9,white
833,chewtle,8,,439,5,8,,4,255,50.0,0,20.0,0,2,0,0,0,833,,5,green
834,drednaw,8,833.0,439,5,8,,4,75,50.0,0,20.0,0,2,0,0,0,834,,5,green
835,yamper,8,,440,10,8,,4,255,50.0,0,20.0,0,3,0,0,0,835,,10,yellow
836,boltund,8,835.0,440,10,8,,4,45,50.0,0,20.0,0,3,0,0,0,836,,10,yellow
837,rolycoly,8,,441,1,1,,4,255,50.0,0,15.0,0,4,0,0,0,837,,1,black
838,carkol,8,837.0,441,1,7,,4,120,50.0,0,15.0,0,4,0,0,0,838,,1,black
839,coalossal,8,838.0,441,1,12,,4,45,50.0,0,15.0,0,4,0,0,0,839,,1,black
840,applin,8,,442,5,2,,4,255,50.0,0,20.0,0,5,0,0,0,840,,5,green
841,flapple,8,840.0,442,5,9,,4,45,50.0,0,20.0,0,5,0,0,0,841,,5,green
842,appletun,8,840.0,442,5,8,,4,45,50.0,0,20.0,0,5,0,0,0,842,,5,green
843,silicobra,8,,443,5,2,,4,255,50.0,0,20.0,0,2,0,0,0,843,,5,green
844,sandaconda,8,843.0,443,5,2,,4,120,50.0,0,20.0,0,2,0,0,0,844,,5,green
845,cramorant,8,,444,2,9,,4,45,50.0,0,20.0,0,2,0,0,0,845,,2,blue
846,arrokuda,8,,445,3,3,,4,255,50.0,0,20.0,0,1,0,0,0,846,,3,brown
847,barraskewda,8,846.0,445,3,3,,4,60,50.0,0,20.0,0,1,0,0,0,847,,3,brown
848,toxel,8,,446,7,6,,4,75,50.0,1,25.0,0,4,0,0,0,848,,7,purple
849,toxtricity,8,848.0,446,7,6,,4,45,50.0,0,25.0,0,4,0,0,0,849,,7,purple
850,sizzlipede,8,,447,8,10,,4,190,50.0,0,20.0,0,2,0,0,0,850,,8,red
851,centiskorch,8,850.0,447,8,10,,4,75,50.0,0,20.0,0,2,0,0,0,851,,8,red
852,clobbopus,8,,448,3,10,,4,180,50.0,0,25.0,0,4,0,0,0,852,,3,brown
853,grapploct,8,852.0,448,2,10,,4,45,50.0,0,25.0,0,4,0,0,0,853,,2,blue
854,sinistea,8,,449,7,1,,-1,120,50.0,0,20.0,0,2,0,0,0,854,,7,purple
855,polteageist,8,854.0,449,7,1,,-1,60,50.0,0,20.0,0,2,0,0,0,855,,7,purple
856,hatenna,8,,450,6,7,,8,235,50.0,0,20.0,0,1,0,0,0,856,,6,pink
857,hattrem,8,856.0,450,6,12,,8,120,50.0,0,20.0,0,1,0,0,0,857,,6,pink
858,hatterene,8,857.0,450,6,5,,8,45,50.0,0,20.0,0,1,0,0,0,858,,6,pink
859,impidimp,8,,451,6,12,,0,255,50.0,0,20.0,0,2,0,0,0,859,,6,pink
860,morgrem,8,859.0,451,6,12,,0,120,50.0,0,20.0,0,2,0,0,0,860,,6,pink
861,grimmsnarl,8,860.0,451,7,12,,0,45,50.0,0,20.0,0,2,0,0,0,861,,7,purple
862,obstagoon,8,264.0,134,4,6,,4,45,50.0,0,15.0,0,2,0,0,0,862,,4,gray
863,perrserker,8,52.0,22,3,6,,4,90,50.0,0,20.0,0,2,0,0,0,863,,3,brown
864,cursola,8,222.0,113,9,4,,6,30,50.0,0,20.0,0,3,0,0,0,864,,9,white
865,sirfetchd,8,83.0,35,9,9,,4,45,50.0,0,20.0,0,2,0,0,0,865,,9,white
866,mr-rime,8,122.0,57,7,12,,4,45,50.0,0,25.0,0,2,0,0,0,866,,7,purple
867,runerigus,8,562.0,287,4,5,,4,90,50.0,0,25.0,0,2,0,0,0,867,,4,gray
868,milcery,8,,452,9,1,,8,200,50.0,0,20.0,0,2,0,0,0,868,,9,white
869,alcremie,8,868.0,452,9,5,,8,100,50.0,0,20.0,0,2,0,0,0,869,,9,white
870,falinks,8,,453,10,11,,-1,45,50.0,0,25.0,0,2,0,0,0,870,,10,yellow
871,pincurchin,8,,454,7,10,,4,75,50.0,0,20.0,0,2,0,0,0,871,,7,purple
872,snom,8,,455,9,2,,4,190,50.0,0,20.0,0,2,0,0,0,872,,9,white
873,frosmoth,8,872.0,455,9,13,,4,75,50.0,0,20.0,0,2,0,0,0,873,,9,white
874,stonjourner,8,,456,4,7,,4,60,50.0,0,25.0,0,1,0,0,0,874,,4,gray
875,eiscue,8,,457,2,6,,4,60,50.0,0,25.0,0,1,0,0,0,875,,2,blue
876,indeedee,8,,458,7,6,,4,30,140.0,0,40.0,1,3,0,0,0,876,,7,purple
877,morpeko,8,,459,10,12,,4,180,50.0,0,10.0,0,2,0,0,0,877,,10,yellow
878,cufant,8,,460,10,8,,4,190,50.0,0,25.0,0,2,0,0,0,878,,10,yellow
879,copperajah,8,878.0,460,5,8,,4,90,50.0,0,25.0,0,2,0,0,0,879,,5,green
880,dracozolt,8,,461,5,6,,-1,45,50.0,0,35.0,0,1,0,0,0,880,,5,green
881,arctozolt,8,,462,2,6,,-1,45,50.0,0,35.0,0,1,0,0,0,881,,2,blue
882,dracovish,8,,463,5,7,,-1,45,50.0,0,35.0,0,1,0,0,0,882,,5,green
883,arctovish,8,,464,2,3,,-1,45,50.0,0,35.0,0,1,0,0,0,883,,2,blue
884,duraludon,8,,465,9,6,,4,45,50.0,0,30.0,0,2,0,0,0,884,,9,white
885,dreepy,8,,466,5,2,,4,45,50.0,0,40.0,0,1,0,0,0,885,,5,green
886,drakloak,8,885.0,466,5,4,,4,45,50.0,0,40.0,0,1,0,0,0,886,,5,green
887,dragapult,8,886.0,466,5,6,,4,45,50.0,0,40.0,0,1,0,0,0,887,,5,green
888,zacian,8,,467,2,8,,-1,10,0.0,0,120.0,0,1,0,1,0,888,,2,blue
889,zamazenta,8,,468,8,8,,-1,10,0.0,0,120.0,0,1,0,1,0,889,,8,red
890,eternatus,8,,469,7,9,,-1,255,0.0,0,120.0,0,1,0,1,0,890,,7,purple
891,kubfu,8,,470,4,6,,1,3,50.0,0,120.0,0,1,0,1,0,891,,4,gray
892,urshifu,8,891.0,470,4,12,,1,3,50.0,0,120.0,0,1,0,1,0,892,,4,gray
893,zarude,8,,471,5,6,,-1,3,0.0,0,120.0,0,1,0,0,1,893,,5,green
894,regieleki,8,,472,10,12,,-1,3,35.0,0,120.0,0,1,0,1,0,894,,10,yellow
895,regidrago,8,,473,5,12,,-1,3,35.0,0,120.0,0,1,0,1,0,895,,5,green
896,glastrier,8,,474,9,8,,-1,3,35.0,0,120.0,0,1,0,1,0,896,,9,white
897,spectrier,8,,475,1,8,,-1,3,35.0,0,120.0,0,1,0,1,0,897,,1,black
898,calyrex,8,,476,5,12,,-1,3,100.0,0,120.0,0,1,0,1,0,898,,5,green
899,wyrdeer,8,234.0,120,4,8,,4,135,,0,,0,1,0,0,0,899,,4,gray
900,kleavor,8,123.0,58,3,13,,4,115,,0,,0,2,0,0,0,900,,3,brown
901,ursaluna,8,217.0,110,3,8,,4,75,,0,,0,2,0,0,0,901,,3,brown
902,basculegion,8,550.0,280,5,3,,4,135,,0,,1,2,1,0,0,902,,5,green
903,sneasler,8,215.0,109,4,6,,4,135,,0,,0,4,0,0,0,903,,4,gray
904,overqwil,8,211.0,106,1,3,,4,135,,0,,0,2,0,0,0,904,,1,black
905,enamorus,8,,477,6,4,,8,3,,0,,0,1,1,1,0,905,,6,pink
906,sprigatito,9,,478,5,8,,1,45,50.0,0,20.0,0,4,0,0,0,906,,5,green
907,floragato,9,906.0,478,5,6,,1,45,50.0,0,20.0,0,4,0,0,0,907,,5,green
908,meowscarada,9,907.0,478,5,6,,1,45,50.0,0,20.0,0,4,0,0,0,908,,5,green
909,fuecoco,9,,479,8,6,,1,45,50.0,0,20.0,0,4,0,0,0,909,,8,red
910,crocalor,9,909.0,479,8,6,,1,45,50.0,0,20.0,0,4,0,0,0,910,,8,red
911,skeledirge,9,910.0,479,8,8,,1,45,50.0,0,20.0,0,4,0,0,0,911,,8,red
912,quaxly,9,,480,9,6,,1,45,50.0,0,20.0,0,4,0,0,0,912,,9,white
913,quaxwell,9,912.0,480,2,6,,1,45,50.0,0,20.0,0,4,0,0,0,913,,2,blue
914,quaquaval,9,913.0,480,2,6,,1,45,50.0,0,20.0,0,4,0,0,0,914,,2,blue
915,lechonk,9,,481,4,8,,4,255,50.0,0,15.0,0,2,0,0,0,915,,4,gray
916,oinkologne,9,915.0,481,4,8,,0,100,50.0,0,15.0,1,2,0,0,0,916,,4,gray
917,tarountula,9,,482,9,14,,4,255,50.0,0,15.0,0,5,0,0,0,918,,9,white
918,spidops,9,917.0,482,5,14,,4,120,50.0,0,15.0,0,5,0,0,0,919,,5,green
919,nymble,9,,483,4,14,,4,190,20.0,0,20.0,0,2,0,0,0,920,,4,gray
920,lokix,9,919.0,483,4,12,,4,30,0.0,0,20.0,0,2,0,0,0,921,,4,gray
921,pawmi,9,,484,10,8,,4,190,50.0,0,15.0,0,2,0,0,0,954,,10,yellow
922,pawmo,9,921.0,484,10,6,,4,80,50.0,0,15.0,0,2,0,0,0,955,,10,yellow
923,pawmot,9,922.0,484,10,6,,4,45,50.0,0,15.0,0,2,0,0,0,956,,10,yellow
924,tandemaus,9,,485,9,11,,-1,150,50.0,0,10.0,0,3,0,0,0,945,,9,white
925,maushold,9,924.0,485,9,11,,-1,75,50.0,0,10.0,0,3,0,0,0,946,,9,white
926,fidough,9,,486,10,8,,4,190,50.0,0,20.0,0,4,0,0,0,970,,10,yellow
927,dachsbun,9,926.0,486,3,8,,4,90,50.0,0,20.0,0,4,0,0,0,971,,3,brown
928,smoliv,9,,487,5,7,,4,255,50.0,0,20.0,0,4,0,0,0,935,,5,green
929,dolliv,9,928.0,487,5,12,,4,120,50.0,0,20.0,0,4,0,0,0,936,,5,green
930,arboliva,9,929.0,487,5,12,,4,45,50.0,0,20.0,0,4,0,0,0,937,,5,green
931,squawkabilly,9,,488,5,9,,4,190,50.0,0,15.0,0,5,0,0,0,960,,5,green
932,nacli,9,,489,3,1,,4,255,50.0,0,20.0,0,4,0,0,0,963,,3,brown
933,naclstack,9,932.0,489,3,8,,4,120,50.0,0,20.0,0,4,0,0,0,964,,3,brown
934,garganacl,9,933.0,489,3,12,,4,45,50.0,0,20.0,0,4,0,0,0,965,,3,brown
935,charcadet,9,,490,8,12,,4,90,50.0,0,35.0,0,1,0,0,0,1003,,8,red
936,armarouge,9,935.0,490,8,12,,4,25,20.0,0,35.0,0,1,0,0,0,1004,,8,red
937,ceruledge,9,935.0,490,2,12,,4,25,20.0,0,35.0,0,1,0,0,0,1005,,2,blue
938,tadbulb,9,,491,10,1,,4,190,50.0,0,20.0,0,2,0,0,0,940,,10,yellow
939,bellibolt,9,938.0,491,5,12,,4,50,50.0,0,20.0,0,2,0,0,0,941,,5,green
940,wattrel,9,,492,1,9,,4,180,50.0,0,20.0,0,4,0,0,0,957,,1,black
941,kilowattrel,9,940.0,492,10,9,,4,90,50.0,0,20.0,0,4,0,0,0,958,,10,yellow
942,maschiff,9,,493,3,8,,4,150,50.0,0,20.0,0,4,0,0,0,972,,3,brown
943,mabosstiff,9,942.0,493,4,8,,4,75,50.0,0,20.0,0,4,0,0,0,973,,4,gray
944,shroodle,9,,494,4,8,,4,190,50.0,0,20.0,0,4,0,0,0,968,,4,gray
945,grafaiai,9,944.0,494,4,6,,4,90,50.0,0,20.0,0,4,0,0,0,969,,4,gray
946,bramblin,9,,495,3,1,,4,190,50.0,0,20.0,0,2,0,0,0,974,,3,brown
947,brambleghast,9,946.0,495,3,1,,4,45,50.0,0,20.0,0,2,0,0,0,975,,3,brown
948,toedscool,9,,496,10,7,,4,190,50.0,0,20.0,0,4,0,0,0,1006,,10,yellow
949,toedscruel,9,948.0,496,1,10,,4,90,50.0,0,20.0,0,4,0,0,0,1007,,1,black
950,klawf,9,,497,8,14,,4,120,50.0,0,35.0,0,2,0,0,0,962,,8,red
951,capsakid,9,,498,5,6,,4,190,50.0,0,20.0,0,2,0,0,0,938,,5,green
952,scovillain,9,951.0,498,5,6,,4,75,50.0,0,20.0,0,2,0,0,0,939,,5,green
953,rellor,9,,499,3,14,,4,190,50.0,0,20.0,0,3,0,0,0,922,,3,brown
954,rabsca,9,953.0,499,5,14,,4,45,50.0,0,20.0,0,3,0,0,0,923,,5,green
955,flittle,9,,500,10,7,,4,120,50.0,0,20.0,0,4,0,0,0,926,,10,yellow
956,espathra,9,955.0,500,10,6,,4,60,50.0,0,20.0,0,4,0,0,0,927,,10,yellow
957,tinkatink,9,,501,6,12,,8,190,50.0,0,20.0,0,4,0,0,0,1000,,6,pink
958,tinkatuff,9,957.0,501,6,12,,8,90,50.0,0,20.0,0,4,0,0,0,1001,,6,pink
959,tinkaton,9,958.0,501,6,12,,8,45,50.0,0,20.0,0,4,0,0,0,1002,,6,pink
960,wiglett,9,,502,9,5,,4,255,50.0,0,20.0,0,2,0,0,0,929,,9,white
961,wugtrio,9,960.0,502,8,5,,4,50,50.0,0,20.0,0,2,0,0,0,930,,8,red
962,bombirdier,9,,503,9,9,,4,25,50.0,0,35.0,0,1,0,0,0,959,,9,white
963,finizen,9,,504,2,3,,4,200,50.0,0,40.0,0,1,0,0,0,933,,2,blue
964,palafin,9,963.0,504,2,3,,4,45,50.0,0,40.0,0,1,0,0,0,934,,2,blue
965,varoom,9,,505,4,7,,4,190,50.0,0,20.0,0,2,0,0,0,942,,4,gray
966,revavroom,9,965.0,505,4,7,,4,75,50.0,0,20.0,0,2,0,0,0,943,,4,gray
967,cyclizar,9,,506,5,8,,4,190,50.0,0,30.0,0,4,0,0,0,953,,5,green
968,orthworm,9,,507,6,2,,4,25,50.0,0,35.0,0,1,0,0,0,944,,6,pink
969,glimmet,9,,508,2,1,,4,70,50.0,0,30.0,0,4,0,0,0,966,,2,blue
970,glimmora,9,969.0,508,2,1,,4,25,50.0,0,30.0,0,4,0,0,0,967,,2,blue
971,greavard,9,,509,9,8,,4,120,50.0,0,20.0,0,4,0,0,0,924,,9,white
972,houndstone,9,971.0,509,9,8,,4,60,50.0,0,20.0,0,4,0,0,0,925,,9,white
973,flamigo,9,,510,6,9,,4,100,50.0,0,20.0,0,4,0,0,0,961,,6,pink
974,cetoddle,9,,511,9,6,,4,150,50.0,0,25.0,0,4,0,0,0,947,,9,white
975,cetitan,9,974.0,511,9,6,,4,50,50.0,0,25.0,0,4,0,0,0,948,,9,white
976,veluza,9,,512,4,3,,4,100,50.0,0,20.0,0,3,0,0,0,932,,4,gray
977,dondozo,9,,513,2,3,,4,25,50.0,0,40.0,0,1,0,0,0,931,,2,blue
978,tatsugiri,9,,514,6,3,,4,100,50.0,0,35.0,0,4,0,0,0,952,,6,pink
979,annihilape,9,57.0,24,4,12,,4,45,50.0,0,20.0,0,2,0,0,0,1010,,4,gray
980,clodsire,9,194.0,96,3,8,,4,90,50.0,0,20.0,0,2,0,0,0,1009,,3,brown
981,farigiraf,9,203.0,101,3,8,,4,45,50.0,0,20.0,0,2,0,0,0,928,,3,brown
982,dudunsparce,9,206.0,103,10,2,,4,45,50.0,0,20.0,0,2,0,0,0,917,,10,yellow
983,kingambit,9,625.0,317,1,12,,4,25,50.0,0,20.0,0,2,0,0,0,1008,,1,black
984,great-tusk,9,,515,7,8,,-1,30,0.0,0,50.0,0,1,0,0,0,978,,7,purple
985,scream-tail,9,,516,6,6,,-1,50,0.0,0,50.0,0,1,0,0,0,982,,6,pink
986,brute-bonnet,9,,517,4,8,,-1,50,0.0,0,50.0,0,1,0,0,0,979,,4,gray
987,flutter-mane,9,,518,4,9,,-1,30,0.0,0,50.0,0,1,0,0,0,983,,4,gray
988,slither-wing,9,,519,8,8,,-1,30,0.0,0,50.0,0,1,0,0,0,984,,8,red
989,sandy-shocks,9,,520,4,8,,-1,30,0.0,0,50.0,0,1,0,0,0,981,,4,gray
990,iron-treads,9,,521,4,8,,-1,30,0.0,0,50.0,0,1,0,0,0,986,,4,gray
991,iron-bundle,9,,522,8,6,,-1,50,0.0,0,50.0,0,1,0,0,0,992,,8,red
992,iron-hands,9,,523,4,12,,-1,50,0.0,0,50.0,0,1,0,0,0,989,,4,gray
993,iron-jugulis,9,,524,2,6,,-1,30,0.0,0,50.0,0,1,0,0,0,990,,2,blue
994,iron-moth,9,,525,10,13,,-1,30,0.0,0,50.0,0,1,0,0,0,988,,10,yellow
995,iron-thorns,9,,526,5,6,,-1,30,0.0,0,50.0,0,1,0,0,0,991,,5,green
996,frigibax,9,,527,4,6,,4,45,50.0,0,40.0,0,1,0,0,0,949,,4,gray
997,arctibax,9,996.0,527,4,6,,4,25,50.0,0,40.0,0,1,0,0,0,950,,4,gray
998,baxcalibur,9,997.0,527,4,6,,4,10,50.0,0,40.0,0,1,0,0,0,951,,4,gray
999,gimmighoul,9,,528,3,5,,-1,45,50.0,0,50.0,0,1,0,0,0,976,,3,brown
1000,gholdengo,9,999.0,528,10,12,,-1,45,50.0,0,50.0,0,1,0,0,0,977,,10,yellow
1001,wo-chien,9,,529,3,2,,-1,6,0.0,0,50.0,0,1,0,1,0,996,,3,brown
1002,chien-pao,9,,530,9,8,,-1,6,0.0,0,50.0,0,1,0,1,0,995,,9,white
1003,ting-lu,9,,531,3,8,,-1,6,0.0,0,50.0,0,1,0,1,0,994,,3,brown
1004,chi-yu,9,,532,8,3,,-1,6,0.0,0,50.0,0,1,0,1,0,997,,8,red
1005,roaring-moon,9,,533,5,8,,-1,10,0.0,0,50.0,0,1,0,0,0,985,,5,green
1006,iron-valiant,9,,534,9,12,,-1,10,0.0,0,50.0,0,1,0,0,0,993,,9,white
1007,koraidon,9,,535,8,6,,-1,3,0.0,0,50.0,0,1,0,1,0,998,,8,red
1008,miraidon,9,,536,2,8,,-1,3,0.0,0,50.0,0,1,0,1,0,999,,2,blue
1009,walking-wake,9,,537,2,6,,-1,5,0.0,0,50.0,0,1,0,0,0,1011,,2,blue
1010,iron-leaves,9,,538,5,8,,-1,5,0.0,0,50.0,0,1,0,0,0,1012,,5,green
1011,dipplin,9,840.0,442,5,11,,-1,45,0.0,0,20.0,0,1,0,0,0,1013,,5,green
1012,poltchageist,9,,539,5,1,,-1,120,0.0,0,50.0,0,1,0,0,0,1014,,5,green
1013,sinistcha,9,1012.0,539,5,1,,-1,60,0.0,0,50.0,0,1,0,0,0,1015,,5,green
1014,okidogi,9,,540,1,6,,-1,3,0.0,0,50.0,0,1,0,1,0,1016,,1,black
1015,munkidori,9,,541,1,12,,-1,3,0.0,0,50.0,0,1,0,1,0,1017,,1,black
1016,fezandipiti,9,,542,1,9,,-1,3,0.0,0,50.0,0,1,0,1,0,1018,,1,black
1017,ogerpon,9,,543,5,12,,-1,5,0.0,0,50.0,0,1,0,1,0,1019,,5,green
1018,archaludon,9,884.0,465,9,6,,4,10,50.0,0,30.0,0,2,0,0,0,1020,,9,white
1019,hydrapple,9,1011.0,442,5,11,,4,10,50.0,0,20.0,0,5,0,0,0,1021,,5,green
1020,gouging-fire,9,,544,3,8,,-1,10,0.0,0,50.0,0,1,0,0,0,1022,,3,brown
1021,raging-bolt,9,,545,10,8,,-1,10,0.0,0,50.0,0,1,0,0,0,1023,,10,yellow
1022,iron-boulder,9,,547,4,8,,-1,10,0.0,0,50.0,0,1,0,0,0,1024,,4,gray
1023,iron-crown,9,,546,2,8,,-1,10,0.0,0,50.0,0,1,0,0,0,1025,,2,blue
1024,terapagos,9,,548,2,8,,-1,255,50.0,0,5.0,0,1,0,1,0,1026,,2,blue
1025,pecharunt,9,,549,7,1,,-1,3,0.0,0,20.0,0,1,0,0,1,1027,,7,purple
